info: ::1 - - [05/Jul/2022:02:37:38 +0000] "GET /api-docs/ HTTP/1.1" 304 - "-" "Mozilla/5.0 (Windows NT 10.0; Win64; x64) AppleWebKit/537.36 (KHTML, like Gecko) Chrome/103.0.0.0 Safari/537.36"

info: ::1 - - [05/Jul/2022:02:37:38 +0000] "GET /api-docs/swagger-ui-bundle.js HTTP/1.1" 304 - "-" "Mozilla/5.0 (Windows NT 10.0; Win64; x64) AppleWebKit/537.36 (KHTML, like Gecko) Chrome/103.0.0.0 Safari/537.36"

info: ::1 - - [05/Jul/2022:02:37:38 +0000] "GET /api-docs/swagger-ui-standalone-preset.js HTTP/1.1" 304 - "-" "Mozilla/5.0 (Windows NT 10.0; Win64; x64) AppleWebKit/537.36 (KHTML, like Gecko) Chrome/103.0.0.0 Safari/537.36"

info: ::1 - - [05/Jul/2022:02:37:38 +0000] "GET /api-docs/swagger-ui-init.js HTTP/1.1" 304 - "-" "Mozilla/5.0 (Windows NT 10.0; Win64; x64) AppleWebKit/537.36 (KHTML, like Gecko) Chrome/103.0.0.0 Safari/537.36"

info: ::1 - - [05/Jul/2022:02:37:38 +0000] "GET /api-docs/swagger-ui-init.js HTTP/1.1" 304 - "-" "Mozilla/5.0 (Windows NT 10.0; Win64; x64) AppleWebKit/537.36 (KHTML, like Gecko) Chrome/103.0.0.0 Safari/537.36"

info: ::1 - - [05/Jul/2022:02:37:38 +0000] "GET /api-docs/swagger-ui-bundle.js HTTP/1.1" 304 - "-" "Mozilla/5.0 (Windows NT 10.0; Win64; x64) AppleWebKit/537.36 (KHTML, like Gecko) Chrome/103.0.0.0 Safari/537.36"

info: ::1 - - [05/Jul/2022:02:37:38 +0000] "GET /api-docs/swagger-ui-standalone-preset.js HTTP/1.1" 304 - "-" "Mozilla/5.0 (Windows NT 10.0; Win64; x64) AppleWebKit/537.36 (KHTML, like Gecko) Chrome/103.0.0.0 Safari/537.36"

info: ::1 - - [05/Jul/2022:02:37:38 +0000] "GET /api-docs/swagger-ui.css HTTP/1.1" 304 - "-" "Mozilla/5.0 (Windows NT 10.0; Win64; x64) AppleWebKit/537.36 (KHTML, like Gecko) Chrome/103.0.0.0 Safari/537.36"

info: ::1 - - [05/Jul/2022:02:37:38 +0000] "GET /api-docs/swagger-ui.css HTTP/1.1" 304 - "-" "Mozilla/5.0 (Windows NT 10.0; Win64; x64) AppleWebKit/537.36 (KHTML, like Gecko) Chrome/103.0.0.0 Safari/537.36"

info: ::1 - - [05/Jul/2022:09:29:06 +0000] "POST /api/v1/users/forgetPassword HTTP/1.1" 500 57 "-" "PostmanRuntime/7.29.0"

info: ::1 - - [05/Jul/2022:09:30:36 +0000] "POST /api/v1/users/forgetPassword HTTP/1.1" 500 54 "-" "PostmanRuntime/7.29.0"

info: ::1 - - [05/Jul/2022:09:42:02 +0000] "POST /api/v1/users/forgetPassword HTTP/1.1" 500 57 "-" "PostmanRuntime/7.29.0"

info: ::1 - - [05/Jul/2022:09:43:23 +0000] "POST /api/v1/users/forgetPassword HTTP/1.1" 500 57 "-" "PostmanRuntime/7.29.0"

info: ::1 - - [05/Jul/2022:09:46:51 +0000] "POST /api/v1/users/forgetPassword HTTP/1.1" 500 54 "-" "PostmanRuntime/7.29.0"

info: ::1 - - [05/Jul/2022:09:47:08 +0000] "POST /api/v1/users/forgetPassword HTTP/1.1" 200 37 "-" "PostmanRuntime/7.29.0"

info: ::1 - - [05/Jul/2022:09:50:23 +0000] "POST /api/v1/users/forgetPassword HTTP/1.1" 200 48 "-" "PostmanRuntime/7.29.0"

info: ::1 - - [05/Jul/2022:09:53:48 +0000] "POST /api/v1/users/signUp HTTP/1.1" 201 321 "-" "PostmanRuntime/7.29.0"

info: ::1 - - [05/Jul/2022:09:54:58 +0000] "POST /api/v1/users/forgetPassword HTTP/1.1" 200 48 "-" "PostmanRuntime/7.29.0"

info: ::1 - - [05/Jul/2022:14:04:07 +0000] "POST /api/v1/users/login HTTP/1.1" 200 291 "-" "PostmanRuntime/7.29.0"

info: ::1 - - [05/Jul/2022:14:04:43 +0000] "GET /api/v1/userNotes HTTP/1.1" 200 941 "-" "PostmanRuntime/7.29.0"

info: ::1 - - [05/Jul/2022:14:05:12 +0000] "GET /api/v1/userNotes/62be642e0589740f0cfe05b6 HTTP/1.1" 200 308 "-" "PostmanRuntime/7.29.0"

info: ::1 - - [05/Jul/2022:14:06:51 +0000] "PUT /api/v1/userNotes/62be642e0589740f0cfe05b6 HTTP/1.1" 202 308 "-" "PostmanRuntime/7.29.0"

info: ::1 - - [05/Jul/2022:14:09:41 +0000] "PUT /api/v1/userNotes/62be642e0589740f0cfe05b6 HTTP/1.1" 202 308 "-" "PostmanRuntime/7.29.0"

info: ::1 - - [05/Jul/2022:14:10:09 +0000] "PUT /api/v1/userNotes/62be642e0589740f0cfe05b6 HTTP/1.1" 202 308 "-" "PostmanRuntime/7.29.0"

info: ::1 - - [05/Jul/2022:14:12:05 +0000] "POST /api/v1/users/forgetPassword HTTP/1.1" 200 48 "-" "PostmanRuntime/7.29.0"

info: ::1 - - [05/Jul/2022:14:20:20 +0000] "GET /api/v1/ HTTP/1.1" 304 - "-" "Mozilla/5.0 (Windows NT 10.0; Win64; x64) AppleWebKit/537.36 (KHTML, like Gecko) Chrome/103.0.0.0 Safari/537.36"

info: ::1 - - [05/Jul/2022:14:20:20 +0000] "GET /favicon.ico HTTP/1.1" 404 47 "-" "Mozilla/5.0 (Windows NT 10.0; Win64; x64) AppleWebKit/537.36 (KHTML, like Gecko) Chrome/103.0.0.0 Safari/537.36"

info: ::1 - - [05/Jul/2022:14:20:43 +0000] "GET /api/v1/eyJhbGciOiJIUzI1NiIsInR5cCI6IkpXVCJ9.eyJJZCI6IjYyYmM3OTlmYTFhNjhmNDc5ODVkOWVjNiIsImZpcnN0TmFtZSI6IkFycGFuIiwibGFzdE5hbWUiOiJTdWppIiwiZW1haWwiOiJhcnBhbkBnbWFpbC5jb20iLCJpYXQiOjE2NTcwMjk4NDd9.KTZpZMp5FUmqLwbpKKNS8c_6kLcWzdePhiGPsKequus HTTP/1.1" 404 47 "-" "Mozilla/5.0 (Windows NT 10.0; Win64; x64) AppleWebKit/537.36 (KHTML, like Gecko) Chrome/103.0.0.0 Safari/537.36"

info: ::1 - - [05/Jul/2022:14:31:44 +0000] "POST /api/v1/users/forgetPassword HTTP/1.1" 200 48 "-" "PostmanRuntime/7.29.0"

info: ::1 - - [05/Jul/2022:14:35:40 +0000] "POST /api/v1/users/forgetPassword HTTP/1.1" 200 48 "-" "PostmanRuntime/7.29.0"

info: ::1 - - [05/Jul/2022:14:40:24 +0000] "POST /api/v1/users/forgetPassword HTTP/1.1" 200 48 "-" "PostmanRuntime/7.29.0"

info: ::1 - - [05/Jul/2022:14:42:08 +0000] "POST /api/v1/users HTTP/1.1" 404 47 "-" "PostmanRuntime/7.29.0"

info: ::1 - - [05/Jul/2022:14:42:20 +0000] "POST /api/v1/users/signUp HTTP/1.1" 201 326 "-" "PostmanRuntime/7.29.0"

info: ::1 - - [05/Jul/2022:14:44:06 +0000] "POST /api/v1/users/forgetPassword HTTP/1.1" 200 48 "-" "PostmanRuntime/7.29.0"

info: ::1 - - [05/Jul/2022:14:45:37 +0000] "POST /api/v1/users/forgetPassword HTTP/1.1" 200 48 "-" "PostmanRuntime/7.29.0"

info: ::1 - - [05/Jul/2022:14:47:03 +0000] "POST /api/v1/users/forgetPassword HTTP/1.1" 200 48 "-" "PostmanRuntime/7.29.0"

info: ::1 - - [05/Jul/2022:15:00:42 +0000] "POST /api/v1/users/forgetPassword HTTP/1.1" 200 48 "-" "PostmanRuntime/7.29.0"

info: ::1 - - [05/Jul/2022:15:01:23 +0000] "POST /api/v1/users/forgetPassword HTTP/1.1" 200 48 "-" "PostmanRuntime/7.29.0"

info: ::1 - - [05/Jul/2022:15:01:57 +0000] "POST /api/v1/users/forgetPassword HTTP/1.1" 200 48 "-" "PostmanRuntime/7.29.0"

info: ::1 - - [05/Jul/2022:15:04:49 +0000] "POST /api/v1/users/forgetPassword HTTP/1.1" 200 48 "-" "PostmanRuntime/7.29.0"

info: ::1 - - [05/Jul/2022:15:05:43 +0000] "POST /api/v1/users/forgetPassword HTTP/1.1" 200 48 "-" "PostmanRuntime/7.29.0"

info: ::1 - - [05/Jul/2022:15:09:12 +0000] "POST /api/v1/users/forgetPassword HTTP/1.1" 200 48 "-" "PostmanRuntime/7.29.0"

info: ::1 - - [05/Jul/2022:15:13:51 +0000] "POST /api/v1/users/forgetPassword HTTP/1.1" 404 40 "-" "PostmanRuntime/7.29.0"

info: ::1 - - [05/Jul/2022:15:14:08 +0000] "GET /api/v1/users HTTP/1.1" 200 1375 "-" "PostmanRuntime/7.29.0"

info: ::1 - - [05/Jul/2022:15:14:57 +0000] "POST /api/v1/users/forgetPassword HTTP/1.1" 404 40 "-" "PostmanRuntime/7.29.0"

info: ::1 - - [05/Jul/2022:15:17:52 +0000] "POST /api/v1/users/forgetPassword HTTP/1.1" 404 40 "-" "PostmanRuntime/7.29.0"

info: ::1 - - [05/Jul/2022:15:20:23 +0000] "POST /api/v1/users/forgetPassword HTTP/1.1" 404 40 "-" "PostmanRuntime/7.29.0"

info: ::1 - - [05/Jul/2022:15:20:59 +0000] "GET /api/v1/users HTTP/1.1" 200 1375 "-" "PostmanRuntime/7.29.0"

info: ::1 - - [05/Jul/2022:15:25:22 +0000] "POST /api/v1/users/forgetPassword HTTP/1.1" 404 40 "-" "PostmanRuntime/7.29.0"

info: ::1 - - [05/Jul/2022:15:31:04 +0000] "POST /api/v1/users/forgetPassword HTTP/1.1" 404 40 "-" "PostmanRuntime/7.29.0"

info: ::1 - - [05/Jul/2022:15:31:50 +0000] "POST /api/v1/users/forgetPassword HTTP/1.1" 404 40 "-" "PostmanRuntime/7.29.0"

info: ::1 - - [05/Jul/2022:15:33:14 +0000] "POST /api/v1/users/forgetPassword HTTP/1.1" 404 40 "-" "PostmanRuntime/7.29.0"

info: ::1 - - [05/Jul/2022:15:35:16 +0000] "POST /api/v1/users/forgetPassword HTTP/1.1" 200 48 "-" "PostmanRuntime/7.29.0"

info: ::1 - - [05/Jul/2022:15:35:47 +0000] "POST /api/v1/users/forgetPassword HTTP/1.1" 200 48 "-" "PostmanRuntime/7.29.0"

info: ::1 - - [05/Jul/2022:15:42:19 +0000] "POST /api/v1/users/forgetPassword HTTP/1.1" 200 48 "-" "PostmanRuntime/7.29.0"

info: ::1 - - [05/Jul/2022:16:31:42 +0000] "POST /api/v1/users/forgetPassword HTTP/1.1" 200 48 "-" "PostmanRuntime/7.29.0"

info: ::1 - - [05/Jul/2022:16:39:13 +0000] "POST /api/v1/users/forgetPassword HTTP/1.1" 200 48 "-" "PostmanRuntime/7.29.0"

info: ::1 - - [05/Jul/2022:16:43:27 +0000] "POST /api/v1/users/forgetPassword HTTP/1.1" 200 48 "-" "PostmanRuntime/7.29.0"

info: ::1 - - [05/Jul/2022:16:43:32 +0000] "POST /api/v1/users/forgetPassword HTTP/1.1" 200 48 "-" "PostmanRuntime/7.29.0"

info: ::1 - - [05/Jul/2022:16:43:34 +0000] "POST /api/v1/users/forgetPassword HTTP/1.1" 200 48 "-" "PostmanRuntime/7.29.0"

info: ::1 - - [05/Jul/2022:16:44:13 +0000] "POST /api/v1/users/forgetPassword HTTP/1.1" 200 48 "-" "PostmanRuntime/7.29.0"

info: ::1 - - [05/Jul/2022:16:45:36 +0000] "POST /api/v1/users/login HTTP/1.1" 200 298 "-" "PostmanRuntime/7.29.0"

info: ::1 - - [05/Jul/2022:16:46:08 +0000] "POST /api/v1/users/forgetPassword HTTP/1.1" 200 48 "-" "PostmanRuntime/7.29.0"

info: ::1 - - [05/Jul/2022:16:50:03 +0000] "POST /api/v1/users/forgetPassword HTTP/1.1" 200 48 "-" "PostmanRuntime/7.29.0"

info: ::1 - - [05/Jul/2022:16:52:31 +0000] "POST /api/v1/users/forgetPassword HTTP/1.1" 202 48 "-" "PostmanRuntime/7.29.0"

info: ::1 - - [05/Jul/2022:16:53:58 +0000] "POST /api/v1/users/forgetPassword HTTP/1.1" 200 48 "-" "PostmanRuntime/7.29.0"

info: ::1 - - [05/Jul/2022:16:55:07 +0000] "POST /api/v1/users/forgetPassword HTTP/1.1" 200 48 "-" "PostmanRuntime/7.29.0"

info: ::1 - - [05/Jul/2022:17:49:37 +0000] "POST /api/v1/users/forgetPassword HTTP/1.1" 200 48 "-" "PostmanRuntime/7.29.0"

info: ::1 - - [05/Jul/2022:17:52:33 +0000] "GET /eyJhbGciOiJIUzI1NiIsInR5cCI6IkpXVCJ9.eyJlbWFpbCI6ImFycGFuYXAxMDJAZ21haWwuY29tIiwiX2lkIjoiNjJjNDBhMmM4ZWUwNDQyMmI0MjJhMTg2IiwiaWF0IjoxNjU3MDQzMzc3fQ.I3SmmQ72Gi4RtwjZ-pQkV2FLgYHKvGb5k0Mw0kQmsgM HTTP/1.1" 404 47 "-" "Mozilla/5.0 (Windows NT 10.0; Win64; x64) AppleWebKit/537.36 (KHTML, like Gecko) Chrome/103.0.0.0 Safari/537.36"

info: ::1 - - [05/Jul/2022:17:53:10 +0000] "POST /api/v1/users/forgetPassword HTTP/1.1" 200 48 "-" "PostmanRuntime/7.29.0"

info: ::1 - - [05/Jul/2022:18:01:17 +0000] "POST /api/v1/users/signUp HTTP/1.1" 201 324 "-" "PostmanRuntime/7.29.0"

info: ::1 - - [05/Jul/2022:18:02:04 +0000] "POST /api/v1/users/forgetPassword HTTP/1.1" 200 48 "-" "PostmanRuntime/7.29.0"

info: ::1 - - [05/Jul/2022:18:13:48 +0000] "POST /api/v1/users/forgetPassword HTTP/1.1" 200 48 "-" "PostmanRuntime/7.29.0"

info: ::1 - - [05/Jul/2022:18:29:59 +0000] "POST /api/v1/users/forgetPassword HTTP/1.1" 200 48 "-" "PostmanRuntime/7.29.0"

