info: ::1 - - [29/Jun/2022:03:00:12 +0000] "POST /api/v1/userNotes/addNote HTTP/1.1" 400 43 "-" "PostmanRuntime/7.29.0"

info: ::1 - - [29/Jun/2022:03:02:13 +0000] "POST /api/v1/users/login HTTP/1.1" 400 54 "-" "PostmanRuntime/7.29.0"

info: ::1 - - [29/Jun/2022:03:03:25 +0000] "POST /api/v1/users/login HTTP/1.1" 400 54 "-" "PostmanRuntime/7.29.0"

info: ::1 - - [29/Jun/2022:03:03:53 +0000] "POST /api/v1/users/login HTTP/1.1" 400 54 "-" "PostmanRuntime/7.29.0"

info: ::1 - - [29/Jun/2022:03:04:23 +0000] "POST /api/v1/users/login HTTP/1.1" 400 54 "-" "PostmanRuntime/7.29.0"

info: ::1 - - [29/Jun/2022:03:06:23 +0000] "POST /api/v1/users/signUp HTTP/1.1" 201 316 "-" "PostmanRuntime/7.29.0"

info: ::1 - - [29/Jun/2022:03:06:41 +0000] "POST /api/v1/users/login HTTP/1.1" 200 291 "-" "PostmanRuntime/7.29.0"

info: ::1 - - [29/Jun/2022:03:08:39 +0000] "POST /api/v1/userNotes/addNote HTTP/1.1" 201 60 "-" "PostmanRuntime/7.29.0"

info: ::1 - - [29/Jun/2022:03:09:30 +0000] "POST /api/v1/userNotes/addNote HTTP/1.1" 201 60 "-" "PostmanRuntime/7.29.0"

info: ::1 - - [29/Jun/2022:03:10:24 +0000] "POST /api/v1/userNotes/addNote HTTP/1.1" 201 60 "-" "PostmanRuntime/7.29.0"

info: ::1 - - [29/Jun/2022:03:10:56 +0000] "POST /api/v1/userNotes/addNote HTTP/1.1" 201 60 "-" "PostmanRuntime/7.29.0"

info: ::1 - - [29/Jun/2022:03:16:24 +0000] "POST /api/v1/userNotes/addNote HTTP/1.1" 201 60 "-" "PostmanRuntime/7.29.0"

info: ::1 - - [29/Jun/2022:03:17:51 +0000] "POST /api/v1/userNotes/addNote HTTP/1.1" 201 60 "-" "PostmanRuntime/7.29.0"

info: ::1 - - [29/Jun/2022:03:23:01 +0000] "POST /api/v1/userNotes/addNote HTTP/1.1" 201 60 "-" "PostmanRuntime/7.29.0"

info: ::1 - - [29/Jun/2022:03:27:05 +0000] "POST /api/v1/users/signUp HTTP/1.1" 201 316 "-" "PostmanRuntime/7.29.0"

info: ::1 - - [29/Jun/2022:03:27:28 +0000] "POST /api/v1/users/login HTTP/1.1" 200 291 "-" "PostmanRuntime/7.29.0"

info: ::1 - - [29/Jun/2022:03:30:14 +0000] "POST /api/v1/userNotes/addNote HTTP/1.1" 201 60 "-" "PostmanRuntime/7.29.0"

info: ::1 - - [29/Jun/2022:03:44:02 +0000] "POST /api/v1/userNotes/addNote HTTP/1.1" 201 248 "-" "PostmanRuntime/7.29.0"

info: ::1 - - [29/Jun/2022:03:47:50 +0000] "GET /api/v1/userNotes/addNote HTTP/1.1" 200 61 "-" "PostmanRuntime/7.29.0"

info: ::1 - - [29/Jun/2022:03:48:46 +0000] "GET /api/v1/userNotes HTTP/1.1" 200 446 "-" "PostmanRuntime/7.29.0"

info: ::1 - - [29/Jun/2022:03:49:53 +0000] "POST /api/v1/userNotes/addNote HTTP/1.1" 201 240 "-" "PostmanRuntime/7.29.0"

info: ::1 - - [29/Jun/2022:03:50:06 +0000] "GET /api/v1/userNotes HTTP/1.1" 200 629 "-" "PostmanRuntime/7.29.0"

info: ::1 - - [29/Jun/2022:03:50:22 +0000] "GET /api/v1/userNotes/62bbcbe135ac8d341c334fae HTTP/1.1" 200 241 "-" "PostmanRuntime/7.29.0"

info: ::1 - - [29/Jun/2022:04:18:46 +0000] "GET /api/v1/userNotes/62bbcbe135ac8d341c334fae HTTP/1.1" 200 241 "-" "PostmanRuntime/7.29.0"

info: ::1 - - [29/Jun/2022:04:19:33 +0000] "PUT /api/v1/userNotes/62bbcbe135ac8d341c334fae HTTP/1.1" 500 54 "-" "PostmanRuntime/7.29.0"

info: ::1 - - [29/Jun/2022:04:20:38 +0000] "POST /api/v1/users/login HTTP/1.1" 200 291 "-" "PostmanRuntime/7.29.0"

info: ::1 - - [29/Jun/2022:04:21:34 +0000] "GET /api/v1/userNotes HTTP/1.1" 200 629 "-" "PostmanRuntime/7.29.0"

info: ::1 - - [29/Jun/2022:04:21:55 +0000] "GET /api/v1/userNotes/62bbc746c7b2f324a498982d HTTP/1.1" 200 249 "-" "PostmanRuntime/7.29.0"

info: ::1 - - [29/Jun/2022:04:23:00 +0000] "PUT /api/v1/userNotes/62bbc746c7b2f324a498982d HTTP/1.1" 500 54 "-" "PostmanRuntime/7.29.0"

info: ::1 - - [29/Jun/2022:04:27:53 +0000] "PUT /api/v1/userNotes/62bbc746c7b2f324a498982d HTTP/1.1" 500 54 "-" "PostmanRuntime/7.29.0"

info: ::1 - - [29/Jun/2022:04:33:04 +0000] "DELETE /api/v1/userNotes/62bbc746c7b2f324a498982d HTTP/1.1" 500 54 "-" "PostmanRuntime/7.29.0"

info: ::1 - - [29/Jun/2022:04:35:01 +0000] "GET /api/v1/userNotes HTTP/1.1" 200 629 "-" "PostmanRuntime/7.29.0"

info: ::1 - - [29/Jun/2022:04:35:46 +0000] "PUT /api/v1/userNotes/62bbc746c7b2f324a498982d HTTP/1.1" 202 242 "-" "PostmanRuntime/7.29.0"

info: ::1 - - [29/Jun/2022:04:36:03 +0000] "GET /api/v1/userNotes HTTP/1.1" 200 622 "-" "PostmanRuntime/7.29.0"

info: ::1 - - [29/Jun/2022:04:36:22 +0000] "DELETE /api/v1/userNotes/62bbcbe135ac8d341c334fae HTTP/1.1" 200 61 "-" "PostmanRuntime/7.29.0"

info: ::1 - - [29/Jun/2022:16:11:11 +0000] "POST /api/v1/users/signUp HTTP/1.1" 201 316 "-" "PostmanRuntime/7.29.0"

info: ::1 - - [29/Jun/2022:16:11:51 +0000] "POST /api/v1/users/login HTTP/1.1" 200 291 "-" "PostmanRuntime/7.29.0"

info: ::1 - - [29/Jun/2022:16:14:35 +0000] "POST /api/v1/userNotes/addNote HTTP/1.1" 400 63 "-" "PostmanRuntime/7.29.0"

info: ::1 - - [29/Jun/2022:16:15:26 +0000] "POST /api/v1/userNotes/addNote HTTP/1.1" 201 264 "-" "PostmanRuntime/7.29.0"

info: ::1 - - [29/Jun/2022:16:15:59 +0000] "GET /api/v1/userNotes HTTP/1.1" 200 829 "-" "PostmanRuntime/7.29.0"

info: ::1 - - [29/Jun/2022:16:17:18 +0000] "PUT /api/v1/userNotes/62bbc746c7b2f324a498982d HTTP/1.1" 202 265 "-" "PostmanRuntime/7.29.0"

info: ::1 - - [29/Jun/2022:16:17:38 +0000] "GET /api/v1/userNotes HTTP/1.1" 200 852 "-" "PostmanRuntime/7.29.0"

info: ::1 - - [29/Jun/2022:16:18:04 +0000] "DELETE /api/v1/userNotes/62bbca824c449d0f585d3d38 HTTP/1.1" 200 61 "-" "PostmanRuntime/7.29.0"

info: ::1 - - [29/Jun/2022:16:18:16 +0000] "GET /api/v1/userNotes HTTP/1.1" 200 852 "-" "PostmanRuntime/7.29.0"

info: ::1 - - [29/Jun/2022:16:18:50 +0000] "DELETE /api/v1/userNotes/62bbca824c449d0f585d3d38 HTTP/1.1" 200 61 "-" "PostmanRuntime/7.29.0"

info: ::1 - - [29/Jun/2022:16:19:06 +0000] "GET /api/v1/userNotes HTTP/1.1" 200 852 "-" "PostmanRuntime/7.29.0"

