info: ::1 - - [28/Jun/2022:02:49:08 +0000] "POST /api/v1/users/login HTTP/1.1" 200 291 "-" "PostmanRuntime/7.29.0"

info: ::1 - - [28/Jun/2022:13:06:14 +0000] "POST /api/v1/addNote HTTP/1.1" 404 47 "-" "PostmanRuntime/7.29.0"

info: ::1 - - [28/Jun/2022:13:18:52 +0000] "POST /api/v1/users/addNote HTTP/1.1" 404 47 "-" "PostmanRuntime/7.29.0"

info: ::1 - - [28/Jun/2022:13:28:55 +0000] "POST /api/v1/users/addNote HTTP/1.1" 404 47 "-" "PostmanRuntime/7.29.0"

info: ::1 - - [28/Jun/2022:13:29:05 +0000] "POST /api/v1/addNote HTTP/1.1" 404 47 "-" "PostmanRuntime/7.29.0"

info: ::1 - - [28/Jun/2022:13:30:34 +0000] "POST /api/v1/users/addNote HTTP/1.1" 404 47 "-" "PostmanRuntime/7.29.0"

info: ::1 - - [28/Jun/2022:13:31:40 +0000] "POST /api/v1/users/addNote HTTP/1.1" 404 47 "-" "PostmanRuntime/7.29.0"

info: ::1 - - [28/Jun/2022:13:48:24 +0000] "POST /api/v1/users/addNote HTTP/1.1" 404 47 "-" "PostmanRuntime/7.29.0"

info: ::1 - - [28/Jun/2022:13:49:26 +0000] "POST /api/v1/users/addNote HTTP/1.1" 404 47 "-" "PostmanRuntime/7.29.0"

info: ::1 - - [28/Jun/2022:13:53:22 +0000] "POST /api/v1/users/addNote HTTP/1.1" 404 47 "-" "PostmanRuntime/7.29.0"

info: ::1 - - [28/Jun/2022:13:56:46 +0000] "POST /api/v1/userNotes/addNote HTTP/1.1" 500 60 "-" "PostmanRuntime/7.29.0"

info: ::1 - - [28/Jun/2022:13:58:34 +0000] "POST /api/v1/userNotes/addNote HTTP/1.1" 500 54 "-" "PostmanRuntime/7.29.0"

info: ::1 - - [28/Jun/2022:14:25:43 +0000] "POST /api/v1/userNotes/addNote HTTP/1.1" 500 60 "-" "PostmanRuntime/7.29.0"

info: ::1 - - [28/Jun/2022:14:27:26 +0000] "POST /api/v1/userNotes/addNote HTTP/1.1" 500 54 "-" "PostmanRuntime/7.29.0"

info: ::1 - - [28/Jun/2022:14:28:59 +0000] "POST /api/v1/userNotes/addNote HTTP/1.1" 500 54 "-" "PostmanRuntime/7.29.0"

info: ::1 - - [28/Jun/2022:14:31:21 +0000] "POST /api/v1/userNotes/addNote HTTP/1.1" 500 54 "-" "PostmanRuntime/7.29.0"

info: ::1 - - [28/Jun/2022:15:03:30 +0000] "POST /api/v1/userNotes/addNote HTTP/1.1" 500 54 "-" "PostmanRuntime/7.29.0"

info: ::1 - - [28/Jun/2022:15:04:31 +0000] "POST /api/v1/userNotes/addNote HTTP/1.1" 500 54 "-" "PostmanRuntime/7.29.0"

info: ::1 - - [28/Jun/2022:15:04:34 +0000] "POST /api/v1/userNotes/addNote HTTP/1.1" 500 54 "-" "PostmanRuntime/7.29.0"

info: ::1 - - [28/Jun/2022:15:04:38 +0000] "POST /api/v1/userNotes/addNote HTTP/1.1" 500 54 "-" "PostmanRuntime/7.29.0"

info: ::1 - - [28/Jun/2022:15:05:51 +0000] "POST /api/v1/userNotes/addNote HTTP/1.1" 400 63 "-" "PostmanRuntime/7.29.0"

info: ::1 - - [28/Jun/2022:15:06:48 +0000] "POST /api/v1/userNotes/addNote HTTP/1.1" 201 60 "-" "PostmanRuntime/7.29.0"

info: ::1 - - [28/Jun/2022:16:39:05 +0000] "POST /api/v1/userNotes/addNote HTTP/1.1" 201 60 "-" "PostmanRuntime/7.29.0"

info: ::1 - - [28/Jun/2022:16:42:37 +0000] "POST /api/v1/userNotes/addNote HTTP/1.1" 201 60 "-" "PostmanRuntime/7.29.0"

info: ::1 - - [28/Jun/2022:17:06:43 +0000] "GET /api/v1/userNotes HTTP/1.1" 200 65 "-" "PostmanRuntime/7.29.0"

info: ::1 - - [28/Jun/2022:17:11:34 +0000] "POST /api/v1/userNotes/addNote HTTP/1.1" 201 60 "-" "PostmanRuntime/7.29.0"

