info: ::1 - - [01/Jul/2022:02:27:37 +0000] "POST /api/v1/users/login HTTP/1.1" 400 54 "-" "PostmanRuntime/7.29.0"

info: ::1 - - [01/Jul/2022:02:27:48 +0000] "POST /api/v1/users/login HTTP/1.1" 200 291 "-" "PostmanRuntime/7.29.0"

info: ::1 - - [01/Jul/2022:02:28:32 +0000] "GET /api/v1/userNotes HTTP/1.1" 200 281 "-" "PostmanRuntime/7.29.0"

info: ::1 - - [01/Jul/2022:02:31:03 +0000] "POST /api/v1/userNotes HTTP/1.1" 201 282 "-" "PostmanRuntime/7.29.0"

info: ::1 - - [01/Jul/2022:02:31:10 +0000] "GET /api/v1/userNotes HTTP/1.1" 200 506 "-" "PostmanRuntime/7.29.0"

info: ::1 - - [01/Jul/2022:02:31:53 +0000] "GET /api/v1/userNotes/62bd849c9fc7b80054328db8/isArchive HTTP/1.1" 404 47 "-" "PostmanRuntime/7.29.0"

info: ::1 - - [01/Jul/2022:02:32:38 +0000] "PUT /api/v1/userNotes/62bd849c9fc7b80054328db8/isArchive HTTP/1.1" 500 89 "-" "PostmanRuntime/7.29.0"

info: ::1 - - [01/Jul/2022:02:48:08 +0000] "PUT /api/v1/userNotes/62bd849c9fc7b80054328db8/isArchive HTTP/1.1" 500 158 "-" "PostmanRuntime/7.29.0"

info: ::1 - - [01/Jul/2022:02:50:52 +0000] "PUT /api/v1/userNotes/62bd849c9fc7b80054328db8/isArchive HTTP/1.1" 500 158 "-" "PostmanRuntime/7.29.0"

info: ::1 - - [01/Jul/2022:02:57:01 +0000] "PUT /api/v1/userNotes/62bd849c9fc7b80054328db8/isArchive HTTP/1.1" 500 57 "-" "PostmanRuntime/7.29.0"

info: ::1 - - [01/Jul/2022:02:57:33 +0000] "PUT /api/v1/userNotes/62bd849c9fc7b80054328db8/isArchive HTTP/1.1" 500 57 "-" "PostmanRuntime/7.29.0"

info: ::1 - - [01/Jul/2022:02:58:14 +0000] "PUT /api/v1/userNotes/62bd849c9fc7b80054328db8/isArchive HTTP/1.1" 500 54 "-" "PostmanRuntime/7.29.0"

info: ::1 - - [01/Jul/2022:02:59:18 +0000] "PUT /api/v1/userNotes/62bd849c9fc7b80054328db8/isArchive HTTP/1.1" 500 54 "-" "PostmanRuntime/7.29.0"

info: ::1 - - [01/Jul/2022:03:00:31 +0000] "PUT /api/v1/userNotes/62bd849c9fc7b80054328db8/isArchive HTTP/1.1" 202 94 "-" "PostmanRuntime/7.29.0"

info: ::1 - - [01/Jul/2022:03:04:14 +0000] "POST /api/v1/userNotes HTTP/1.1" 201 272 "-" "PostmanRuntime/7.29.0"

info: ::1 - - [01/Jul/2022:03:04:48 +0000] "PUT /api/v1/userNotes/62be642e0589740f0cfe05b6/isArchive HTTP/1.1" 202 94 "-" "PostmanRuntime/7.29.0"

info: ::1 - - [01/Jul/2022:03:05:37 +0000] "PUT /api/v1/userNotes/62be642e0589740f0cfe05b6/isArchive HTTP/1.1" 202 292 "-" "PostmanRuntime/7.29.0"

info: ::1 - - [01/Jul/2022:03:07:01 +0000] "PUT /api/v1/userNotes/62be642e0589740f0cfe05b6/isDeleted HTTP/1.1" 404 47 "-" "PostmanRuntime/7.29.0"

info: ::1 - - [01/Jul/2022:03:07:09 +0000] "PUT /api/v1/userNotes/62be642e0589740f0cfe05b6/isDelete HTTP/1.1" 404 47 "-" "PostmanRuntime/7.29.0"

info: ::1 - - [01/Jul/2022:03:07:48 +0000] "PUT /api/v1/userNotes/62be642e0589740f0cfe05b6/isDelete HTTP/1.1" 404 47 "-" "PostmanRuntime/7.29.0"

info: ::1 - - [01/Jul/2022:05:24:20 +0000] "PUT /api/v1/userNotes/62be642e0589740f0cfe05b6/isDelete HTTP/1.1" 404 47 "-" "PostmanRuntime/7.29.0"

info: ::1 - - [01/Jul/2022:05:24:44 +0000] "DELETE /api/v1/userNotes/62be642e0589740f0cfe05b6/isDelete HTTP/1.1" 500 83 "-" "PostmanRuntime/7.29.0"

info: ::1 - - [01/Jul/2022:05:25:27 +0000] "DELETE /api/v1/userNotes/62be642e0589740f0cfe05b6/isDelete HTTP/1.1" 500 53 "-" "PostmanRuntime/7.29.0"

info: ::1 - - [01/Jul/2022:05:28:25 +0000] "DELETE /api/v1/userNotes/62be642e0589740f0cfe05b6/isDelete HTTP/1.1" 404 47 "-" "PostmanRuntime/7.29.0"

info: ::1 - - [01/Jul/2022:05:28:32 +0000] "PUT /api/v1/userNotes/62be642e0589740f0cfe05b6/isDelete HTTP/1.1" 500 53 "-" "PostmanRuntime/7.29.0"

info: ::1 - - [01/Jul/2022:05:29:17 +0000] "PUT /api/v1/userNotes/62be642e0589740f0cfe05b6/isDelete HTTP/1.1" 200 302 "-" "PostmanRuntime/7.29.0"

