info: ::1 - - [05/Jul/2022:18:35:44 +0000] "POST /api/v1/users/forgetPassword HTTP/1.1" 200 48 "-" "PostmanRuntime/7.29.0"

info: ::1 - - [05/Jul/2022:18:37:16 +0000] "POST /api/v1/users/forgetPassword HTTP/1.1" 200 48 "-" "PostmanRuntime/7.29.0"

info: ::1 - - [05/Jul/2022:18:37:51 +0000] "POST /api/v1/users/forgetPassword HTTP/1.1" 200 58 "-" "PostmanRuntime/7.29.0"

info: ::1 - - [05/Jul/2022:18:40:20 +0000] "POST /api/v1/users/forgetPassword HTTP/1.1" 404 40 "-" "PostmanRuntime/7.29.0"

info: ::1 - - [05/Jul/2022:18:40:44 +0000] "POST /api/v1/users/forgetPassword HTTP/1.1" 404 40 "-" "PostmanRuntime/7.29.0"

info: ::1 - - [05/Jul/2022:18:41:11 +0000] "POST /api/v1/users/forgetPassword HTTP/1.1" 200 48 "-" "PostmanRuntime/7.29.0"

info: ::1 - - [05/Jul/2022:18:42:25 +0000] "POST /api/v1/users/forgetPassword HTTP/1.1" 200 48 "-" "PostmanRuntime/7.29.0"

info: ::1 - - [06/Jul/2022:02:23:36 +0000] "POST /api/v1/users/forgetPassword HTTP/1.1" 200 48 "-" "PostmanRuntime/7.29.0"

info: ::1 - - [06/Jul/2022:02:38:46 +0000] "POST /api/v1/users/forgetPassword HTTP/1.1" 200 58 "-" "PostmanRuntime/7.29.0"

info: ::1 - - [06/Jul/2022:02:40:30 +0000] "POST /api/v1/users/forgetPassword HTTP/1.1" 200 58 "-" "PostmanRuntime/7.29.0"

info: ::1 - - [06/Jul/2022:02:41:49 +0000] "POST /api/v1/users/forgetPassword HTTP/1.1" 200 58 "-" "PostmanRuntime/7.29.0"

info: ::1 - - [06/Jul/2022:02:43:39 +0000] "POST /api/v1/users/forgetPassword HTTP/1.1" 200 58 "-" "PostmanRuntime/7.29.0"

info: ::1 - - [06/Jul/2022:02:53:01 +0000] "POST /api/v1/users/forgetPassword HTTP/1.1" 200 58 "-" "PostmanRuntime/7.29.0"

info: ::1 - - [06/Jul/2022:03:17:33 +0000] "POST /api/v1/users/forgetPassword HTTP/1.1" 200 58 "-" "PostmanRuntime/7.29.0"

info: ::1 - - [06/Jul/2022:03:24:03 +0000] "POST /api/v1/users/forgetPassword HTTP/1.1" 200 58 "-" "PostmanRuntime/7.29.0"

info: ::1 - - [06/Jul/2022:03:38:41 +0000] "POST /api/v1/users/forgetPassword HTTP/1.1" 200 58 "-" "PostmanRuntime/7.29.0"

info: ::1 - - [06/Jul/2022:03:40:29 +0000] "POST /api/v1/users/forgetPassword HTTP/1.1" 200 58 "-" "PostmanRuntime/7.29.0"

info: ::1 - - [06/Jul/2022:03:44:54 +0000] "POST /api/v1/users/forgetPassword HTTP/1.1" 200 58 "-" "PostmanRuntime/7.29.0"

info: ::1 - - [06/Jul/2022:03:55:52 +0000] "POST /api/v1/users/forgetPassword HTTP/1.1" 200 58 "-" "PostmanRuntime/7.29.0"

info: ::1 - - [06/Jul/2022:04:00:04 +0000] "POST /api/v1/users/forgetPassword HTTP/1.1" 200 58 "-" "PostmanRuntime/7.29.0"

info: ::1 - - [06/Jul/2022:04:08:39 +0000] "POST /api/v1/users/forgetPassword HTTP/1.1" 200 58 "-" "PostmanRuntime/7.29.0"

info: ::1 - - [06/Jul/2022:04:12:22 +0000] "POST /api/v1/users/forgetPassword HTTP/1.1" 200 58 "-" "PostmanRuntime/7.29.0"

info: ::1 - - [06/Jul/2022:04:17:16 +0000] "POST /api/v1/users/forgetPassword HTTP/1.1" 200 402 "-" "PostmanRuntime/7.29.0"

info: ::1 - - [06/Jul/2022:06:16:01 +0000] "POST /api/v1/users/forgetPassword HTTP/1.1" 200 58 "-" "PostmanRuntime/7.29.0"

info: ::1 - - [06/Jul/2022:06:18:35 +0000] "POST /api/v1/users/forgetPassword HTTP/1.1" 200 403 "-" "PostmanRuntime/7.29.0"

info: ::1 - - [06/Jul/2022:06:18:54 +0000] "GET /eyJhbGciOiJIUzI1NiIsInR5cCI6IkpXVCJ9.eyJlbWFpbCI6ImFycGFuZGFyamVlMjhAZ21haWwuY29tIiwiX2lkIjoiNjJjNDdjNmQzOGYwNWEzNDdjZjE5Nzc5IiwiaWF0IjoxNjU3MDg4MzA5fQ.OERPd3Kzlx9aGo_he6wGh5PT9WR-e6xUSiwplQpyLK4 HTTP/1.1" 404 47 "-" "Mozilla/5.0 (Windows NT 10.0; Win64; x64) AppleWebKit/537.36 (KHTML, like Gecko) Chrome/103.0.0.0 Safari/537.36"

info: ::1 - - [06/Jul/2022:06:18:54 +0000] "GET /favicon.ico HTTP/1.1" 404 47 "-" "Mozilla/5.0 (Windows NT 10.0; Win64; x64) AppleWebKit/537.36 (KHTML, like Gecko) Chrome/103.0.0.0 Safari/537.36"

info: ::1 - - [06/Jul/2022:06:19:10 +0000] "GET /eyJhbGciOiJIUzI1NiIsInR5cCI6IkpXVCJ9.eyJlbWFpbCI6ImFycGFuZGFyamVlMjhAZ21haWwuY29tIiwiX2lkIjoiNjJjNDdjNmQzOGYwNWEzNDdjZjE5Nzc5IiwiaWF0IjoxNjU3MDg4MzA5fQ.OERPd3Kzlx9aGo_he6wGh5PT9WR-e6xUSiwplQpyLK4 HTTP/1.1" 404 47 "-" "Mozilla/5.0 (Windows NT 10.0; Win64; x64) AppleWebKit/537.36 (KHTML, like Gecko) Chrome/103.0.0.0 Safari/537.36"

info: ::1 - - [06/Jul/2022:06:19:12 +0000] "GET /eyJhbGciOiJIUzI1NiIsInR5cCI6IkpXVCJ9.eyJlbWFpbCI6ImFycGFuZGFyamVlMjhAZ21haWwuY29tIiwiX2lkIjoiNjJjNDdjNmQzOGYwNWEzNDdjZjE5Nzc5IiwiaWF0IjoxNjU3MDg4MzA5fQ.OERPd3Kzlx9aGo_he6wGh5PT9WR-e6xUSiwplQpyLK4 HTTP/1.1" 404 47 "-" "Mozilla/5.0 (Windows NT 10.0; Win64; x64) AppleWebKit/537.36 (KHTML, like Gecko) Chrome/103.0.0.0 Safari/537.36"

info: ::1 - - [06/Jul/2022:06:22:47 +0000] "PUT /api/v1/users/resetpassword/eyJhbGciOiJIUzI1NiIsInR5cCI6IkpXVCJ9.eyJlbWFpbCI6ImFycGFuZGFyamVlMjhAZ21haWwuY29tIiwiX2lkIjoiNjJjNDdjNmQzOGYwNWEzNDdjZjE5Nzc5IiwiaWF0IjoxNjU3MDg4MzA5fQ.OERPd3Kzlx9aGo_he6wGh5PT9WR-e6xUSiwplQpyLK4 HTTP/1.1" 500 52 "-" "PostmanRuntime/7.29.0"

info: ::1 - - [06/Jul/2022:06:23:27 +0000] "PUT /api/v1/users/resetpassword/eyJhbGciOiJIUzI1NiIsInR5cCI6IkpXVCJ9.eyJlbWFpbCI6ImFycGFuZGFyamVlMjhAZ21haWwuY29tIiwiX2lkIjoiNjJjNDdjNmQzOGYwNWEzNDdjZjE5Nzc5IiwiaWF0IjoxNjU3MDg4MzA5fQ.OERPd3Kzlx9aGo_he6wGh5PT9WR-e6xUSiwplQpyLK4 HTTP/1.1" 500 52 "-" "PostmanRuntime/7.29.0"

info: ::1 - - [06/Jul/2022:06:23:44 +0000] "GET /eyJhbGciOiJIUzI1NiIsInR5cCI6IkpXVCJ9.eyJlbWFpbCI6ImFycGFuZGFyamVlMjhAZ21haWwuY29tIiwiX2lkIjoiNjJjNDdjNmQzOGYwNWEzNDdjZjE5Nzc5IiwiaWF0IjoxNjU3MDg4MzA5fQ.OERPd3Kzlx9aGo_he6wGh5PT9WR-e6xUSiwplQpyLK4 HTTP/1.1" 404 47 "-" "Mozilla/5.0 (Windows NT 10.0; Win64; x64) AppleWebKit/537.36 (KHTML, like Gecko) Chrome/103.0.0.0 Safari/537.36"

info: ::1 - - [06/Jul/2022:06:33:36 +0000] "GET /eyJhbGciOiJIUzI1NiIsInR5cCI6IkpXVCJ9.eyJlbWFpbCI6ImFycGFuZGFyamVlMjhAZ21haWwuY29tIiwiX2lkIjoiNjJjNDdjNmQzOGYwNWEzNDdjZjE5Nzc5IiwiaWF0IjoxNjU3MDg4MzA5fQ.OERPd3Kzlx9aGo_he6wGh5PT9WR-e6xUSiwplQpyLK4 HTTP/1.1" 404 47 "-" "Mozilla/5.0 (Windows NT 10.0; Win64; x64) AppleWebKit/537.36 (KHTML, like Gecko) Chrome/103.0.0.0 Safari/537.36"

info: ::1 - - [06/Jul/2022:06:35:12 +0000] "PUT /users/resetpassword/eyJhbGciOiJIUzI1NiIsInR5cCI6IkpXVCJ9.eyJlbWFpbCI6ImFycGFuZGFyamVlMjhAZ21haWwuY29tIiwiX2lkIjoiNjJjNDdjNmQzOGYwNWEzNDdjZjE5Nzc5IiwiaWF0IjoxNjU3MDg4MzA5fQ.OERPd3Kzlx9aGo_he6wGh5PT9WR-e6xUSiwplQpyLK4 HTTP/1.1" 404 47 "-" "PostmanRuntime/7.29.0"

info: ::1 - - [06/Jul/2022:06:35:44 +0000] "PUT /api/v1/users/resetpassword/eyJhbGciOiJIUzI1NiIsInR5cCI6IkpXVCJ9.eyJlbWFpbCI6ImFycGFuZGFyamVlMjhAZ21haWwuY29tIiwiX2lkIjoiNjJjNDdjNmQzOGYwNWEzNDdjZjE5Nzc5IiwiaWF0IjoxNjU3MDg4MzA5fQ.OERPd3Kzlx9aGo_he6wGh5PT9WR-e6xUSiwplQpyLK4 HTTP/1.1" 500 52 "-" "PostmanRuntime/7.29.0"

info: ::1 - - [06/Jul/2022:06:38:46 +0000] "PUT /api/v1/users/resetpassword/eyJhbGciOiJIUzI1NiIsInR5cCI6IkpXVCJ9.eyJlbWFpbCI6ImFycGFuZGFyamVlMjhAZ21haWwuY29tIiwiX2lkIjoiNjJjNDdjNmQzOGYwNWEzNDdjZjE5Nzc5IiwiaWF0IjoxNjU3MDg4MzA5fQ.OERPd3Kzlx9aGo_he6wGh5PT9WR-e6xUSiwplQpyLK4 HTTP/1.1" 500 52 "-" "PostmanRuntime/7.29.0"

info: ::1 - - [06/Jul/2022:06:41:12 +0000] "PUT /api/v1/users/resetpassword/eyJhbGciOiJIUzI1NiIsInR5cCI6IkpXVCJ9.eyJlbWFpbCI6ImFycGFuZGFyamVlMjhAZ21haWwuY29tIiwiX2lkIjoiNjJjNDdjNmQzOGYwNWEzNDdjZjE5Nzc5IiwiaWF0IjoxNjU3MDg4MzA5fQ.OERPd3Kzlx9aGo_he6wGh5PT9WR-e6xUSiwplQpyLK4 HTTP/1.1" 200 274 "-" "PostmanRuntime/7.29.0"

info: ::1 - - [06/Jul/2022:06:58:32 +0000] "PUT /api/v1/users/resetpassword/eyJhbGciOiJIUzI1NiIsInR5cCI6IkpXVCJ9.eyJlbWFpbCI6ImFycGFuZGFyamVlMjhAZ21haWwuY29tIiwiX2lkIjoiNjJjNDdjNmQzOGYwNWEzNDdjZjE5Nzc5IiwiaWF0IjoxNjU3MDg4MzA5fQ.OERPd3Kzlx9aGo_he6wGh5PT9WR-e6xUSiwplQpyLK4 HTTP/1.1" 200 327 "-" "PostmanRuntime/7.29.0"

info: ::1 - - [06/Jul/2022:07:45:44 +0000] "PUT /api/v1/users/resetpassword/eyJhbGciOiJIUzI1NiIsInR5cCI6IkpXVCJ9.eyJlbWFpbCI6ImFycGFuZGFyamVlMjhAZ21haWwuY29tIiwiX2lkIjoiNjJjNDdjNmQzOGYwNWEzNDdjZjE5Nzc5IiwiaWF0IjoxNjU3MDg4MzA5fQ.OERPd3Kzlx9aGo_he6wGh5PT9WR-e6xUSiwplQpyLK4 HTTP/1.1" 200 327 "-" "PostmanRuntime/7.29.0"

info: ::1 - - [06/Jul/2022:07:46:31 +0000] "POST /api/v1/users/resetpassword/eyJhbGciOiJIUzI1NiIsInR5cCI6IkpXVCJ9.eyJlbWFpbCI6ImFycGFuZGFyamVlMjhAZ21haWwuY29tIiwiX2lkIjoiNjJjNDdjNmQzOGYwNWEzNDdjZjE5Nzc5IiwiaWF0IjoxNjU3MDg4MzA5fQ.OERPd3Kzlx9aGo_he6wGh5PT9WR-e6xUSiwplQpyLK4 HTTP/1.1" 200 327 "-" "PostmanRuntime/7.29.0"

