info: ::1 - - [30/Jun/2022:02:39:44 +0000] "POST /api/v1/userNotes/addNote HTTP/1.1" 201 262 "-" "PostmanRuntime/7.29.0"

info: ::1 - - [30/Jun/2022:02:40:06 +0000] "GET /api/v1/userNotes HTTP/1.1" 200 1057 "-" "PostmanRuntime/7.29.0"

info: ::1 - - [30/Jun/2022:02:40:26 +0000] "GET /api/v1/userNotes/62bc7a9ea1a68f47985d9ec9 HTTP/1.1" 200 265 "-" "PostmanRuntime/7.29.0"

info: ::1 - - [30/Jun/2022:02:41:01 +0000] "PUT /api/v1/userNotes/62bc7a9ea1a68f47985d9ec9 HTTP/1.1" 202 244 "-" "PostmanRuntime/7.29.0"

info: ::1 - - [30/Jun/2022:02:41:14 +0000] "DELETE /api/v1/userNotes/62bc7a9ea1a68f47985d9ec9 HTTP/1.1" 200 61 "-" "PostmanRuntime/7.29.0"

info: ::1 - - [30/Jun/2022:05:24:53 +0000] "DELETE /api/v1/userNotes HTTP/1.1" 404 47 "-" "PostmanRuntime/7.29.0"

info: ::1 - - [30/Jun/2022:05:25:01 +0000] "GET /api/v1/userNotes HTTP/1.1" 200 1036 "-" "PostmanRuntime/7.29.0"

info: ::1 - - [30/Jun/2022:05:36:09 +0000] "GET /api/v1/userNotes HTTP/1.1" 200 1036 "-" "PostmanRuntime/7.29.0"

info: ::1 - - [30/Jun/2022:05:37:53 +0000] "POST /api/v1/userNotes/login HTTP/1.1" 404 47 "-" "PostmanRuntime/7.29.0"

info: ::1 - - [30/Jun/2022:05:38:07 +0000] "POST /api/v1/users/login HTTP/1.1" 200 291 "-" "PostmanRuntime/7.29.0"

info: ::1 - - [30/Jun/2022:05:38:48 +0000] "GET /api/v1/userNotes HTTP/1.1" 200 1036 "-" "PostmanRuntime/7.29.0"

info: ::1 - - [30/Jun/2022:05:41:40 +0000] "POST /api/v1/users/signUp HTTP/1.1" 201 317 "-" "PostmanRuntime/7.29.0"

info: ::1 - - [30/Jun/2022:05:42:09 +0000] "POST /api/v1/users/login HTTP/1.1" 200 293 "-" "PostmanRuntime/7.29.0"

info: ::1 - - [30/Jun/2022:05:44:50 +0000] "POST /api/v1/userNotes HTTP/1.1" 201 277 "-" "PostmanRuntime/7.29.0"

info: ::1 - - [30/Jun/2022:05:45:09 +0000] "GET /api/v1/userNotes HTTP/1.1" 200 1256 "-" "PostmanRuntime/7.29.0"

info: ::1 - - [30/Jun/2022:05:47:14 +0000] "POST /api/v1/userNotes HTTP/1.1" 201 277 "-" "PostmanRuntime/7.29.0"

info: ::1 - - [30/Jun/2022:05:48:15 +0000] "POST /api/v1/users/login HTTP/1.1" 200 291 "-" "PostmanRuntime/7.29.0"

info: ::1 - - [30/Jun/2022:05:50:14 +0000] "POST /api/v1/userNotes HTTP/1.1" 201 270 "-" "PostmanRuntime/7.29.0"

info: ::1 - - [30/Jun/2022:05:51:18 +0000] "POST /api/v1/userNotes HTTP/1.1" 201 273 "-" "PostmanRuntime/7.29.0"

info: ::1 - - [30/Jun/2022:05:52:11 +0000] "POST /api/v1/users/login HTTP/1.1" 200 293 "-" "PostmanRuntime/7.29.0"

info: ::1 - - [30/Jun/2022:05:53:28 +0000] "POST /api/v1/userNotes HTTP/1.1" 201 278 "-" "PostmanRuntime/7.29.0"

info: ::1 - - [30/Jun/2022:05:53:46 +0000] "GET /api/v1/userNotes HTTP/1.1" 200 501 "-" "PostmanRuntime/7.29.0"

info: ::1 - - [30/Jun/2022:05:56:27 +0000] "GET /api/v1/userNotes HTTP/1.1" 200 285 "-" "PostmanRuntime/7.29.0"

info: ::1 - - [30/Jun/2022:05:57:59 +0000] "POST /api/v1/users/login HTTP/1.1" 200 291 "-" "PostmanRuntime/7.29.0"

info: ::1 - - [30/Jun/2022:05:58:33 +0000] "GET /api/v1/userNotes HTTP/1.1" 200 280 "-" "PostmanRuntime/7.29.0"

info: ::1 - - [30/Jun/2022:06:17:47 +0000] "GET /api/v1/userNotes/62bd39d644d59b2f9c1197af HTTP/1.1" 200 274 "-" "PostmanRuntime/7.29.0"

info: ::1 - - [30/Jun/2022:11:08:33 +0000] "GET /api/v1/userNotes HTTP/1.1" 200 280 "-" "PostmanRuntime/7.29.0"

info: ::1 - - [30/Jun/2022:11:10:21 +0000] "POST /api/v1/userNotes HTTP/1.1" 201 274 "-" "PostmanRuntime/7.29.0"

info: ::1 - - [30/Jun/2022:11:10:35 +0000] "GET /api/v1/userNotes HTTP/1.1" 200 497 "-" "PostmanRuntime/7.29.0"

info: ::1 - - [30/Jun/2022:11:11:53 +0000] "PUT /api/v1/userNotes/62bd849c9fc7b80054328db8/isArchive HTTP/1.1" 500 52 "-" "PostmanRuntime/7.29.0"

info: ::1 - - [30/Jun/2022:11:15:23 +0000] "PUT /api/v1/userNotes/62bd849c9fc7b80054328db8/isArchive HTTP/1.1" 500 87 "-" "PostmanRuntime/7.29.0"

info: ::1 - - [30/Jun/2022:11:16:19 +0000] "PUT /api/v1/userNotes/62bd849c9fc7b80054328db8/isArchive HTTP/1.1" 500 87 "-" "PostmanRuntime/7.29.0"

info: ::1 - - [30/Jun/2022:11:17:49 +0000] "PATCH /api/v1/userNotes/62bd849c9fc7b80054328db8/isArchive HTTP/1.1" 500 87 "-" "PostmanRuntime/7.29.0"

info: ::1 - - [30/Jun/2022:11:23:56 +0000] "PUT /api/v1/userNotes/62bd849c9fc7b80054328db8/isArchive HTTP/1.1" 500 87 "-" "PostmanRuntime/7.29.0"

info: ::1 - - [30/Jun/2022:11:31:53 +0000] "PUT /api/v1/userNotes/62bd849c9fc7b80054328db8/isArchive HTTP/1.1" 500 87 "-" "PostmanRuntime/7.29.0"

info: ::1 - - [30/Jun/2022:11:51:48 +0000] "PUT /api/v1/userNotes/62bd849c9fc7b80054328db8/isArchive HTTP/1.1" 500 53 "-" "PostmanRuntime/7.29.0"

info: ::1 - - [30/Jun/2022:11:56:32 +0000] "GET /api/v1/userNotes HTTP/1.1" 200 497 "-" "PostmanRuntime/7.29.0"

info: ::1 - - [30/Jun/2022:11:59:49 +0000] "PUT /api/v1/userNotes/62bd39d644d59b2f9c1197af HTTP/1.1" 202 275 "-" "PostmanRuntime/7.29.0"

info: ::1 - - [30/Jun/2022:12:00:03 +0000] "PUT /api/v1/userNotes/62bd39d644d59b2f9c1197af/isArchive HTTP/1.1" 500 53 "-" "PostmanRuntime/7.29.0"

info: ::1 - - [30/Jun/2022:12:00:49 +0000] "PUT /api/v1/userNotes/62bd39d644d59b2f9c1197af/isArchive HTTP/1.1" 500 56 "-" "PostmanRuntime/7.29.0"

info: ::1 - - [30/Jun/2022:12:01:41 +0000] "PUT /api/v1/userNotes/62bd39d644d59b2f9c1197af/isArchive HTTP/1.1" 500 54 "-" "PostmanRuntime/7.29.0"

info: ::1 - - [30/Jun/2022:12:02:03 +0000] "PUT /api/v1/userNotes/62bd39d644d59b2f9c1197af/isArchive HTTP/1.1" 500 89 "-" "PostmanRuntime/7.29.0"

info: ::1 - - [30/Jun/2022:12:03:34 +0000] "PUT /api/v1/userNotes/62bd39d644d59b2f9c1197af/isArchive HTTP/1.1" 500 89 "-" "PostmanRuntime/7.29.0"

info: ::1 - - [30/Jun/2022:12:05:02 +0000] "PUT /api/v1/userNotes/62bd39d644d59b2f9c1197af/isArchive HTTP/1.1" 500 89 "-" "PostmanRuntime/7.29.0"

info: ::1 - - [30/Jun/2022:12:05:05 +0000] "PUT /api/v1/userNotes/62bd39d644d59b2f9c1197af/isArchive HTTP/1.1" 500 89 "-" "PostmanRuntime/7.29.0"

info: ::1 - - [30/Jun/2022:12:07:19 +0000] "PUT /api/v1/userNotes/62bd39d644d59b2f9c1197af/isArchive HTTP/1.1" 500 183 "-" "PostmanRuntime/7.29.0"

info: ::1 - - [30/Jun/2022:12:09:07 +0000] "GET /api/v1/userNotes HTTP/1.1" 200 498 "-" "PostmanRuntime/7.29.0"

info: ::1 - - [30/Jun/2022:12:10:43 +0000] "PUT /api/v1/userNotes/62bd39d644d59b2f9c1197af HTTP/1.1" 202 282 "-" "PostmanRuntime/7.29.0"

info: ::1 - - [30/Jun/2022:12:11:27 +0000] "GET /api/v1/userNotes HTTP/1.1" 200 505 "-" "PostmanRuntime/7.29.0"

info: ::1 - - [30/Jun/2022:12:16:32 +0000] "PUT /api/v1/userNotes/62bd39d644d59b2f9c1197af/isArchive HTTP/1.1" 500 156 "-" "PostmanRuntime/7.29.0"

info: ::1 - - [30/Jun/2022:12:17:27 +0000] "PUT /api/v1/userNotes/62bd39d644d59b2f9c1197af/isArchive HTTP/1.1" 200 94 "-" "PostmanRuntime/7.29.0"

info: ::1 - - [30/Jun/2022:12:27:36 +0000] "DELETE /api/v1/userNotes/62bd39d644d59b2f9c1197af/isDelete HTTP/1.1" 200 61 "-" "PostmanRuntime/7.29.0"

info: ::1 - - [30/Jun/2022:12:28:20 +0000] "DELETE /api/v1/userNotes/62bd39d644d59b2f9c1197af/isDelete HTTP/1.1" 500 83 "-" "PostmanRuntime/7.29.0"

info: ::1 - - [30/Jun/2022:12:42:02 +0000] "DELETE /api/v1/userNotes/62bd39d644d59b2f9c1197af/isDelete HTTP/1.1" 500 83 "-" "PostmanRuntime/7.29.0"

info: ::1 - - [30/Jun/2022:16:51:27 +0000] "DELETE /api/v1/userNotes/62bd39d644d59b2f9c1197af/isTrash HTTP/1.1" 404 47 "-" "PostmanRuntime/7.29.0"

info: ::1 - - [30/Jun/2022:16:52:26 +0000] "DELETE /api/v1/userNotes/62bd39d644d59b2f9c1197af/isDelete HTTP/1.1" 500 83 "-" "PostmanRuntime/7.29.0"

info: ::1 - - [30/Jun/2022:16:54:52 +0000] "DELETE /api/v1/userNotes/62bd39d644d59b2f9c1197af/isDelete HTTP/1.1" 500 89 "-" "PostmanRuntime/7.29.0"

info: ::1 - - [30/Jun/2022:17:14:28 +0000] "DELETE /api/v1/userNotes/62bd39d644d59b2f9c1197af/isA HTTP/1.1" 404 47 "-" "PostmanRuntime/7.29.0"

info: ::1 - - [30/Jun/2022:17:14:45 +0000] "PUT /api/v1/userNotes/62bd39d644d59b2f9c1197af/isArchive HTTP/1.1" 500 54 "-" "PostmanRuntime/7.29.0"

info: ::1 - - [30/Jun/2022:17:51:50 +0000] "PUT /api/v1/userNotes/62bd39d644d59b2f9c1197af/isArchive HTTP/1.1" 500 54 "-" "PostmanRuntime/7.29.0"

info: ::1 - - [30/Jun/2022:17:53:08 +0000] "PUT /api/v1/userNotes/62bd39d644d59b2f9c1197af/isArchive HTTP/1.1" 500 89 "-" "PostmanRuntime/7.29.0"

