info: Server started at http://localhost:3000/api/v1/ {"timestamp":"2022-07-05T18:35:40.815Z"}
info: Connected to the database. {"timestamp":"2022-07-05T18:35:40.850Z"}
info: Server started at http://localhost:3000/api/v1/ {"timestamp":"2022-07-05T18:36:22.911Z"}
info: Connected to the database. {"timestamp":"2022-07-05T18:36:22.955Z"}
info: Server started at http://localhost:3000/api/v1/ {"timestamp":"2022-07-05T18:37:15.579Z"}
info: Connected to the database. {"timestamp":"2022-07-05T18:37:15.602Z"}
info: Server started at http://localhost:3000/api/v1/ {"timestamp":"2022-07-05T18:37:37.761Z"}
info: Connected to the database. {"timestamp":"2022-07-05T18:37:37.787Z"}
info: Server started at http://localhost:3000/api/v1/ {"timestamp":"2022-07-05T18:37:48.086Z"}
info: Connected to the database. {"timestamp":"2022-07-05T18:37:48.150Z"}
info: Server started at http://localhost:3000/api/v1/ {"timestamp":"2022-07-05T18:38:51.976Z"}
info: Connected to the database. {"timestamp":"2022-07-05T18:38:52.012Z"}
info: Server started at http://localhost:3000/api/v1/ {"timestamp":"2022-07-05T18:40:15.161Z"}
info: Connected to the database. {"timestamp":"2022-07-05T18:40:15.185Z"}
info: Server started at http://localhost:3000/api/v1/ {"timestamp":"2022-07-05T18:40:41.402Z"}
info: Connected to the database. {"timestamp":"2022-07-05T18:40:41.426Z"}
info: Server started at http://localhost:3000/api/v1/ {"timestamp":"2022-07-05T18:41:07.476Z"}
info: Connected to the database. {"timestamp":"2022-07-05T18:41:07.509Z"}
info: Server started at http://localhost:3000/api/v1/ {"timestamp":"2022-07-05T18:42:06.850Z"}
info: Connected to the database. {"timestamp":"2022-07-05T18:42:06.878Z"}
info: Server started at http://localhost:3000/api/v1/ {"timestamp":"2022-07-06T02:23:28.927Z"}
info: Connected to the database. {"timestamp":"2022-07-06T02:23:29.008Z"}
info: Server started at http://localhost:3000/api/v1/ {"timestamp":"2022-07-06T02:38:39.035Z"}
info: Connected to the database. {"timestamp":"2022-07-06T02:38:39.065Z"}
info: Server started at http://localhost:3000/api/v1/ {"timestamp":"2022-07-06T02:40:26.941Z"}
info: Connected to the database. {"timestamp":"2022-07-06T02:40:26.966Z"}
info: Server started at http://localhost:3000/api/v1/ {"timestamp":"2022-07-06T02:41:20.220Z"}
info: Connected to the database. {"timestamp":"2022-07-06T02:41:20.242Z"}
info: Server started at http://localhost:3000/api/v1/ {"timestamp":"2022-07-06T02:41:44.045Z"}
info: Connected to the database. {"timestamp":"2022-07-06T02:41:44.073Z"}
info: Server started at http://localhost:3000/api/v1/ {"timestamp":"2022-07-06T02:43:26.805Z"}
info: Connected to the database. {"timestamp":"2022-07-06T02:43:26.827Z"}
info: Server started at http://localhost:3000/api/v1/ {"timestamp":"2022-07-06T02:52:42.918Z"}
info: Connected to the database. {"timestamp":"2022-07-06T02:52:42.941Z"}
info: Server started at http://localhost:3000/api/v1/ {"timestamp":"2022-07-06T03:20:38.382Z"}
info: Connected to the database. {"timestamp":"2022-07-06T03:20:38.406Z"}
info: Server started at http://localhost:3000/api/v1/ {"timestamp":"2022-07-06T03:23:59.942Z"}
info: Connected to the database. {"timestamp":"2022-07-06T03:23:59.989Z"}
info: Server started at http://localhost:3000/api/v1/ {"timestamp":"2022-07-06T03:24:30.290Z"}
info: Connected to the database. {"timestamp":"2022-07-06T03:24:30.315Z"}
info: Server started at http://localhost:3000/api/v1/ {"timestamp":"2022-07-06T03:31:18.504Z"}
info: Connected to the database. {"timestamp":"2022-07-06T03:31:18.534Z"}
info: Server started at http://localhost:3000/api/v1/ {"timestamp":"2022-07-06T03:38:36.449Z"}
info: Connected to the database. {"timestamp":"2022-07-06T03:38:36.478Z"}
info: Server started at http://localhost:3000/api/v1/ {"timestamp":"2022-07-06T03:40:14.672Z"}
info: Connected to the database. {"timestamp":"2022-07-06T03:40:14.694Z"}
info: Server started at http://localhost:3000/api/v1/ {"timestamp":"2022-07-06T03:44:50.405Z"}
info: Connected to the database. {"timestamp":"2022-07-06T03:44:50.425Z"}
info: Server started at http://localhost:3000/api/v1/ {"timestamp":"2022-07-06T03:45:55.142Z"}
info: Connected to the database. {"timestamp":"2022-07-06T03:45:55.166Z"}
info: Server started at http://localhost:3000/api/v1/ {"timestamp":"2022-07-06T03:59:13.261Z"}
info: Connected to the database. {"timestamp":"2022-07-06T03:59:13.291Z"}
info: Server started at http://localhost:3000/api/v1/ {"timestamp":"2022-07-06T03:59:49.906Z"}
info: Connected to the database. {"timestamp":"2022-07-06T03:59:49.933Z"}
info: Server started at http://localhost:3000/api/v1/ {"timestamp":"2022-07-06T04:01:16.618Z"}
info: Connected to the database. {"timestamp":"2022-07-06T04:01:16.641Z"}
info: Server started at http://localhost:3000/api/v1/ {"timestamp":"2022-07-06T04:02:25.799Z"}
info: Connected to the database. {"timestamp":"2022-07-06T04:02:25.822Z"}
info: Server started at http://localhost:3000/api/v1/ {"timestamp":"2022-07-06T04:03:36.647Z"}
info: Connected to the database. {"timestamp":"2022-07-06T04:03:36.673Z"}
info: Server started at http://localhost:3000/api/v1/ {"timestamp":"2022-07-06T04:04:14.492Z"}
info: Connected to the database. {"timestamp":"2022-07-06T04:04:14.516Z"}
info: Server started at http://localhost:3000/api/v1/ {"timestamp":"2022-07-06T04:05:06.723Z"}
info: Connected to the database. {"timestamp":"2022-07-06T04:05:06.750Z"}
info: Server started at http://localhost:3000/api/v1/ {"timestamp":"2022-07-06T04:06:23.890Z"}
info: Connected to the database. {"timestamp":"2022-07-06T04:06:23.918Z"}
info: Server started at http://localhost:3000/api/v1/ {"timestamp":"2022-07-06T04:08:15.789Z"}
info: Connected to the database. {"timestamp":"2022-07-06T04:08:15.810Z"}
info: Server started at http://localhost:3000/api/v1/ {"timestamp":"2022-07-06T04:12:16.467Z"}
info: Connected to the database. {"timestamp":"2022-07-06T04:12:16.493Z"}
info: Server started at http://localhost:3000/api/v1/ {"timestamp":"2022-07-06T04:16:53.085Z"}
info: Connected to the database. {"timestamp":"2022-07-06T04:16:53.113Z"}
info: Server started at http://localhost:3000/api/v1/ {"timestamp":"2022-07-06T04:16:58.815Z"}
info: Connected to the database. {"timestamp":"2022-07-06T04:16:58.842Z"}
info: Server started at http://localhost:3000/api/v1/ {"timestamp":"2022-07-06T06:15:40.786Z"}
info: Connected to the database. {"timestamp":"2022-07-06T06:15:40.883Z"}
info: Server started at http://localhost:3000/api/v1/ {"timestamp":"2022-07-06T06:18:24.710Z"}
info: Connected to the database. {"timestamp":"2022-07-06T06:18:24.740Z"}
error: 
    status - 500 
    message - JsonWebTokenError: invalid signature
    at C:\Users\Arpan suji\FundooNotes\Fundoonotes\node_modules\jsonwebtoken\verify.js:133:19
    at getSecret (C:\Users\Arpan suji\FundooNotes\Fundoonotes\node_modules\jsonwebtoken\verify.js:90:14)
    at Object.verify (C:\Users\Arpan suji\FundooNotes\Fundoonotes\node_modules\jsonwebtoken\verify.js:94:10)
    at _callee5$ (C:\Users\Arpan suji\FundooNotes\Fundoonotes\src\services\/user.service.js:56:31)
    at tryCatch (C:\Users\Arpan suji\FundooNotes\Fundoonotes\node_modules\@babel\runtime\helpers\regeneratorRuntime.js:86:17)
    at Generator._invoke (C:\Users\Arpan suji\FundooNotes\Fundoonotes\node_modules\@babel\runtime\helpers\regeneratorRuntime.js:66:24)
    at Generator.next (C:\Users\Arpan suji\FundooNotes\Fundoonotes\node_modules\@babel\runtime\helpers\regeneratorRuntime.js:117:21)
    at asyncGeneratorStep (C:\Users\Arpan suji\FundooNotes\Fundoonotes\node_modules\@babel\runtime\helpers\asyncToGenerator.js:3:24)
    at _next (C:\Users\Arpan suji\FundooNotes\Fundoonotes\node_modules\@babel\runtime\helpers\asyncToGenerator.js:25:9)
    at C:\Users\Arpan suji\FundooNotes\Fundoonotes\node_modules\@babel\runtime\helpers\asyncToGenerator.js:32:7
    at new Promise (<anonymous>)
    at Object.<anonymous> (C:\Users\Arpan suji\FundooNotes\Fundoonotes\node_modules\@babel\runtime\helpers\asyncToGenerator.js:21:12)
    at Object.resetPassword (C:\Users\Arpan suji\FundooNotes\Fundoonotes\src\services\/user.service.js:55:27)
    at _callee5$ (C:\Users\Arpan suji\FundooNotes\Fundoonotes\src\controllers\/user.controller.js:84:36)
    at tryCatch (C:\Users\Arpan suji\FundooNotes\Fundoonotes\node_modules\@babel\runtime\helpers\regeneratorRuntime.js:86:17)
    at Generator._invoke (C:\Users\Arpan suji\FundooNotes\Fundoonotes\node_modules\@babel\runtime\helpers\regeneratorRuntime.js:66:24) 
    url - /api/v1/users/resetpassword/eyJhbGciOiJIUzI1NiIsInR5cCI6IkpXVCJ9.eyJlbWFpbCI6ImFycGFuZGFyamVlMjhAZ21haWwuY29tIiwiX2lkIjoiNjJjNDdjNmQzOGYwNWEzNDdjZjE5Nzc5IiwiaWF0IjoxNjU3MDg4MzA5fQ.OERPd3Kzlx9aGo_he6wGh5PT9WR-e6xUSiwplQpyLK4 
    method - PUT 
    IP - ::1
   {"timestamp":"2022-07-06T06:22:47.201Z"}
error: 
    status - 500 
    message - JsonWebTokenError: invalid signature
    at C:\Users\Arpan suji\FundooNotes\Fundoonotes\node_modules\jsonwebtoken\verify.js:133:19
    at getSecret (C:\Users\Arpan suji\FundooNotes\Fundoonotes\node_modules\jsonwebtoken\verify.js:90:14)
    at Object.verify (C:\Users\Arpan suji\FundooNotes\Fundoonotes\node_modules\jsonwebtoken\verify.js:94:10)
    at _callee5$ (C:\Users\Arpan suji\FundooNotes\Fundoonotes\src\services\/user.service.js:56:31)
    at tryCatch (C:\Users\Arpan suji\FundooNotes\Fundoonotes\node_modules\@babel\runtime\helpers\regeneratorRuntime.js:86:17)
    at Generator._invoke (C:\Users\Arpan suji\FundooNotes\Fundoonotes\node_modules\@babel\runtime\helpers\regeneratorRuntime.js:66:24)
    at Generator.next (C:\Users\Arpan suji\FundooNotes\Fundoonotes\node_modules\@babel\runtime\helpers\regeneratorRuntime.js:117:21)
    at asyncGeneratorStep (C:\Users\Arpan suji\FundooNotes\Fundoonotes\node_modules\@babel\runtime\helpers\asyncToGenerator.js:3:24)
    at _next (C:\Users\Arpan suji\FundooNotes\Fundoonotes\node_modules\@babel\runtime\helpers\asyncToGenerator.js:25:9)
    at C:\Users\Arpan suji\FundooNotes\Fundoonotes\node_modules\@babel\runtime\helpers\asyncToGenerator.js:32:7
    at new Promise (<anonymous>)
    at Object.<anonymous> (C:\Users\Arpan suji\FundooNotes\Fundoonotes\node_modules\@babel\runtime\helpers\asyncToGenerator.js:21:12)
    at Object.resetPassword (C:\Users\Arpan suji\FundooNotes\Fundoonotes\src\services\/user.service.js:55:27)
    at _callee5$ (C:\Users\Arpan suji\FundooNotes\Fundoonotes\src\controllers\/user.controller.js:84:36)
    at tryCatch (C:\Users\Arpan suji\FundooNotes\Fundoonotes\node_modules\@babel\runtime\helpers\regeneratorRuntime.js:86:17)
    at Generator._invoke (C:\Users\Arpan suji\FundooNotes\Fundoonotes\node_modules\@babel\runtime\helpers\regeneratorRuntime.js:66:24) 
    url - /api/v1/users/resetpassword/eyJhbGciOiJIUzI1NiIsInR5cCI6IkpXVCJ9.eyJlbWFpbCI6ImFycGFuZGFyamVlMjhAZ21haWwuY29tIiwiX2lkIjoiNjJjNDdjNmQzOGYwNWEzNDdjZjE5Nzc5IiwiaWF0IjoxNjU3MDg4MzA5fQ.OERPd3Kzlx9aGo_he6wGh5PT9WR-e6xUSiwplQpyLK4 
    method - PUT 
    IP - ::1
   {"timestamp":"2022-07-06T06:23:27.251Z"}
info: Server started at http://localhost:3000/api/v1/ {"timestamp":"2022-07-06T06:25:09.842Z"}
info: Connected to the database. {"timestamp":"2022-07-06T06:25:09.868Z"}
info: Server started at http://localhost:3000/api/v1/ {"timestamp":"2022-07-06T06:27:26.965Z"}
info: Connected to the database. {"timestamp":"2022-07-06T06:27:26.991Z"}
error: 
    status - 500 
    message - JsonWebTokenError: invalid signature
    at C:\Users\Arpan suji\FundooNotes\Fundoonotes\node_modules\jsonwebtoken\verify.js:133:19
    at getSecret (C:\Users\Arpan suji\FundooNotes\Fundoonotes\node_modules\jsonwebtoken\verify.js:90:14)
    at Object.verify (C:\Users\Arpan suji\FundooNotes\Fundoonotes\node_modules\jsonwebtoken\verify.js:94:10)
    at _callee5$ (C:\Users\Arpan suji\FundooNotes\Fundoonotes\src\services\/user.service.js:56:31)
    at tryCatch (C:\Users\Arpan suji\FundooNotes\Fundoonotes\node_modules\@babel\runtime\helpers\regeneratorRuntime.js:86:17)
    at Generator._invoke (C:\Users\Arpan suji\FundooNotes\Fundoonotes\node_modules\@babel\runtime\helpers\regeneratorRuntime.js:66:24)
    at Generator.next (C:\Users\Arpan suji\FundooNotes\Fundoonotes\node_modules\@babel\runtime\helpers\regeneratorRuntime.js:117:21)
    at asyncGeneratorStep (C:\Users\Arpan suji\FundooNotes\Fundoonotes\node_modules\@babel\runtime\helpers\asyncToGenerator.js:3:24)
    at _next (C:\Users\Arpan suji\FundooNotes\Fundoonotes\node_modules\@babel\runtime\helpers\asyncToGenerator.js:25:9)
    at C:\Users\Arpan suji\FundooNotes\Fundoonotes\node_modules\@babel\runtime\helpers\asyncToGenerator.js:32:7
    at new Promise (<anonymous>)
    at Object.<anonymous> (C:\Users\Arpan suji\FundooNotes\Fundoonotes\node_modules\@babel\runtime\helpers\asyncToGenerator.js:21:12)
    at Object.resetPassword (C:\Users\Arpan suji\FundooNotes\Fundoonotes\src\services\/user.service.js:55:27)
    at _callee5$ (C:\Users\Arpan suji\FundooNotes\Fundoonotes\src\controllers\/user.controller.js:84:36)
    at tryCatch (C:\Users\Arpan suji\FundooNotes\Fundoonotes\node_modules\@babel\runtime\helpers\regeneratorRuntime.js:86:17)
    at Generator._invoke (C:\Users\Arpan suji\FundooNotes\Fundoonotes\node_modules\@babel\runtime\helpers\regeneratorRuntime.js:66:24) 
    url - /api/v1/users/resetpassword/eyJhbGciOiJIUzI1NiIsInR5cCI6IkpXVCJ9.eyJlbWFpbCI6ImFycGFuZGFyamVlMjhAZ21haWwuY29tIiwiX2lkIjoiNjJjNDdjNmQzOGYwNWEzNDdjZjE5Nzc5IiwiaWF0IjoxNjU3MDg4MzA5fQ.OERPd3Kzlx9aGo_he6wGh5PT9WR-e6xUSiwplQpyLK4 
    method - PUT 
    IP - ::1
   {"timestamp":"2022-07-06T06:35:44.903Z"}
error: 
    status - 500 
    message - JsonWebTokenError: invalid signature
    at C:\Users\Arpan suji\FundooNotes\Fundoonotes\node_modules\jsonwebtoken\verify.js:133:19
    at getSecret (C:\Users\Arpan suji\FundooNotes\Fundoonotes\node_modules\jsonwebtoken\verify.js:90:14)
    at Object.verify (C:\Users\Arpan suji\FundooNotes\Fundoonotes\node_modules\jsonwebtoken\verify.js:94:10)
    at _callee5$ (C:\Users\Arpan suji\FundooNotes\Fundoonotes\src\services\/user.service.js:56:31)
    at tryCatch (C:\Users\Arpan suji\FundooNotes\Fundoonotes\node_modules\@babel\runtime\helpers\regeneratorRuntime.js:86:17)
    at Generator._invoke (C:\Users\Arpan suji\FundooNotes\Fundoonotes\node_modules\@babel\runtime\helpers\regeneratorRuntime.js:66:24)
    at Generator.next (C:\Users\Arpan suji\FundooNotes\Fundoonotes\node_modules\@babel\runtime\helpers\regeneratorRuntime.js:117:21)
    at asyncGeneratorStep (C:\Users\Arpan suji\FundooNotes\Fundoonotes\node_modules\@babel\runtime\helpers\asyncToGenerator.js:3:24)
    at _next (C:\Users\Arpan suji\FundooNotes\Fundoonotes\node_modules\@babel\runtime\helpers\asyncToGenerator.js:25:9)
    at C:\Users\Arpan suji\FundooNotes\Fundoonotes\node_modules\@babel\runtime\helpers\asyncToGenerator.js:32:7
    at new Promise (<anonymous>)
    at Object.<anonymous> (C:\Users\Arpan suji\FundooNotes\Fundoonotes\node_modules\@babel\runtime\helpers\asyncToGenerator.js:21:12)
    at Object.resetPassword (C:\Users\Arpan suji\FundooNotes\Fundoonotes\src\services\/user.service.js:55:27)
    at _callee5$ (C:\Users\Arpan suji\FundooNotes\Fundoonotes\src\controllers\/user.controller.js:84:36)
    at tryCatch (C:\Users\Arpan suji\FundooNotes\Fundoonotes\node_modules\@babel\runtime\helpers\regeneratorRuntime.js:86:17)
    at Generator._invoke (C:\Users\Arpan suji\FundooNotes\Fundoonotes\node_modules\@babel\runtime\helpers\regeneratorRuntime.js:66:24) 
    url - /api/v1/users/resetpassword/eyJhbGciOiJIUzI1NiIsInR5cCI6IkpXVCJ9.eyJlbWFpbCI6ImFycGFuZGFyamVlMjhAZ21haWwuY29tIiwiX2lkIjoiNjJjNDdjNmQzOGYwNWEzNDdjZjE5Nzc5IiwiaWF0IjoxNjU3MDg4MzA5fQ.OERPd3Kzlx9aGo_he6wGh5PT9WR-e6xUSiwplQpyLK4 
    method - PUT 
    IP - ::1
   {"timestamp":"2022-07-06T06:38:46.330Z"}
info: Server started at http://localhost:3000/api/v1/ {"timestamp":"2022-07-06T06:41:07.890Z"}
info: Connected to the database. {"timestamp":"2022-07-06T06:41:07.921Z"}
info: Server started at http://localhost:3000/api/v1/ {"timestamp":"2022-07-06T06:58:28.534Z"}
info: Connected to the database. {"timestamp":"2022-07-06T06:58:28.792Z"}
info: Server started at http://localhost:3000/api/v1/ {"timestamp":"2022-07-06T07:36:52.709Z"}
info: Connected to the database. {"timestamp":"2022-07-06T07:36:52.789Z"}
info: Server started at http://localhost:3000/api/v1/ {"timestamp":"2022-07-06T07:42:55.117Z"}
info: Connected to the database. {"timestamp":"2022-07-06T07:42:55.176Z"}
info: Server started at http://localhost:3000/api/v1/ {"timestamp":"2022-07-06T07:43:25.521Z"}
info: Connected to the database. {"timestamp":"2022-07-06T07:43:25.555Z"}
info: Server started at http://localhost:3000/api/v1/ {"timestamp":"2022-07-06T07:44:14.570Z"}
info: Connected to the database. {"timestamp":"2022-07-06T07:44:14.604Z"}
info: Server started at http://localhost:3000/api/v1/ {"timestamp":"2022-07-06T07:45:10.652Z"}
info: Connected to the database. {"timestamp":"2022-07-06T07:45:10.711Z"}
info: Server started at http://localhost:3000/api/v1/ {"timestamp":"2022-07-06T07:46:24.119Z"}
info: Connected to the database. {"timestamp":"2022-07-06T07:46:24.192Z"}
