info: Server started at http://localhost:3000/api/v1/ {"timestamp":"2022-07-08T02:08:42.772Z"}
error: 
    status - 500 
    message - ReferenceError: HttpStatus is not defined
    at newUserValidator (C:\Users\Arpan suji\FundooNotes\Fundoonotes\src\validators\/user.validator.js:12:16)
    at Layer.handle [as handle_request] (C:\Users\Arpan suji\FundooNotes\Fundoonotes\node_modules\express\lib\router\layer.js:95:5)
    at next (C:\Users\Arpan suji\FundooNotes\Fundoonotes\node_modules\express\lib\router\route.js:144:13)
    at Route.dispatch (C:\Users\Arpan suji\FundooNotes\Fundoonotes\node_modules\express\lib\router\route.js:114:3)
    at Layer.handle [as handle_request] (C:\Users\Arpan suji\FundooNotes\Fundoonotes\node_modules\express\lib\router\layer.js:95:5)
    at C:\Users\Arpan suji\FundooNotes\Fundoonotes\node_modules\express\lib\router\index.js:284:15
    at Function.process_params (C:\Users\Arpan suji\FundooNotes\Fundoonotes\node_modules\express\lib\router\index.js:346:12)
    at next (C:\Users\Arpan suji\FundooNotes\Fundoonotes\node_modules\express\lib\router\index.js:280:10)
    at Function.handle (C:\Users\Arpan suji\FundooNotes\Fundoonotes\node_modules\express\lib\router\index.js:175:3)
    at router (C:\Users\Arpan suji\FundooNotes\Fundoonotes\node_modules\express\lib\router\index.js:47:12)
    at Layer.handle [as handle_request] (C:\Users\Arpan suji\FundooNotes\Fundoonotes\node_modules\express\lib\router\layer.js:95:5)
    at trim_prefix (C:\Users\Arpan suji\FundooNotes\Fundoonotes\node_modules\express\lib\router\index.js:328:13)
    at C:\Users\Arpan suji\FundooNotes\Fundoonotes\node_modules\express\lib\router\index.js:286:9
    at Function.process_params (C:\Users\Arpan suji\FundooNotes\Fundoonotes\node_modules\express\lib\router\index.js:346:12)
    at next (C:\Users\Arpan suji\FundooNotes\Fundoonotes\node_modules\express\lib\router\index.js:280:10)
    at Function.handle (C:\Users\Arpan suji\FundooNotes\Fundoonotes\node_modules\express\lib\router\index.js:175:3)
    at router (C:\Users\Arpan suji\FundooNotes\Fundoonotes\node_modules\express\lib\router\index.js:47:12)
    at Layer.handle [as handle_request] (C:\Users\Arpan suji\FundooNotes\Fundoonotes\node_modules\express\lib\router\layer.js:95:5)
    at trim_prefix (C:\Users\Arpan suji\FundooNotes\Fundoonotes\node_modules\express\lib\router\index.js:328:13)
    at C:\Users\Arpan suji\FundooNotes\Fundoonotes\node_modules\express\lib\router\index.js:286:9
    at Function.process_params (C:\Users\Arpan suji\FundooNotes\Fundoonotes\node_modules\express\lib\router\index.js:346:12)
    at next (C:\Users\Arpan suji\FundooNotes\Fundoonotes\node_modules\express\lib\router\index.js:280:10)
    at logger (C:\Users\Arpan suji\FundooNotes\Fundoonotes\node_modules\morgan\index.js:144:5)
    at Layer.handle [as handle_request] (C:\Users\Arpan suji\FundooNotes\Fundoonotes\node_modules\express\lib\router\layer.js:95:5)
    at trim_prefix (C:\Users\Arpan suji\FundooNotes\Fundoonotes\node_modules\express\lib\router\index.js:328:13)
    at C:\Users\Arpan suji\FundooNotes\Fundoonotes\node_modules\express\lib\router\index.js:286:9
    at Function.process_params (C:\Users\Arpan suji\FundooNotes\Fundoonotes\node_modules\express\lib\router\index.js:346:12)
    at next (C:\Users\Arpan suji\FundooNotes\Fundoonotes\node_modules\express\lib\router\index.js:280:10)
    at C:\Users\Arpan suji\FundooNotes\Fundoonotes\node_modules\body-parser\lib\read.js:137:5
    at AsyncResource.runInAsyncScope (node:async_hooks:202:9)
    at invokeCallback (C:\Users\Arpan suji\FundooNotes\Fundoonotes\node_modules\raw-body\index.js:231:16)
    at done (C:\Users\Arpan suji\FundooNotes\Fundoonotes\node_modules\raw-body\index.js:220:7)
    at IncomingMessage.onEnd (C:\Users\Arpan suji\FundooNotes\Fundoonotes\node_modules\raw-body\index.js:280:7)
    at IncomingMessage.emit (node:events:539:35)
    at endReadableNT (node:internal/streams/readable:1345:12)
    at processTicksAndRejections (node:internal/process/task_queues:83:21) 
    url - /api/v1/users/signUp 
    method - POST 
    IP - ::ffff:127.0.0.1
   {"timestamp":"2022-07-08T02:08:42.872Z"}
info: Server started at http://localhost:3000/api/v1/ {"timestamp":"2022-07-08T02:10:07.809Z"}
error: 
    status - 500 
    message - ReferenceError: HttpStatus is not defined
    at newUserValidator (C:\Users\Arpan suji\FundooNotes\Fundoonotes\src\validators\/user.validator.js:12:16)
    at Layer.handle [as handle_request] (C:\Users\Arpan suji\FundooNotes\Fundoonotes\node_modules\express\lib\router\layer.js:95:5)
    at next (C:\Users\Arpan suji\FundooNotes\Fundoonotes\node_modules\express\lib\router\route.js:144:13)
    at Route.dispatch (C:\Users\Arpan suji\FundooNotes\Fundoonotes\node_modules\express\lib\router\route.js:114:3)
    at Layer.handle [as handle_request] (C:\Users\Arpan suji\FundooNotes\Fundoonotes\node_modules\express\lib\router\layer.js:95:5)
    at C:\Users\Arpan suji\FundooNotes\Fundoonotes\node_modules\express\lib\router\index.js:284:15
    at Function.process_params (C:\Users\Arpan suji\FundooNotes\Fundoonotes\node_modules\express\lib\router\index.js:346:12)
    at next (C:\Users\Arpan suji\FundooNotes\Fundoonotes\node_modules\express\lib\router\index.js:280:10)
    at Function.handle (C:\Users\Arpan suji\FundooNotes\Fundoonotes\node_modules\express\lib\router\index.js:175:3)
    at router (C:\Users\Arpan suji\FundooNotes\Fundoonotes\node_modules\express\lib\router\index.js:47:12)
    at Layer.handle [as handle_request] (C:\Users\Arpan suji\FundooNotes\Fundoonotes\node_modules\express\lib\router\layer.js:95:5)
    at trim_prefix (C:\Users\Arpan suji\FundooNotes\Fundoonotes\node_modules\express\lib\router\index.js:328:13)
    at C:\Users\Arpan suji\FundooNotes\Fundoonotes\node_modules\express\lib\router\index.js:286:9
    at Function.process_params (C:\Users\Arpan suji\FundooNotes\Fundoonotes\node_modules\express\lib\router\index.js:346:12)
    at next (C:\Users\Arpan suji\FundooNotes\Fundoonotes\node_modules\express\lib\router\index.js:280:10)
    at Function.handle (C:\Users\Arpan suji\FundooNotes\Fundoonotes\node_modules\express\lib\router\index.js:175:3)
    at router (C:\Users\Arpan suji\FundooNotes\Fundoonotes\node_modules\express\lib\router\index.js:47:12)
    at Layer.handle [as handle_request] (C:\Users\Arpan suji\FundooNotes\Fundoonotes\node_modules\express\lib\router\layer.js:95:5)
    at trim_prefix (C:\Users\Arpan suji\FundooNotes\Fundoonotes\node_modules\express\lib\router\index.js:328:13)
    at C:\Users\Arpan suji\FundooNotes\Fundoonotes\node_modules\express\lib\router\index.js:286:9
    at Function.process_params (C:\Users\Arpan suji\FundooNotes\Fundoonotes\node_modules\express\lib\router\index.js:346:12)
    at next (C:\Users\Arpan suji\FundooNotes\Fundoonotes\node_modules\express\lib\router\index.js:280:10)
    at logger (C:\Users\Arpan suji\FundooNotes\Fundoonotes\node_modules\morgan\index.js:144:5)
    at Layer.handle [as handle_request] (C:\Users\Arpan suji\FundooNotes\Fundoonotes\node_modules\express\lib\router\layer.js:95:5)
    at trim_prefix (C:\Users\Arpan suji\FundooNotes\Fundoonotes\node_modules\express\lib\router\index.js:328:13)
    at C:\Users\Arpan suji\FundooNotes\Fundoonotes\node_modules\express\lib\router\index.js:286:9
    at Function.process_params (C:\Users\Arpan suji\FundooNotes\Fundoonotes\node_modules\express\lib\router\index.js:346:12)
    at next (C:\Users\Arpan suji\FundooNotes\Fundoonotes\node_modules\express\lib\router\index.js:280:10)
    at C:\Users\Arpan suji\FundooNotes\Fundoonotes\node_modules\body-parser\lib\read.js:137:5
    at AsyncResource.runInAsyncScope (node:async_hooks:202:9)
    at invokeCallback (C:\Users\Arpan suji\FundooNotes\Fundoonotes\node_modules\raw-body\index.js:231:16)
    at done (C:\Users\Arpan suji\FundooNotes\Fundoonotes\node_modules\raw-body\index.js:220:7)
    at IncomingMessage.onEnd (C:\Users\Arpan suji\FundooNotes\Fundoonotes\node_modules\raw-body\index.js:280:7)
    at IncomingMessage.emit (node:events:539:35)
    at endReadableNT (node:internal/streams/readable:1345:12)
    at processTicksAndRejections (node:internal/process/task_queues:83:21) 
    url - /api/v1/users/signUp 
    method - POST 
    IP - ::ffff:127.0.0.1
   {"timestamp":"2022-07-08T02:10:07.878Z"}
info: Server started at http://localhost:3000/api/v1/ {"timestamp":"2022-07-08T02:10:42.774Z"}
error: 
    status - 500 
    message - ReferenceError: HttpStatus is not defined
    at newUserValidator (C:\Users\Arpan suji\FundooNotes\Fundoonotes\src\validators\/user.validator.js:12:16)
    at Layer.handle [as handle_request] (C:\Users\Arpan suji\FundooNotes\Fundoonotes\node_modules\express\lib\router\layer.js:95:5)
    at next (C:\Users\Arpan suji\FundooNotes\Fundoonotes\node_modules\express\lib\router\route.js:144:13)
    at Route.dispatch (C:\Users\Arpan suji\FundooNotes\Fundoonotes\node_modules\express\lib\router\route.js:114:3)
    at Layer.handle [as handle_request] (C:\Users\Arpan suji\FundooNotes\Fundoonotes\node_modules\express\lib\router\layer.js:95:5)
    at C:\Users\Arpan suji\FundooNotes\Fundoonotes\node_modules\express\lib\router\index.js:284:15
    at Function.process_params (C:\Users\Arpan suji\FundooNotes\Fundoonotes\node_modules\express\lib\router\index.js:346:12)
    at next (C:\Users\Arpan suji\FundooNotes\Fundoonotes\node_modules\express\lib\router\index.js:280:10)
    at Function.handle (C:\Users\Arpan suji\FundooNotes\Fundoonotes\node_modules\express\lib\router\index.js:175:3)
    at router (C:\Users\Arpan suji\FundooNotes\Fundoonotes\node_modules\express\lib\router\index.js:47:12)
    at Layer.handle [as handle_request] (C:\Users\Arpan suji\FundooNotes\Fundoonotes\node_modules\express\lib\router\layer.js:95:5)
    at trim_prefix (C:\Users\Arpan suji\FundooNotes\Fundoonotes\node_modules\express\lib\router\index.js:328:13)
    at C:\Users\Arpan suji\FundooNotes\Fundoonotes\node_modules\express\lib\router\index.js:286:9
    at Function.process_params (C:\Users\Arpan suji\FundooNotes\Fundoonotes\node_modules\express\lib\router\index.js:346:12)
    at next (C:\Users\Arpan suji\FundooNotes\Fundoonotes\node_modules\express\lib\router\index.js:280:10)
    at Function.handle (C:\Users\Arpan suji\FundooNotes\Fundoonotes\node_modules\express\lib\router\index.js:175:3)
    at router (C:\Users\Arpan suji\FundooNotes\Fundoonotes\node_modules\express\lib\router\index.js:47:12)
    at Layer.handle [as handle_request] (C:\Users\Arpan suji\FundooNotes\Fundoonotes\node_modules\express\lib\router\layer.js:95:5)
    at trim_prefix (C:\Users\Arpan suji\FundooNotes\Fundoonotes\node_modules\express\lib\router\index.js:328:13)
    at C:\Users\Arpan suji\FundooNotes\Fundoonotes\node_modules\express\lib\router\index.js:286:9
    at Function.process_params (C:\Users\Arpan suji\FundooNotes\Fundoonotes\node_modules\express\lib\router\index.js:346:12)
    at next (C:\Users\Arpan suji\FundooNotes\Fundoonotes\node_modules\express\lib\router\index.js:280:10)
    at logger (C:\Users\Arpan suji\FundooNotes\Fundoonotes\node_modules\morgan\index.js:144:5)
    at Layer.handle [as handle_request] (C:\Users\Arpan suji\FundooNotes\Fundoonotes\node_modules\express\lib\router\layer.js:95:5)
    at trim_prefix (C:\Users\Arpan suji\FundooNotes\Fundoonotes\node_modules\express\lib\router\index.js:328:13)
    at C:\Users\Arpan suji\FundooNotes\Fundoonotes\node_modules\express\lib\router\index.js:286:9
    at Function.process_params (C:\Users\Arpan suji\FundooNotes\Fundoonotes\node_modules\express\lib\router\index.js:346:12)
    at next (C:\Users\Arpan suji\FundooNotes\Fundoonotes\node_modules\express\lib\router\index.js:280:10)
    at C:\Users\Arpan suji\FundooNotes\Fundoonotes\node_modules\body-parser\lib\read.js:137:5
    at AsyncResource.runInAsyncScope (node:async_hooks:202:9)
    at invokeCallback (C:\Users\Arpan suji\FundooNotes\Fundoonotes\node_modules\raw-body\index.js:231:16)
    at done (C:\Users\Arpan suji\FundooNotes\Fundoonotes\node_modules\raw-body\index.js:220:7)
    at IncomingMessage.onEnd (C:\Users\Arpan suji\FundooNotes\Fundoonotes\node_modules\raw-body\index.js:280:7)
    at IncomingMessage.emit (node:events:539:35)
    at endReadableNT (node:internal/streams/readable:1345:12)
    at processTicksAndRejections (node:internal/process/task_queues:83:21) 
    url - /api/v1/users/signUp 
    method - POST 
    IP - ::ffff:127.0.0.1
   {"timestamp":"2022-07-08T02:10:42.855Z"}
info: Server started at http://localhost:3000/api/v1/ {"timestamp":"2022-07-08T02:48:40.345Z"}
error: 
    status - 500 
    message - ReferenceError: HttpStatus is not defined
    at newUserValidator (C:\Users\Arpan suji\FundooNotes\Fundoonotes\src\validators\/user.validator.js:12:16)
    at Layer.handle [as handle_request] (C:\Users\Arpan suji\FundooNotes\Fundoonotes\node_modules\express\lib\router\layer.js:95:5)
    at next (C:\Users\Arpan suji\FundooNotes\Fundoonotes\node_modules\express\lib\router\route.js:144:13)
    at Route.dispatch (C:\Users\Arpan suji\FundooNotes\Fundoonotes\node_modules\express\lib\router\route.js:114:3)
    at Layer.handle [as handle_request] (C:\Users\Arpan suji\FundooNotes\Fundoonotes\node_modules\express\lib\router\layer.js:95:5)
    at C:\Users\Arpan suji\FundooNotes\Fundoonotes\node_modules\express\lib\router\index.js:284:15
    at Function.process_params (C:\Users\Arpan suji\FundooNotes\Fundoonotes\node_modules\express\lib\router\index.js:346:12)
    at next (C:\Users\Arpan suji\FundooNotes\Fundoonotes\node_modules\express\lib\router\index.js:280:10)
    at Function.handle (C:\Users\Arpan suji\FundooNotes\Fundoonotes\node_modules\express\lib\router\index.js:175:3)
    at router (C:\Users\Arpan suji\FundooNotes\Fundoonotes\node_modules\express\lib\router\index.js:47:12)
    at Layer.handle [as handle_request] (C:\Users\Arpan suji\FundooNotes\Fundoonotes\node_modules\express\lib\router\layer.js:95:5)
    at trim_prefix (C:\Users\Arpan suji\FundooNotes\Fundoonotes\node_modules\express\lib\router\index.js:328:13)
    at C:\Users\Arpan suji\FundooNotes\Fundoonotes\node_modules\express\lib\router\index.js:286:9
    at Function.process_params (C:\Users\Arpan suji\FundooNotes\Fundoonotes\node_modules\express\lib\router\index.js:346:12)
    at next (C:\Users\Arpan suji\FundooNotes\Fundoonotes\node_modules\express\lib\router\index.js:280:10)
    at Function.handle (C:\Users\Arpan suji\FundooNotes\Fundoonotes\node_modules\express\lib\router\index.js:175:3)
    at router (C:\Users\Arpan suji\FundooNotes\Fundoonotes\node_modules\express\lib\router\index.js:47:12)
    at Layer.handle [as handle_request] (C:\Users\Arpan suji\FundooNotes\Fundoonotes\node_modules\express\lib\router\layer.js:95:5)
    at trim_prefix (C:\Users\Arpan suji\FundooNotes\Fundoonotes\node_modules\express\lib\router\index.js:328:13)
    at C:\Users\Arpan suji\FundooNotes\Fundoonotes\node_modules\express\lib\router\index.js:286:9
    at Function.process_params (C:\Users\Arpan suji\FundooNotes\Fundoonotes\node_modules\express\lib\router\index.js:346:12)
    at next (C:\Users\Arpan suji\FundooNotes\Fundoonotes\node_modules\express\lib\router\index.js:280:10)
    at logger (C:\Users\Arpan suji\FundooNotes\Fundoonotes\node_modules\morgan\index.js:144:5)
    at Layer.handle [as handle_request] (C:\Users\Arpan suji\FundooNotes\Fundoonotes\node_modules\express\lib\router\layer.js:95:5)
    at trim_prefix (C:\Users\Arpan suji\FundooNotes\Fundoonotes\node_modules\express\lib\router\index.js:328:13)
    at C:\Users\Arpan suji\FundooNotes\Fundoonotes\node_modules\express\lib\router\index.js:286:9
    at Function.process_params (C:\Users\Arpan suji\FundooNotes\Fundoonotes\node_modules\express\lib\router\index.js:346:12)
    at next (C:\Users\Arpan suji\FundooNotes\Fundoonotes\node_modules\express\lib\router\index.js:280:10)
    at C:\Users\Arpan suji\FundooNotes\Fundoonotes\node_modules\body-parser\lib\read.js:137:5
    at AsyncResource.runInAsyncScope (node:async_hooks:202:9)
    at invokeCallback (C:\Users\Arpan suji\FundooNotes\Fundoonotes\node_modules\raw-body\index.js:231:16)
    at done (C:\Users\Arpan suji\FundooNotes\Fundoonotes\node_modules\raw-body\index.js:220:7)
    at IncomingMessage.onEnd (C:\Users\Arpan suji\FundooNotes\Fundoonotes\node_modules\raw-body\index.js:280:7)
    at IncomingMessage.emit (node:events:539:35)
    at endReadableNT (node:internal/streams/readable:1345:12)
    at processTicksAndRejections (node:internal/process/task_queues:83:21) 
    url - /api/v1/users/signUp 
    method - POST 
    IP - ::ffff:127.0.0.1
   {"timestamp":"2022-07-08T02:48:40.437Z"}
info: Server started at http://localhost:3000/api/v1/ {"timestamp":"2022-07-08T02:54:36.853Z"}
info: Connected to the database. {"timestamp":"2022-07-08T02:54:37.391Z"}
info: Server started at http://localhost:3000/api/v1/ {"timestamp":"2022-07-08T02:55:32.211Z"}
error: 
    status - 500 
    message - ReferenceError: HttpStatus is not defined
    at newUserValidator (C:\Users\Arpan suji\FundooNotes\Fundoonotes\src\validators\/user.validator.js:12:16)
    at Layer.handle [as handle_request] (C:\Users\Arpan suji\FundooNotes\Fundoonotes\node_modules\express\lib\router\layer.js:95:5)
    at next (C:\Users\Arpan suji\FundooNotes\Fundoonotes\node_modules\express\lib\router\route.js:144:13)
    at Route.dispatch (C:\Users\Arpan suji\FundooNotes\Fundoonotes\node_modules\express\lib\router\route.js:114:3)
    at Layer.handle [as handle_request] (C:\Users\Arpan suji\FundooNotes\Fundoonotes\node_modules\express\lib\router\layer.js:95:5)
    at C:\Users\Arpan suji\FundooNotes\Fundoonotes\node_modules\express\lib\router\index.js:284:15
    at Function.process_params (C:\Users\Arpan suji\FundooNotes\Fundoonotes\node_modules\express\lib\router\index.js:346:12)
    at next (C:\Users\Arpan suji\FundooNotes\Fundoonotes\node_modules\express\lib\router\index.js:280:10)
    at Function.handle (C:\Users\Arpan suji\FundooNotes\Fundoonotes\node_modules\express\lib\router\index.js:175:3)
    at router (C:\Users\Arpan suji\FundooNotes\Fundoonotes\node_modules\express\lib\router\index.js:47:12)
    at Layer.handle [as handle_request] (C:\Users\Arpan suji\FundooNotes\Fundoonotes\node_modules\express\lib\router\layer.js:95:5)
    at trim_prefix (C:\Users\Arpan suji\FundooNotes\Fundoonotes\node_modules\express\lib\router\index.js:328:13)
    at C:\Users\Arpan suji\FundooNotes\Fundoonotes\node_modules\express\lib\router\index.js:286:9
    at Function.process_params (C:\Users\Arpan suji\FundooNotes\Fundoonotes\node_modules\express\lib\router\index.js:346:12)
    at next (C:\Users\Arpan suji\FundooNotes\Fundoonotes\node_modules\express\lib\router\index.js:280:10)
    at Function.handle (C:\Users\Arpan suji\FundooNotes\Fundoonotes\node_modules\express\lib\router\index.js:175:3)
    at router (C:\Users\Arpan suji\FundooNotes\Fundoonotes\node_modules\express\lib\router\index.js:47:12)
    at Layer.handle [as handle_request] (C:\Users\Arpan suji\FundooNotes\Fundoonotes\node_modules\express\lib\router\layer.js:95:5)
    at trim_prefix (C:\Users\Arpan suji\FundooNotes\Fundoonotes\node_modules\express\lib\router\index.js:328:13)
    at C:\Users\Arpan suji\FundooNotes\Fundoonotes\node_modules\express\lib\router\index.js:286:9
    at Function.process_params (C:\Users\Arpan suji\FundooNotes\Fundoonotes\node_modules\express\lib\router\index.js:346:12)
    at next (C:\Users\Arpan suji\FundooNotes\Fundoonotes\node_modules\express\lib\router\index.js:280:10)
    at logger (C:\Users\Arpan suji\FundooNotes\Fundoonotes\node_modules\morgan\index.js:144:5)
    at Layer.handle [as handle_request] (C:\Users\Arpan suji\FundooNotes\Fundoonotes\node_modules\express\lib\router\layer.js:95:5)
    at trim_prefix (C:\Users\Arpan suji\FundooNotes\Fundoonotes\node_modules\express\lib\router\index.js:328:13)
    at C:\Users\Arpan suji\FundooNotes\Fundoonotes\node_modules\express\lib\router\index.js:286:9
    at Function.process_params (C:\Users\Arpan suji\FundooNotes\Fundoonotes\node_modules\express\lib\router\index.js:346:12)
    at next (C:\Users\Arpan suji\FundooNotes\Fundoonotes\node_modules\express\lib\router\index.js:280:10)
    at C:\Users\Arpan suji\FundooNotes\Fundoonotes\node_modules\body-parser\lib\read.js:137:5
    at AsyncResource.runInAsyncScope (node:async_hooks:202:9)
    at invokeCallback (C:\Users\Arpan suji\FundooNotes\Fundoonotes\node_modules\raw-body\index.js:231:16)
    at done (C:\Users\Arpan suji\FundooNotes\Fundoonotes\node_modules\raw-body\index.js:220:7)
    at IncomingMessage.onEnd (C:\Users\Arpan suji\FundooNotes\Fundoonotes\node_modules\raw-body\index.js:280:7)
    at IncomingMessage.emit (node:events:539:35)
    at endReadableNT (node:internal/streams/readable:1345:12)
    at processTicksAndRejections (node:internal/process/task_queues:83:21) 
    url - /api/v1/users/signUp 
    method - POST 
    IP - ::ffff:127.0.0.1
   {"timestamp":"2022-07-08T02:55:32.307Z"}
info: Server started at http://localhost:3000/api/v1/ {"timestamp":"2022-07-08T02:58:20.251Z"}
error: 
    status - 500 
    message - ReferenceError: HttpStatus is not defined
    at newUserValidator (C:\Users\Arpan suji\FundooNotes\Fundoonotes\src\validators\/user.validator.js:12:16)
    at Layer.handle [as handle_request] (C:\Users\Arpan suji\FundooNotes\Fundoonotes\node_modules\express\lib\router\layer.js:95:5)
    at next (C:\Users\Arpan suji\FundooNotes\Fundoonotes\node_modules\express\lib\router\route.js:144:13)
    at Route.dispatch (C:\Users\Arpan suji\FundooNotes\Fundoonotes\node_modules\express\lib\router\route.js:114:3)
    at Layer.handle [as handle_request] (C:\Users\Arpan suji\FundooNotes\Fundoonotes\node_modules\express\lib\router\layer.js:95:5)
    at C:\Users\Arpan suji\FundooNotes\Fundoonotes\node_modules\express\lib\router\index.js:284:15
    at Function.process_params (C:\Users\Arpan suji\FundooNotes\Fundoonotes\node_modules\express\lib\router\index.js:346:12)
    at next (C:\Users\Arpan suji\FundooNotes\Fundoonotes\node_modules\express\lib\router\index.js:280:10)
    at Function.handle (C:\Users\Arpan suji\FundooNotes\Fundoonotes\node_modules\express\lib\router\index.js:175:3)
    at router (C:\Users\Arpan suji\FundooNotes\Fundoonotes\node_modules\express\lib\router\index.js:47:12)
    at Layer.handle [as handle_request] (C:\Users\Arpan suji\FundooNotes\Fundoonotes\node_modules\express\lib\router\layer.js:95:5)
    at trim_prefix (C:\Users\Arpan suji\FundooNotes\Fundoonotes\node_modules\express\lib\router\index.js:328:13)
    at C:\Users\Arpan suji\FundooNotes\Fundoonotes\node_modules\express\lib\router\index.js:286:9
    at Function.process_params (C:\Users\Arpan suji\FundooNotes\Fundoonotes\node_modules\express\lib\router\index.js:346:12)
    at next (C:\Users\Arpan suji\FundooNotes\Fundoonotes\node_modules\express\lib\router\index.js:280:10)
    at Function.handle (C:\Users\Arpan suji\FundooNotes\Fundoonotes\node_modules\express\lib\router\index.js:175:3)
    at router (C:\Users\Arpan suji\FundooNotes\Fundoonotes\node_modules\express\lib\router\index.js:47:12)
    at Layer.handle [as handle_request] (C:\Users\Arpan suji\FundooNotes\Fundoonotes\node_modules\express\lib\router\layer.js:95:5)
    at trim_prefix (C:\Users\Arpan suji\FundooNotes\Fundoonotes\node_modules\express\lib\router\index.js:328:13)
    at C:\Users\Arpan suji\FundooNotes\Fundoonotes\node_modules\express\lib\router\index.js:286:9
    at Function.process_params (C:\Users\Arpan suji\FundooNotes\Fundoonotes\node_modules\express\lib\router\index.js:346:12)
    at next (C:\Users\Arpan suji\FundooNotes\Fundoonotes\node_modules\express\lib\router\index.js:280:10)
    at logger (C:\Users\Arpan suji\FundooNotes\Fundoonotes\node_modules\morgan\index.js:144:5)
    at Layer.handle [as handle_request] (C:\Users\Arpan suji\FundooNotes\Fundoonotes\node_modules\express\lib\router\layer.js:95:5)
    at trim_prefix (C:\Users\Arpan suji\FundooNotes\Fundoonotes\node_modules\express\lib\router\index.js:328:13)
    at C:\Users\Arpan suji\FundooNotes\Fundoonotes\node_modules\express\lib\router\index.js:286:9
    at Function.process_params (C:\Users\Arpan suji\FundooNotes\Fundoonotes\node_modules\express\lib\router\index.js:346:12)
    at next (C:\Users\Arpan suji\FundooNotes\Fundoonotes\node_modules\express\lib\router\index.js:280:10)
    at C:\Users\Arpan suji\FundooNotes\Fundoonotes\node_modules\body-parser\lib\read.js:137:5
    at AsyncResource.runInAsyncScope (node:async_hooks:202:9)
    at invokeCallback (C:\Users\Arpan suji\FundooNotes\Fundoonotes\node_modules\raw-body\index.js:231:16)
    at done (C:\Users\Arpan suji\FundooNotes\Fundoonotes\node_modules\raw-body\index.js:220:7)
    at IncomingMessage.onEnd (C:\Users\Arpan suji\FundooNotes\Fundoonotes\node_modules\raw-body\index.js:280:7)
    at IncomingMessage.emit (node:events:539:35)
    at endReadableNT (node:internal/streams/readable:1345:12)
    at processTicksAndRejections (node:internal/process/task_queues:83:21) 
    url - /api/v1/users/signUp 
    method - POST 
    IP - ::ffff:127.0.0.1
   {"timestamp":"2022-07-08T02:58:20.323Z"}
info: Server started at http://localhost:3000/api/v1/ {"timestamp":"2022-07-08T03:02:00.783Z"}
error: 
    status - 500 
    message - ReferenceError: HttpStatus is not defined
    at newUserValidator (C:\Users\Arpan suji\FundooNotes\Fundoonotes\src\validators\/user.validator.js:12:16)
    at Layer.handle [as handle_request] (C:\Users\Arpan suji\FundooNotes\Fundoonotes\node_modules\express\lib\router\layer.js:95:5)
    at next (C:\Users\Arpan suji\FundooNotes\Fundoonotes\node_modules\express\lib\router\route.js:144:13)
    at Route.dispatch (C:\Users\Arpan suji\FundooNotes\Fundoonotes\node_modules\express\lib\router\route.js:114:3)
    at Layer.handle [as handle_request] (C:\Users\Arpan suji\FundooNotes\Fundoonotes\node_modules\express\lib\router\layer.js:95:5)
    at C:\Users\Arpan suji\FundooNotes\Fundoonotes\node_modules\express\lib\router\index.js:284:15
    at Function.process_params (C:\Users\Arpan suji\FundooNotes\Fundoonotes\node_modules\express\lib\router\index.js:346:12)
    at next (C:\Users\Arpan suji\FundooNotes\Fundoonotes\node_modules\express\lib\router\index.js:280:10)
    at Function.handle (C:\Users\Arpan suji\FundooNotes\Fundoonotes\node_modules\express\lib\router\index.js:175:3)
    at router (C:\Users\Arpan suji\FundooNotes\Fundoonotes\node_modules\express\lib\router\index.js:47:12)
    at Layer.handle [as handle_request] (C:\Users\Arpan suji\FundooNotes\Fundoonotes\node_modules\express\lib\router\layer.js:95:5)
    at trim_prefix (C:\Users\Arpan suji\FundooNotes\Fundoonotes\node_modules\express\lib\router\index.js:328:13)
    at C:\Users\Arpan suji\FundooNotes\Fundoonotes\node_modules\express\lib\router\index.js:286:9
    at Function.process_params (C:\Users\Arpan suji\FundooNotes\Fundoonotes\node_modules\express\lib\router\index.js:346:12)
    at next (C:\Users\Arpan suji\FundooNotes\Fundoonotes\node_modules\express\lib\router\index.js:280:10)
    at Function.handle (C:\Users\Arpan suji\FundooNotes\Fundoonotes\node_modules\express\lib\router\index.js:175:3)
    at router (C:\Users\Arpan suji\FundooNotes\Fundoonotes\node_modules\express\lib\router\index.js:47:12)
    at Layer.handle [as handle_request] (C:\Users\Arpan suji\FundooNotes\Fundoonotes\node_modules\express\lib\router\layer.js:95:5)
    at trim_prefix (C:\Users\Arpan suji\FundooNotes\Fundoonotes\node_modules\express\lib\router\index.js:328:13)
    at C:\Users\Arpan suji\FundooNotes\Fundoonotes\node_modules\express\lib\router\index.js:286:9
    at Function.process_params (C:\Users\Arpan suji\FundooNotes\Fundoonotes\node_modules\express\lib\router\index.js:346:12)
    at next (C:\Users\Arpan suji\FundooNotes\Fundoonotes\node_modules\express\lib\router\index.js:280:10)
    at logger (C:\Users\Arpan suji\FundooNotes\Fundoonotes\node_modules\morgan\index.js:144:5)
    at Layer.handle [as handle_request] (C:\Users\Arpan suji\FundooNotes\Fundoonotes\node_modules\express\lib\router\layer.js:95:5)
    at trim_prefix (C:\Users\Arpan suji\FundooNotes\Fundoonotes\node_modules\express\lib\router\index.js:328:13)
    at C:\Users\Arpan suji\FundooNotes\Fundoonotes\node_modules\express\lib\router\index.js:286:9
    at Function.process_params (C:\Users\Arpan suji\FundooNotes\Fundoonotes\node_modules\express\lib\router\index.js:346:12)
    at next (C:\Users\Arpan suji\FundooNotes\Fundoonotes\node_modules\express\lib\router\index.js:280:10)
    at C:\Users\Arpan suji\FundooNotes\Fundoonotes\node_modules\body-parser\lib\read.js:137:5
    at AsyncResource.runInAsyncScope (node:async_hooks:202:9)
    at invokeCallback (C:\Users\Arpan suji\FundooNotes\Fundoonotes\node_modules\raw-body\index.js:231:16)
    at done (C:\Users\Arpan suji\FundooNotes\Fundoonotes\node_modules\raw-body\index.js:220:7)
    at IncomingMessage.onEnd (C:\Users\Arpan suji\FundooNotes\Fundoonotes\node_modules\raw-body\index.js:280:7)
    at IncomingMessage.emit (node:events:539:35)
    at endReadableNT (node:internal/streams/readable:1345:12)
    at processTicksAndRejections (node:internal/process/task_queues:83:21) 
    url - /api/v1/users/signUp 
    method - POST 
    IP - ::ffff:127.0.0.1
   {"timestamp":"2022-07-08T03:02:00.853Z"}
info: Server started at http://localhost:3000/api/v1/ {"timestamp":"2022-07-08T03:02:35.672Z"}
error: 
    status - 500 
    message - ReferenceError: HttpStatus is not defined
    at newUserValidator (C:\Users\Arpan suji\FundooNotes\Fundoonotes\src\validators\/user.validator.js:12:16)
    at Layer.handle [as handle_request] (C:\Users\Arpan suji\FundooNotes\Fundoonotes\node_modules\express\lib\router\layer.js:95:5)
    at next (C:\Users\Arpan suji\FundooNotes\Fundoonotes\node_modules\express\lib\router\route.js:144:13)
    at Route.dispatch (C:\Users\Arpan suji\FundooNotes\Fundoonotes\node_modules\express\lib\router\route.js:114:3)
    at Layer.handle [as handle_request] (C:\Users\Arpan suji\FundooNotes\Fundoonotes\node_modules\express\lib\router\layer.js:95:5)
    at C:\Users\Arpan suji\FundooNotes\Fundoonotes\node_modules\express\lib\router\index.js:284:15
    at Function.process_params (C:\Users\Arpan suji\FundooNotes\Fundoonotes\node_modules\express\lib\router\index.js:346:12)
    at next (C:\Users\Arpan suji\FundooNotes\Fundoonotes\node_modules\express\lib\router\index.js:280:10)
    at Function.handle (C:\Users\Arpan suji\FundooNotes\Fundoonotes\node_modules\express\lib\router\index.js:175:3)
    at router (C:\Users\Arpan suji\FundooNotes\Fundoonotes\node_modules\express\lib\router\index.js:47:12)
    at Layer.handle [as handle_request] (C:\Users\Arpan suji\FundooNotes\Fundoonotes\node_modules\express\lib\router\layer.js:95:5)
    at trim_prefix (C:\Users\Arpan suji\FundooNotes\Fundoonotes\node_modules\express\lib\router\index.js:328:13)
    at C:\Users\Arpan suji\FundooNotes\Fundoonotes\node_modules\express\lib\router\index.js:286:9
    at Function.process_params (C:\Users\Arpan suji\FundooNotes\Fundoonotes\node_modules\express\lib\router\index.js:346:12)
    at next (C:\Users\Arpan suji\FundooNotes\Fundoonotes\node_modules\express\lib\router\index.js:280:10)
    at Function.handle (C:\Users\Arpan suji\FundooNotes\Fundoonotes\node_modules\express\lib\router\index.js:175:3)
    at router (C:\Users\Arpan suji\FundooNotes\Fundoonotes\node_modules\express\lib\router\index.js:47:12)
    at Layer.handle [as handle_request] (C:\Users\Arpan suji\FundooNotes\Fundoonotes\node_modules\express\lib\router\layer.js:95:5)
    at trim_prefix (C:\Users\Arpan suji\FundooNotes\Fundoonotes\node_modules\express\lib\router\index.js:328:13)
    at C:\Users\Arpan suji\FundooNotes\Fundoonotes\node_modules\express\lib\router\index.js:286:9
    at Function.process_params (C:\Users\Arpan suji\FundooNotes\Fundoonotes\node_modules\express\lib\router\index.js:346:12)
    at next (C:\Users\Arpan suji\FundooNotes\Fundoonotes\node_modules\express\lib\router\index.js:280:10)
    at logger (C:\Users\Arpan suji\FundooNotes\Fundoonotes\node_modules\morgan\index.js:144:5)
    at Layer.handle [as handle_request] (C:\Users\Arpan suji\FundooNotes\Fundoonotes\node_modules\express\lib\router\layer.js:95:5)
    at trim_prefix (C:\Users\Arpan suji\FundooNotes\Fundoonotes\node_modules\express\lib\router\index.js:328:13)
    at C:\Users\Arpan suji\FundooNotes\Fundoonotes\node_modules\express\lib\router\index.js:286:9
    at Function.process_params (C:\Users\Arpan suji\FundooNotes\Fundoonotes\node_modules\express\lib\router\index.js:346:12)
    at next (C:\Users\Arpan suji\FundooNotes\Fundoonotes\node_modules\express\lib\router\index.js:280:10)
    at C:\Users\Arpan suji\FundooNotes\Fundoonotes\node_modules\body-parser\lib\read.js:137:5
    at AsyncResource.runInAsyncScope (node:async_hooks:202:9)
    at invokeCallback (C:\Users\Arpan suji\FundooNotes\Fundoonotes\node_modules\raw-body\index.js:231:16)
    at done (C:\Users\Arpan suji\FundooNotes\Fundoonotes\node_modules\raw-body\index.js:220:7)
    at IncomingMessage.onEnd (C:\Users\Arpan suji\FundooNotes\Fundoonotes\node_modules\raw-body\index.js:280:7)
    at IncomingMessage.emit (node:events:539:35)
    at endReadableNT (node:internal/streams/readable:1345:12)
    at processTicksAndRejections (node:internal/process/task_queues:83:21) 
    url - /api/v1/users/signUp 
    method - POST 
    IP - ::ffff:127.0.0.1
   {"timestamp":"2022-07-08T03:02:35.752Z"}
info: Server started at http://localhost:3000/api/v1/ {"timestamp":"2022-07-08T16:00:46.414Z"}
info: Connected to the database. {"timestamp":"2022-07-08T16:00:47.507Z"}
