info: Server started at http://localhost:3000/api/v1/ {"timestamp":"2022-06-24T06:50:40.371Z"}
info: Connected to the database. {"timestamp":"2022-06-24T06:50:40.685Z"}
info: Server started at http://localhost:3000/api/v1/ {"timestamp":"2022-06-24T06:51:02.765Z"}
info: Connected to the database. {"timestamp":"2022-06-24T06:51:02.787Z"}
info: Server started at http://localhost:3000/api/v1/ {"timestamp":"2022-06-24T06:51:25.483Z"}
info: Connected to the database. {"timestamp":"2022-06-24T06:51:25.511Z"}
info: Server started at http://localhost:3000/api/v1/ {"timestamp":"2022-06-24T07:01:18.134Z"}
info: Connected to the database. {"timestamp":"2022-06-24T07:01:18.160Z"}
info: Server started at http://localhost:3000/api/v1/ {"timestamp":"2022-06-24T07:02:01.305Z"}
info: Connected to the database. {"timestamp":"2022-06-24T07:02:01.331Z"}
info: Server started at http://localhost:3000/api/v1/ {"timestamp":"2022-06-24T07:07:35.884Z"}
info: Connected to the database. {"timestamp":"2022-06-24T07:07:35.916Z"}
info: Server started at http://localhost:3000/api/v1/ {"timestamp":"2022-06-24T07:07:48.060Z"}
info: Connected to the database. {"timestamp":"2022-06-24T07:07:48.109Z"}
error: 
    status - 500 
    message - TypeError: UserService.getUser is not a function
    at _callee2$ (C:\Users\Arpan suji\FundooNotes\Fundoonotes\src\controllers\/user.controller.js:31:36)
    at tryCatch (C:\Users\Arpan suji\FundooNotes\Fundoonotes\node_modules\@babel\runtime\helpers\regeneratorRuntime.js:86:17)
    at Generator._invoke (C:\Users\Arpan suji\FundooNotes\Fundoonotes\node_modules\@babel\runtime\helpers\regeneratorRuntime.js:66:24)
    at Generator.next (C:\Users\Arpan suji\FundooNotes\Fundoonotes\node_modules\@babel\runtime\helpers\regeneratorRuntime.js:117:21)
    at asyncGeneratorStep (C:\Users\Arpan suji\FundooNotes\Fundoonotes\node_modules\@babel\runtime\helpers\asyncToGenerator.js:3:24)
    at _next (C:\Users\Arpan suji\FundooNotes\Fundoonotes\node_modules\@babel\runtime\helpers\asyncToGenerator.js:25:9)
    at C:\Users\Arpan suji\FundooNotes\Fundoonotes\node_modules\@babel\runtime\helpers\asyncToGenerator.js:32:7
    at new Promise (<anonymous>)
    at C:\Users\Arpan suji\FundooNotes\Fundoonotes\node_modules\@babel\runtime\helpers\asyncToGenerator.js:21:12
    at userLogin (C:\Users\Arpan suji\FundooNotes\Fundoonotes\src\controllers\/user.controller.js:29:23)
    at Layer.handle [as handle_request] (C:\Users\Arpan suji\FundooNotes\Fundoonotes\node_modules\express\lib\router\layer.js:95:5)
    at next (C:\Users\Arpan suji\FundooNotes\Fundoonotes\node_modules\express\lib\router\route.js:144:13)
    at Route.dispatch (C:\Users\Arpan suji\FundooNotes\Fundoonotes\node_modules\express\lib\router\route.js:114:3)
    at Layer.handle [as handle_request] (C:\Users\Arpan suji\FundooNotes\Fundoonotes\node_modules\express\lib\router\layer.js:95:5)
    at C:\Users\Arpan suji\FundooNotes\Fundoonotes\node_modules\express\lib\router\index.js:284:15
    at Function.process_params (C:\Users\Arpan suji\FundooNotes\Fundoonotes\node_modules\express\lib\router\index.js:346:12) 
    url - /api/v1/users/login 
    method - POST 
    IP - ::1
   {"timestamp":"2022-06-24T07:08:28.562Z"}
info: Server started at http://localhost:3000/api/v1/ {"timestamp":"2022-06-24T07:19:37.078Z"}
info: Connected to the database. {"timestamp":"2022-06-24T07:19:37.112Z"}
info: Server started at http://localhost:3000/api/v1/ {"timestamp":"2022-06-24T07:19:40.259Z"}
info: Connected to the database. {"timestamp":"2022-06-24T07:19:40.444Z"}
error: 
    status - 500 
    message - TypeError: UserService.getUser is not a function
    at _callee2$ (C:\Users\Arpan suji\FundooNotes\Fundoonotes\src\controllers\/user.controller.js:31:36)
    at tryCatch (C:\Users\Arpan suji\FundooNotes\Fundoonotes\node_modules\@babel\runtime\helpers\regeneratorRuntime.js:86:17)
    at Generator._invoke (C:\Users\Arpan suji\FundooNotes\Fundoonotes\node_modules\@babel\runtime\helpers\regeneratorRuntime.js:66:24)
    at Generator.next (C:\Users\Arpan suji\FundooNotes\Fundoonotes\node_modules\@babel\runtime\helpers\regeneratorRuntime.js:117:21)
    at asyncGeneratorStep (C:\Users\Arpan suji\FundooNotes\Fundoonotes\node_modules\@babel\runtime\helpers\asyncToGenerator.js:3:24)
    at _next (C:\Users\Arpan suji\FundooNotes\Fundoonotes\node_modules\@babel\runtime\helpers\asyncToGenerator.js:25:9)
    at C:\Users\Arpan suji\FundooNotes\Fundoonotes\node_modules\@babel\runtime\helpers\asyncToGenerator.js:32:7
    at new Promise (<anonymous>)
    at C:\Users\Arpan suji\FundooNotes\Fundoonotes\node_modules\@babel\runtime\helpers\asyncToGenerator.js:21:12
    at userLogin (C:\Users\Arpan suji\FundooNotes\Fundoonotes\src\controllers\/user.controller.js:29:23)
    at Layer.handle [as handle_request] (C:\Users\Arpan suji\FundooNotes\Fundoonotes\node_modules\express\lib\router\layer.js:95:5)
    at next (C:\Users\Arpan suji\FundooNotes\Fundoonotes\node_modules\express\lib\router\route.js:144:13)
    at Route.dispatch (C:\Users\Arpan suji\FundooNotes\Fundoonotes\node_modules\express\lib\router\route.js:114:3)
    at Layer.handle [as handle_request] (C:\Users\Arpan suji\FundooNotes\Fundoonotes\node_modules\express\lib\router\layer.js:95:5)
    at C:\Users\Arpan suji\FundooNotes\Fundoonotes\node_modules\express\lib\router\index.js:284:15
    at Function.process_params (C:\Users\Arpan suji\FundooNotes\Fundoonotes\node_modules\express\lib\router\index.js:346:12) 
    url - /api/v1/users/login 
    method - POST 
    IP - ::1
   {"timestamp":"2022-06-24T07:20:03.307Z"}
info: Server started at http://localhost:3000/api/v1/ {"timestamp":"2022-06-24T07:21:10.981Z"}
info: Connected to the database. {"timestamp":"2022-06-24T07:21:11.006Z"}
error: 
    status - 500 
    message - CastError: Cast to ObjectId failed for value "{
  email: { email: 'arpan@gmail.com', password: 'abcd' },
  password: undefined
}" (type Object) at path "_id" for model "User"
    at model.Query.exec (C:\Users\Arpan suji\FundooNotes\Fundoonotes\node_modules\mongoose\lib\query.js:4498:21)
    at model.Query.Query.then (C:\Users\Arpan suji\FundooNotes\Fundoonotes\node_modules\mongoose\lib\query.js:4592:15)
    at processTicksAndRejections (node:internal/process/task_queues:96:5) 
    url - /api/v1/users/login 
    method - POST 
    IP - ::1
   {"timestamp":"2022-06-24T07:21:13.618Z"}
error: 
    status - 500 
    message - CastError: Cast to ObjectId failed for value "{
  email: { email: 'arpan@gmail.com', password: 'abcd' },
  password: undefined
}" (type Object) at path "_id" for model "User"
    at model.Query.exec (C:\Users\Arpan suji\FundooNotes\Fundoonotes\node_modules\mongoose\lib\query.js:4498:21)
    at model.Query.Query.then (C:\Users\Arpan suji\FundooNotes\Fundoonotes\node_modules\mongoose\lib\query.js:4592:15)
    at processTicksAndRejections (node:internal/process/task_queues:96:5) 
    url - /api/v1/users/login 
    method - POST 
    IP - ::1
   {"timestamp":"2022-06-24T07:22:04.545Z"}
info: Server started at http://localhost:3000/api/v1/ {"timestamp":"2022-06-24T07:22:49.792Z"}
info: Connected to the database. {"timestamp":"2022-06-24T07:22:49.815Z"}
error: 
    status - 500 
    message - CastError: Cast to ObjectId failed for value "{ email: { email: 'arpan@gmail.com', password: 'abcd' } }" (type Object) at path "_id" for model "User"
    at model.Query.exec (C:\Users\Arpan suji\FundooNotes\Fundoonotes\node_modules\mongoose\lib\query.js:4498:21)
    at model.Query.Query.then (C:\Users\Arpan suji\FundooNotes\Fundoonotes\node_modules\mongoose\lib\query.js:4592:15)
    at processTicksAndRejections (node:internal/process/task_queues:96:5) 
    url - /api/v1/users/login 
    method - POST 
    IP - ::1
   {"timestamp":"2022-06-24T07:22:56.715Z"}
info: Server started at http://localhost:3000/api/v1/ {"timestamp":"2022-06-24T10:06:17.559Z"}
info: Connected to the database. {"timestamp":"2022-06-24T10:06:17.584Z"}
info: Server started at http://localhost:3000/api/v1/ {"timestamp":"2022-06-24T10:07:32.347Z"}
info: Connected to the database. {"timestamp":"2022-06-24T10:07:32.370Z"}
error: 
    status - 500 
    message - ValidationError: "firstName" is required 
    url - /api/v1/users/login 
    method - POST 
    IP - ::1
   {"timestamp":"2022-06-24T10:07:52.394Z"}
info: Server started at http://localhost:3000/api/v1/ {"timestamp":"2022-06-24T10:13:02.362Z"}
info: Connected to the database. {"timestamp":"2022-06-24T10:13:02.385Z"}
info: Server started at http://localhost:3000/api/v1/ {"timestamp":"2022-06-24T10:13:11.378Z"}
info: Connected to the database. {"timestamp":"2022-06-24T10:13:11.400Z"}
error: 
    status - 500 
    message - CastError: Cast to ObjectId failed for value "{ email: 'arpan@gmail.com', password: 'abcd' }" (type Object) at path "_id" for model "User"
    at model.Query.exec (C:\Users\Arpan suji\FundooNotes\Fundoonotes\node_modules\mongoose\lib\query.js:4498:21)
    at model.Query.Query.then (C:\Users\Arpan suji\FundooNotes\Fundoonotes\node_modules\mongoose\lib\query.js:4592:15)
    at processTicksAndRejections (node:internal/process/task_queues:96:5) 
    url - /api/v1/users/login 
    method - POST 
    IP - ::1
   {"timestamp":"2022-06-24T10:13:17.797Z"}
info: Server started at http://localhost:3000/api/v1/ {"timestamp":"2022-06-24T10:14:46.086Z"}
error: uncaughtException: collection name must be a String
MongoError: collection name must be a String
    at checkCollectionName (C:\Users\Arpan suji\FundooNotes\Fundoonotes\node_modules\mongodb\lib\utils.js:80:11)
    at new Collection (C:\Users\Arpan suji\FundooNotes\Fundoonotes\node_modules\mongodb\lib\collection.js:101:3)
    at Db.<anonymous> (C:\Users\Arpan suji\FundooNotes\Fundoonotes\node_modules\mongodb\lib\db.js:457:28)
    at Db.deprecated (C:\Users\Arpan suji\FundooNotes\Fundoonotes\node_modules\mongodb\lib\utils.js:591:17)
    at NativeCollection.onOpen (C:\Users\Arpan suji\FundooNotes\Fundoonotes\node_modules\mongoose\lib\drivers\node-mongodb-native\collection.js:55:34)
    at NativeConnection.Connection.onOpen (C:\Users\Arpan suji\FundooNotes\Fundoonotes\node_modules\mongoose\lib\connection.js:642:27)
    at _setClient (C:\Users\Arpan suji\FundooNotes\Fundoonotes\node_modules\mongoose\lib\connection.js:999:8)
    at C:\Users\Arpan suji\FundooNotes\Fundoonotes\node_modules\mongoose\lib\connection.js:841:7
    at C:\Users\Arpan suji\FundooNotes\Fundoonotes\node_modules\mongodb\lib\utils.js:704:5
    at C:\Users\Arpan suji\FundooNotes\Fundoonotes\node_modules\mongodb\lib\mongo_client.js:286:7
    at connectCallback (C:\Users\Arpan suji\FundooNotes\Fundoonotes\node_modules\mongodb\lib\operations\connect.js:367:5)
    at C:\Users\Arpan suji\FundooNotes\Fundoonotes\node_modules\mongodb\lib\operations\connect.js:557:5
    at Object.connectHandler [as callback] (C:\Users\Arpan suji\FundooNotes\Fundoonotes\node_modules\mongodb\lib\core\sdam\topology.js:298:43)
    at processWaitQueue (C:\Users\Arpan suji\FundooNotes\Fundoonotes\node_modules\mongodb\lib\core\sdam\topology.js:1066:21)
    at NativeTopology.serverUpdateHandler (C:\Users\Arpan suji\FundooNotes\Fundoonotes\node_modules\mongodb\lib\core\sdam\topology.js:571:7)
    at Server.emit (node:events:527:28) {"date":"Fri Jun 24 2022 15:44:47 GMT+0530 (India Standard Time)","error":{"name":"MongoError"},"exception":true,"os":{"loadavg":[0,0,0],"uptime":401666},"process":{"argv":["node","C:\\Users\\Arpan suji\\FundooNotes\\Fundoonotes\\src\\index.js"],"cwd":"C:\\Users\\Arpan suji\\FundooNotes\\Fundoonotes","execPath":"C:\\Program Files\\nodejs\\node.exe","gid":null,"memoryUsage":{"arrayBuffers":18894488,"external":23143145,"heapTotal":80519168,"heapUsed":46226552,"rss":113836032},"pid":17460,"uid":null,"version":"v16.15.1"},"stack":"MongoError: collection name must be a String\n    at checkCollectionName (C:\\Users\\Arpan suji\\FundooNotes\\Fundoonotes\\node_modules\\mongodb\\lib\\utils.js:80:11)\n    at new Collection (C:\\Users\\Arpan suji\\FundooNotes\\Fundoonotes\\node_modules\\mongodb\\lib\\collection.js:101:3)\n    at Db.<anonymous> (C:\\Users\\Arpan suji\\FundooNotes\\Fundoonotes\\node_modules\\mongodb\\lib\\db.js:457:28)\n    at Db.deprecated (C:\\Users\\Arpan suji\\FundooNotes\\Fundoonotes\\node_modules\\mongodb\\lib\\utils.js:591:17)\n    at NativeCollection.onOpen (C:\\Users\\Arpan suji\\FundooNotes\\Fundoonotes\\node_modules\\mongoose\\lib\\drivers\\node-mongodb-native\\collection.js:55:34)\n    at NativeConnection.Connection.onOpen (C:\\Users\\Arpan suji\\FundooNotes\\Fundoonotes\\node_modules\\mongoose\\lib\\connection.js:642:27)\n    at _setClient (C:\\Users\\Arpan suji\\FundooNotes\\Fundoonotes\\node_modules\\mongoose\\lib\\connection.js:999:8)\n    at C:\\Users\\Arpan suji\\FundooNotes\\Fundoonotes\\node_modules\\mongoose\\lib\\connection.js:841:7\n    at C:\\Users\\Arpan suji\\FundooNotes\\Fundoonotes\\node_modules\\mongodb\\lib\\utils.js:704:5\n    at C:\\Users\\Arpan suji\\FundooNotes\\Fundoonotes\\node_modules\\mongodb\\lib\\mongo_client.js:286:7\n    at connectCallback (C:\\Users\\Arpan suji\\FundooNotes\\Fundoonotes\\node_modules\\mongodb\\lib\\operations\\connect.js:367:5)\n    at C:\\Users\\Arpan suji\\FundooNotes\\Fundoonotes\\node_modules\\mongodb\\lib\\operations\\connect.js:557:5\n    at Object.connectHandler [as callback] (C:\\Users\\Arpan suji\\FundooNotes\\Fundoonotes\\node_modules\\mongodb\\lib\\core\\sdam\\topology.js:298:43)\n    at processWaitQueue (C:\\Users\\Arpan suji\\FundooNotes\\Fundoonotes\\node_modules\\mongodb\\lib\\core\\sdam\\topology.js:1066:21)\n    at NativeTopology.serverUpdateHandler (C:\\Users\\Arpan suji\\FundooNotes\\Fundoonotes\\node_modules\\mongodb\\lib\\core\\sdam\\topology.js:571:7)\n    at Server.emit (node:events:527:28)","timestamp":"2022-06-24T10:14:47.312Z","trace":[{"column":11,"file":"C:\\Users\\Arpan suji\\FundooNotes\\Fundoonotes\\node_modules\\mongodb\\lib\\utils.js","function":"checkCollectionName","line":80,"method":null,"native":false},{"column":3,"file":"C:\\Users\\Arpan suji\\FundooNotes\\Fundoonotes\\node_modules\\mongodb\\lib\\collection.js","function":"new Collection","line":101,"method":null,"native":false},{"column":28,"file":"C:\\Users\\Arpan suji\\FundooNotes\\Fundoonotes\\node_modules\\mongodb\\lib\\db.js","function":null,"line":457,"method":null,"native":false},{"column":17,"file":"C:\\Users\\Arpan suji\\FundooNotes\\Fundoonotes\\node_modules\\mongodb\\lib\\utils.js","function":"Db.deprecated","line":591,"method":"deprecated","native":false},{"column":34,"file":"C:\\Users\\Arpan suji\\FundooNotes\\Fundoonotes\\node_modules\\mongoose\\lib\\drivers\\node-mongodb-native\\collection.js","function":"NativeCollection.onOpen","line":55,"method":"onOpen","native":false},{"column":27,"file":"C:\\Users\\Arpan suji\\FundooNotes\\Fundoonotes\\node_modules\\mongoose\\lib\\connection.js","function":"NativeConnection.Connection.onOpen","line":642,"method":"onOpen","native":false},{"column":8,"file":"C:\\Users\\Arpan suji\\FundooNotes\\Fundoonotes\\node_modules\\mongoose\\lib\\connection.js","function":"_setClient","line":999,"method":null,"native":false},{"column":7,"file":"C:\\Users\\Arpan suji\\FundooNotes\\Fundoonotes\\node_modules\\mongoose\\lib\\connection.js","function":null,"line":841,"method":null,"native":false},{"column":5,"file":"C:\\Users\\Arpan suji\\FundooNotes\\Fundoonotes\\node_modules\\mongodb\\lib\\utils.js","function":null,"line":704,"method":null,"native":false},{"column":7,"file":"C:\\Users\\Arpan suji\\FundooNotes\\Fundoonotes\\node_modules\\mongodb\\lib\\mongo_client.js","function":null,"line":286,"method":null,"native":false},{"column":5,"file":"C:\\Users\\Arpan suji\\FundooNotes\\Fundoonotes\\node_modules\\mongodb\\lib\\operations\\connect.js","function":"connectCallback","line":367,"method":null,"native":false},{"column":5,"file":"C:\\Users\\Arpan suji\\FundooNotes\\Fundoonotes\\node_modules\\mongodb\\lib\\operations\\connect.js","function":null,"line":557,"method":null,"native":false},{"column":43,"file":"C:\\Users\\Arpan suji\\FundooNotes\\Fundoonotes\\node_modules\\mongodb\\lib\\core\\sdam\\topology.js","function":"Object.connectHandler [as callback]","line":298,"method":"connectHandler [as callback]","native":false},{"column":21,"file":"C:\\Users\\Arpan suji\\FundooNotes\\Fundoonotes\\node_modules\\mongodb\\lib\\core\\sdam\\topology.js","function":"processWaitQueue","line":1066,"method":null,"native":false},{"column":7,"file":"C:\\Users\\Arpan suji\\FundooNotes\\Fundoonotes\\node_modules\\mongodb\\lib\\core\\sdam\\topology.js","function":"NativeTopology.serverUpdateHandler","line":571,"method":"serverUpdateHandler","native":false},{"column":28,"file":"node:events","function":"Server.emit","line":527,"method":"emit","native":false}]}
info: Server started at http://localhost:3000/api/v1/ {"timestamp":"2022-06-24T10:14:50.181Z"}
error: uncaughtException: collection name must be a String
MongoError: collection name must be a String
    at checkCollectionName (C:\Users\Arpan suji\FundooNotes\Fundoonotes\node_modules\mongodb\lib\utils.js:80:11)
    at new Collection (C:\Users\Arpan suji\FundooNotes\Fundoonotes\node_modules\mongodb\lib\collection.js:101:3)
    at Db.<anonymous> (C:\Users\Arpan suji\FundooNotes\Fundoonotes\node_modules\mongodb\lib\db.js:457:28)
    at Db.deprecated (C:\Users\Arpan suji\FundooNotes\Fundoonotes\node_modules\mongodb\lib\utils.js:591:17)
    at NativeCollection.onOpen (C:\Users\Arpan suji\FundooNotes\Fundoonotes\node_modules\mongoose\lib\drivers\node-mongodb-native\collection.js:55:34)
    at NativeConnection.Connection.onOpen (C:\Users\Arpan suji\FundooNotes\Fundoonotes\node_modules\mongoose\lib\connection.js:642:27)
    at _setClient (C:\Users\Arpan suji\FundooNotes\Fundoonotes\node_modules\mongoose\lib\connection.js:999:8)
    at C:\Users\Arpan suji\FundooNotes\Fundoonotes\node_modules\mongoose\lib\connection.js:841:7
    at C:\Users\Arpan suji\FundooNotes\Fundoonotes\node_modules\mongodb\lib\utils.js:704:5
    at C:\Users\Arpan suji\FundooNotes\Fundoonotes\node_modules\mongodb\lib\mongo_client.js:286:7
    at connectCallback (C:\Users\Arpan suji\FundooNotes\Fundoonotes\node_modules\mongodb\lib\operations\connect.js:367:5)
    at C:\Users\Arpan suji\FundooNotes\Fundoonotes\node_modules\mongodb\lib\operations\connect.js:557:5
    at Object.connectHandler [as callback] (C:\Users\Arpan suji\FundooNotes\Fundoonotes\node_modules\mongodb\lib\core\sdam\topology.js:298:43)
    at processWaitQueue (C:\Users\Arpan suji\FundooNotes\Fundoonotes\node_modules\mongodb\lib\core\sdam\topology.js:1066:21)
    at NativeTopology.serverUpdateHandler (C:\Users\Arpan suji\FundooNotes\Fundoonotes\node_modules\mongodb\lib\core\sdam\topology.js:571:7)
    at Server.emit (node:events:527:28) {"date":"Fri Jun 24 2022 15:44:50 GMT+0530 (India Standard Time)","error":{"name":"MongoError"},"exception":true,"os":{"loadavg":[0,0,0],"uptime":401669},"process":{"argv":["node","C:\\Users\\Arpan suji\\FundooNotes\\Fundoonotes\\src\\index.js"],"cwd":"C:\\Users\\Arpan suji\\FundooNotes\\Fundoonotes","execPath":"C:\\Program Files\\nodejs\\node.exe","gid":null,"memoryUsage":{"arrayBuffers":19296933,"external":23567191,"heapTotal":80781312,"heapUsed":48547544,"rss":113840128},"pid":18372,"uid":null,"version":"v16.15.1"},"stack":"MongoError: collection name must be a String\n    at checkCollectionName (C:\\Users\\Arpan suji\\FundooNotes\\Fundoonotes\\node_modules\\mongodb\\lib\\utils.js:80:11)\n    at new Collection (C:\\Users\\Arpan suji\\FundooNotes\\Fundoonotes\\node_modules\\mongodb\\lib\\collection.js:101:3)\n    at Db.<anonymous> (C:\\Users\\Arpan suji\\FundooNotes\\Fundoonotes\\node_modules\\mongodb\\lib\\db.js:457:28)\n    at Db.deprecated (C:\\Users\\Arpan suji\\FundooNotes\\Fundoonotes\\node_modules\\mongodb\\lib\\utils.js:591:17)\n    at NativeCollection.onOpen (C:\\Users\\Arpan suji\\FundooNotes\\Fundoonotes\\node_modules\\mongoose\\lib\\drivers\\node-mongodb-native\\collection.js:55:34)\n    at NativeConnection.Connection.onOpen (C:\\Users\\Arpan suji\\FundooNotes\\Fundoonotes\\node_modules\\mongoose\\lib\\connection.js:642:27)\n    at _setClient (C:\\Users\\Arpan suji\\FundooNotes\\Fundoonotes\\node_modules\\mongoose\\lib\\connection.js:999:8)\n    at C:\\Users\\Arpan suji\\FundooNotes\\Fundoonotes\\node_modules\\mongoose\\lib\\connection.js:841:7\n    at C:\\Users\\Arpan suji\\FundooNotes\\Fundoonotes\\node_modules\\mongodb\\lib\\utils.js:704:5\n    at C:\\Users\\Arpan suji\\FundooNotes\\Fundoonotes\\node_modules\\mongodb\\lib\\mongo_client.js:286:7\n    at connectCallback (C:\\Users\\Arpan suji\\FundooNotes\\Fundoonotes\\node_modules\\mongodb\\lib\\operations\\connect.js:367:5)\n    at C:\\Users\\Arpan suji\\FundooNotes\\Fundoonotes\\node_modules\\mongodb\\lib\\operations\\connect.js:557:5\n    at Object.connectHandler [as callback] (C:\\Users\\Arpan suji\\FundooNotes\\Fundoonotes\\node_modules\\mongodb\\lib\\core\\sdam\\topology.js:298:43)\n    at processWaitQueue (C:\\Users\\Arpan suji\\FundooNotes\\Fundoonotes\\node_modules\\mongodb\\lib\\core\\sdam\\topology.js:1066:21)\n    at NativeTopology.serverUpdateHandler (C:\\Users\\Arpan suji\\FundooNotes\\Fundoonotes\\node_modules\\mongodb\\lib\\core\\sdam\\topology.js:571:7)\n    at Server.emit (node:events:527:28)","timestamp":"2022-06-24T10:14:50.229Z","trace":[{"column":11,"file":"C:\\Users\\Arpan suji\\FundooNotes\\Fundoonotes\\node_modules\\mongodb\\lib\\utils.js","function":"checkCollectionName","line":80,"method":null,"native":false},{"column":3,"file":"C:\\Users\\Arpan suji\\FundooNotes\\Fundoonotes\\node_modules\\mongodb\\lib\\collection.js","function":"new Collection","line":101,"method":null,"native":false},{"column":28,"file":"C:\\Users\\Arpan suji\\FundooNotes\\Fundoonotes\\node_modules\\mongodb\\lib\\db.js","function":null,"line":457,"method":null,"native":false},{"column":17,"file":"C:\\Users\\Arpan suji\\FundooNotes\\Fundoonotes\\node_modules\\mongodb\\lib\\utils.js","function":"Db.deprecated","line":591,"method":"deprecated","native":false},{"column":34,"file":"C:\\Users\\Arpan suji\\FundooNotes\\Fundoonotes\\node_modules\\mongoose\\lib\\drivers\\node-mongodb-native\\collection.js","function":"NativeCollection.onOpen","line":55,"method":"onOpen","native":false},{"column":27,"file":"C:\\Users\\Arpan suji\\FundooNotes\\Fundoonotes\\node_modules\\mongoose\\lib\\connection.js","function":"NativeConnection.Connection.onOpen","line":642,"method":"onOpen","native":false},{"column":8,"file":"C:\\Users\\Arpan suji\\FundooNotes\\Fundoonotes\\node_modules\\mongoose\\lib\\connection.js","function":"_setClient","line":999,"method":null,"native":false},{"column":7,"file":"C:\\Users\\Arpan suji\\FundooNotes\\Fundoonotes\\node_modules\\mongoose\\lib\\connection.js","function":null,"line":841,"method":null,"native":false},{"column":5,"file":"C:\\Users\\Arpan suji\\FundooNotes\\Fundoonotes\\node_modules\\mongodb\\lib\\utils.js","function":null,"line":704,"method":null,"native":false},{"column":7,"file":"C:\\Users\\Arpan suji\\FundooNotes\\Fundoonotes\\node_modules\\mongodb\\lib\\mongo_client.js","function":null,"line":286,"method":null,"native":false},{"column":5,"file":"C:\\Users\\Arpan suji\\FundooNotes\\Fundoonotes\\node_modules\\mongodb\\lib\\operations\\connect.js","function":"connectCallback","line":367,"method":null,"native":false},{"column":5,"file":"C:\\Users\\Arpan suji\\FundooNotes\\Fundoonotes\\node_modules\\mongodb\\lib\\operations\\connect.js","function":null,"line":557,"method":null,"native":false},{"column":43,"file":"C:\\Users\\Arpan suji\\FundooNotes\\Fundoonotes\\node_modules\\mongodb\\lib\\core\\sdam\\topology.js","function":"Object.connectHandler [as callback]","line":298,"method":"connectHandler [as callback]","native":false},{"column":21,"file":"C:\\Users\\Arpan suji\\FundooNotes\\Fundoonotes\\node_modules\\mongodb\\lib\\core\\sdam\\topology.js","function":"processWaitQueue","line":1066,"method":null,"native":false},{"column":7,"file":"C:\\Users\\Arpan suji\\FundooNotes\\Fundoonotes\\node_modules\\mongodb\\lib\\core\\sdam\\topology.js","function":"NativeTopology.serverUpdateHandler","line":571,"method":"serverUpdateHandler","native":false},{"column":28,"file":"node:events","function":"Server.emit","line":527,"method":"emit","native":false}]}
info: Server started at http://localhost:3000/api/v1/ {"timestamp":"2022-06-24T10:15:25.253Z"}
error: uncaughtException: collection name must be a String
MongoError: collection name must be a String
    at checkCollectionName (C:\Users\Arpan suji\FundooNotes\Fundoonotes\node_modules\mongodb\lib\utils.js:80:11)
    at new Collection (C:\Users\Arpan suji\FundooNotes\Fundoonotes\node_modules\mongodb\lib\collection.js:101:3)
    at Db.<anonymous> (C:\Users\Arpan suji\FundooNotes\Fundoonotes\node_modules\mongodb\lib\db.js:457:28)
    at Db.deprecated (C:\Users\Arpan suji\FundooNotes\Fundoonotes\node_modules\mongodb\lib\utils.js:591:17)
    at NativeCollection.onOpen (C:\Users\Arpan suji\FundooNotes\Fundoonotes\node_modules\mongoose\lib\drivers\node-mongodb-native\collection.js:55:34)
    at NativeConnection.Connection.onOpen (C:\Users\Arpan suji\FundooNotes\Fundoonotes\node_modules\mongoose\lib\connection.js:642:27)
    at _setClient (C:\Users\Arpan suji\FundooNotes\Fundoonotes\node_modules\mongoose\lib\connection.js:999:8)
    at C:\Users\Arpan suji\FundooNotes\Fundoonotes\node_modules\mongoose\lib\connection.js:841:7
    at C:\Users\Arpan suji\FundooNotes\Fundoonotes\node_modules\mongodb\lib\utils.js:704:5
    at C:\Users\Arpan suji\FundooNotes\Fundoonotes\node_modules\mongodb\lib\mongo_client.js:286:7
    at connectCallback (C:\Users\Arpan suji\FundooNotes\Fundoonotes\node_modules\mongodb\lib\operations\connect.js:367:5)
    at C:\Users\Arpan suji\FundooNotes\Fundoonotes\node_modules\mongodb\lib\operations\connect.js:557:5
    at Object.connectHandler [as callback] (C:\Users\Arpan suji\FundooNotes\Fundoonotes\node_modules\mongodb\lib\core\sdam\topology.js:298:43)
    at processWaitQueue (C:\Users\Arpan suji\FundooNotes\Fundoonotes\node_modules\mongodb\lib\core\sdam\topology.js:1066:21)
    at NativeTopology.serverUpdateHandler (C:\Users\Arpan suji\FundooNotes\Fundoonotes\node_modules\mongodb\lib\core\sdam\topology.js:571:7)
    at Server.emit (node:events:527:28) {"date":"Fri Jun 24 2022 15:45:25 GMT+0530 (India Standard Time)","error":{"name":"MongoError"},"exception":true,"os":{"loadavg":[0,0,0],"uptime":401704},"process":{"argv":["node","C:\\Users\\Arpan suji\\FundooNotes\\Fundoonotes\\src\\index.js"],"cwd":"C:\\Users\\Arpan suji\\FundooNotes\\Fundoonotes","execPath":"C:\\Program Files\\nodejs\\node.exe","gid":null,"memoryUsage":{"arrayBuffers":19187148,"external":28468519,"heapTotal":77119488,"heapUsed":48041648,"rss":110616576},"pid":17376,"uid":null,"version":"v16.15.1"},"stack":"MongoError: collection name must be a String\n    at checkCollectionName (C:\\Users\\Arpan suji\\FundooNotes\\Fundoonotes\\node_modules\\mongodb\\lib\\utils.js:80:11)\n    at new Collection (C:\\Users\\Arpan suji\\FundooNotes\\Fundoonotes\\node_modules\\mongodb\\lib\\collection.js:101:3)\n    at Db.<anonymous> (C:\\Users\\Arpan suji\\FundooNotes\\Fundoonotes\\node_modules\\mongodb\\lib\\db.js:457:28)\n    at Db.deprecated (C:\\Users\\Arpan suji\\FundooNotes\\Fundoonotes\\node_modules\\mongodb\\lib\\utils.js:591:17)\n    at NativeCollection.onOpen (C:\\Users\\Arpan suji\\FundooNotes\\Fundoonotes\\node_modules\\mongoose\\lib\\drivers\\node-mongodb-native\\collection.js:55:34)\n    at NativeConnection.Connection.onOpen (C:\\Users\\Arpan suji\\FundooNotes\\Fundoonotes\\node_modules\\mongoose\\lib\\connection.js:642:27)\n    at _setClient (C:\\Users\\Arpan suji\\FundooNotes\\Fundoonotes\\node_modules\\mongoose\\lib\\connection.js:999:8)\n    at C:\\Users\\Arpan suji\\FundooNotes\\Fundoonotes\\node_modules\\mongoose\\lib\\connection.js:841:7\n    at C:\\Users\\Arpan suji\\FundooNotes\\Fundoonotes\\node_modules\\mongodb\\lib\\utils.js:704:5\n    at C:\\Users\\Arpan suji\\FundooNotes\\Fundoonotes\\node_modules\\mongodb\\lib\\mongo_client.js:286:7\n    at connectCallback (C:\\Users\\Arpan suji\\FundooNotes\\Fundoonotes\\node_modules\\mongodb\\lib\\operations\\connect.js:367:5)\n    at C:\\Users\\Arpan suji\\FundooNotes\\Fundoonotes\\node_modules\\mongodb\\lib\\operations\\connect.js:557:5\n    at Object.connectHandler [as callback] (C:\\Users\\Arpan suji\\FundooNotes\\Fundoonotes\\node_modules\\mongodb\\lib\\core\\sdam\\topology.js:298:43)\n    at processWaitQueue (C:\\Users\\Arpan suji\\FundooNotes\\Fundoonotes\\node_modules\\mongodb\\lib\\core\\sdam\\topology.js:1066:21)\n    at NativeTopology.serverUpdateHandler (C:\\Users\\Arpan suji\\FundooNotes\\Fundoonotes\\node_modules\\mongodb\\lib\\core\\sdam\\topology.js:571:7)\n    at Server.emit (node:events:527:28)","timestamp":"2022-06-24T10:15:25.299Z","trace":[{"column":11,"file":"C:\\Users\\Arpan suji\\FundooNotes\\Fundoonotes\\node_modules\\mongodb\\lib\\utils.js","function":"checkCollectionName","line":80,"method":null,"native":false},{"column":3,"file":"C:\\Users\\Arpan suji\\FundooNotes\\Fundoonotes\\node_modules\\mongodb\\lib\\collection.js","function":"new Collection","line":101,"method":null,"native":false},{"column":28,"file":"C:\\Users\\Arpan suji\\FundooNotes\\Fundoonotes\\node_modules\\mongodb\\lib\\db.js","function":null,"line":457,"method":null,"native":false},{"column":17,"file":"C:\\Users\\Arpan suji\\FundooNotes\\Fundoonotes\\node_modules\\mongodb\\lib\\utils.js","function":"Db.deprecated","line":591,"method":"deprecated","native":false},{"column":34,"file":"C:\\Users\\Arpan suji\\FundooNotes\\Fundoonotes\\node_modules\\mongoose\\lib\\drivers\\node-mongodb-native\\collection.js","function":"NativeCollection.onOpen","line":55,"method":"onOpen","native":false},{"column":27,"file":"C:\\Users\\Arpan suji\\FundooNotes\\Fundoonotes\\node_modules\\mongoose\\lib\\connection.js","function":"NativeConnection.Connection.onOpen","line":642,"method":"onOpen","native":false},{"column":8,"file":"C:\\Users\\Arpan suji\\FundooNotes\\Fundoonotes\\node_modules\\mongoose\\lib\\connection.js","function":"_setClient","line":999,"method":null,"native":false},{"column":7,"file":"C:\\Users\\Arpan suji\\FundooNotes\\Fundoonotes\\node_modules\\mongoose\\lib\\connection.js","function":null,"line":841,"method":null,"native":false},{"column":5,"file":"C:\\Users\\Arpan suji\\FundooNotes\\Fundoonotes\\node_modules\\mongodb\\lib\\utils.js","function":null,"line":704,"method":null,"native":false},{"column":7,"file":"C:\\Users\\Arpan suji\\FundooNotes\\Fundoonotes\\node_modules\\mongodb\\lib\\mongo_client.js","function":null,"line":286,"method":null,"native":false},{"column":5,"file":"C:\\Users\\Arpan suji\\FundooNotes\\Fundoonotes\\node_modules\\mongodb\\lib\\operations\\connect.js","function":"connectCallback","line":367,"method":null,"native":false},{"column":5,"file":"C:\\Users\\Arpan suji\\FundooNotes\\Fundoonotes\\node_modules\\mongodb\\lib\\operations\\connect.js","function":null,"line":557,"method":null,"native":false},{"column":43,"file":"C:\\Users\\Arpan suji\\FundooNotes\\Fundoonotes\\node_modules\\mongodb\\lib\\core\\sdam\\topology.js","function":"Object.connectHandler [as callback]","line":298,"method":"connectHandler [as callback]","native":false},{"column":21,"file":"C:\\Users\\Arpan suji\\FundooNotes\\Fundoonotes\\node_modules\\mongodb\\lib\\core\\sdam\\topology.js","function":"processWaitQueue","line":1066,"method":null,"native":false},{"column":7,"file":"C:\\Users\\Arpan suji\\FundooNotes\\Fundoonotes\\node_modules\\mongodb\\lib\\core\\sdam\\topology.js","function":"NativeTopology.serverUpdateHandler","line":571,"method":"serverUpdateHandler","native":false},{"column":28,"file":"node:events","function":"Server.emit","line":527,"method":"emit","native":false}]}
info: Server started at http://localhost:3000/api/v1/ {"timestamp":"2022-06-24T10:16:27.883Z"}
info: Connected to the database. {"timestamp":"2022-06-24T10:16:27.910Z"}
error: 
    status - 500 
    message - CastError: Cast to ObjectId failed for value "{ email: 'arpan@gmail.com', password: 'abcd' }" (type Object) at path "_id" for model "User"
    at model.Query.exec (C:\Users\Arpan suji\FundooNotes\Fundoonotes\node_modules\mongoose\lib\query.js:4498:21)
    at model.Query.Query.then (C:\Users\Arpan suji\FundooNotes\Fundoonotes\node_modules\mongoose\lib\query.js:4592:15)
    at processTicksAndRejections (node:internal/process/task_queues:96:5) 
    url - /api/v1/users/login 
    method - POST 
    IP - ::1
   {"timestamp":"2022-06-24T10:18:34.997Z"}
error: 
      status - 11000
      message - E11000 duplicate key error collection: FundooNotesTestDB_Arpan.users index: email_1 dup key: { email: "arpan@gmail.com" } 
      url - /api/v1/users/ 
      method - POST 
      IP - ::1
     {"timestamp":"2022-06-24T10:19:28.394Z"}
error: 
    status - 500 
    message - RangeError: Invalid status code: 11000
    at new NodeError (node:internal/errors:372:5)
    at ServerResponse.writeHead (node:_http_server:275:11)
    at ServerResponse.writeHead (C:\Users\Arpan suji\FundooNotes\Fundoonotes\node_modules\on-headers\index.js:44:26)
    at ServerResponse._implicitHeader (node:_http_server:266:8)
    at write_ (node:_http_outgoing:766:9)
    at ServerResponse.end (node:_http_outgoing:855:5)
    at ServerResponse.send (C:\Users\Arpan suji\FundooNotes\Fundoonotes\node_modules\express\lib\response.js:232:10)
    at ServerResponse.json (C:\Users\Arpan suji\FundooNotes\Fundoonotes\node_modules\express\lib\response.js:278:15)
    at appErrorHandler (C:\Users\Arpan suji\FundooNotes\Fundoonotes\src\middlewares\/error.middleware.js:36:26)
    at Layer.handle_error (C:\Users\Arpan suji\FundooNotes\Fundoonotes\node_modules\express\lib\router\layer.js:71:5)
    at trim_prefix (C:\Users\Arpan suji\FundooNotes\Fundoonotes\node_modules\express\lib\router\index.js:326:13)
    at C:\Users\Arpan suji\FundooNotes\Fundoonotes\node_modules\express\lib\router\index.js:286:9
    at Function.process_params (C:\Users\Arpan suji\FundooNotes\Fundoonotes\node_modules\express\lib\router\index.js:346:12)
    at Immediate.next (C:\Users\Arpan suji\FundooNotes\Fundoonotes\node_modules\express\lib\router\index.js:280:10)
    at Immediate._onImmediate (C:\Users\Arpan suji\FundooNotes\Fundoonotes\node_modules\express\lib\router\index.js:646:15)
    at processImmediate (node:internal/timers:468:21) 
    url - /api/v1/users/ 
    method - POST 
    IP - ::1
   {"timestamp":"2022-06-24T10:19:28.415Z"}
info: Server started at http://localhost:3000/api/v1/ {"timestamp":"2022-06-24T10:45:31.743Z"}
info: Connected to the database. {"timestamp":"2022-06-24T10:45:31.763Z"}
info: Server started at http://localhost:3000/api/v1/ {"timestamp":"2022-06-24T10:46:11.387Z"}
info: Connected to the database. {"timestamp":"2022-06-24T10:46:11.414Z"}
info: Server started at http://localhost:3000/api/v1/ {"timestamp":"2022-06-24T10:46:20.978Z"}
info: Connected to the database. {"timestamp":"2022-06-24T10:46:21.000Z"}
info: Server started at http://localhost:3000/api/v1/ {"timestamp":"2022-06-24T11:37:01.933Z"}
info: Connected to the database. {"timestamp":"2022-06-24T11:37:01.960Z"}
error: 
    status - 500 
    message - SyntaxError: Unexpected token } in JSON at position 35
    at JSON.parse (<anonymous>)
    at parse (C:\Users\Arpan suji\FundooNotes\Fundoonotes\node_modules\body-parser\lib\types\json.js:89:19)
    at C:\Users\Arpan suji\FundooNotes\Fundoonotes\node_modules\body-parser\lib\read.js:128:18
    at AsyncResource.runInAsyncScope (node:async_hooks:202:9)
    at invokeCallback (C:\Users\Arpan suji\FundooNotes\Fundoonotes\node_modules\raw-body\index.js:231:16)
    at done (C:\Users\Arpan suji\FundooNotes\Fundoonotes\node_modules\raw-body\index.js:220:7)
    at IncomingMessage.onEnd (C:\Users\Arpan suji\FundooNotes\Fundoonotes\node_modules\raw-body\index.js:280:7)
    at IncomingMessage.emit (node:events:539:35)
    at IncomingMessage.emit (node:domain:475:12)
    at endReadableNT (node:internal/streams/readable:1345:12)
    at processTicksAndRejections (node:internal/process/task_queues:83:21) 
    url - /api/v1/users/login 
    method - POST 
    IP - ::1
   {"timestamp":"2022-06-24T11:37:37.853Z"}
info: Server started at http://localhost:3000/api/v1/ {"timestamp":"2022-06-25T16:38:56.663Z"}
info: Connected to the database. {"timestamp":"2022-06-25T16:38:56.716Z"}
error: 
    status - 500 
    message - ReferenceError: bcrypt is not defined
    at _callee2$ (C:\Users\Arpan suji\FundooNotes\Fundoonotes\src\services\/user.service.js:10:33)
    at tryCatch (C:\Users\Arpan suji\FundooNotes\Fundoonotes\node_modules\@babel\runtime\helpers\regeneratorRuntime.js:86:17)
    at Generator._invoke (C:\Users\Arpan suji\FundooNotes\Fundoonotes\node_modules\@babel\runtime\helpers\regeneratorRuntime.js:66:24)
    at Generator.next (C:\Users\Arpan suji\FundooNotes\Fundoonotes\node_modules\@babel\runtime\helpers\regeneratorRuntime.js:117:21)
    at asyncGeneratorStep (C:\Users\Arpan suji\FundooNotes\Fundoonotes\node_modules\@babel\runtime\helpers\asyncToGenerator.js:3:24)
    at _next (C:\Users\Arpan suji\FundooNotes\Fundoonotes\node_modules\@babel\runtime\helpers\asyncToGenerator.js:25:9)
    at C:\Users\Arpan suji\FundooNotes\Fundoonotes\node_modules\@babel\runtime\helpers\asyncToGenerator.js:32:7
    at new Promise (<anonymous>)
    at Object.<anonymous> (C:\Users\Arpan suji\FundooNotes\Fundoonotes\node_modules\@babel\runtime\helpers\asyncToGenerator.js:21:12)
    at Object.UserRegistration (C:\Users\Arpan suji\FundooNotes\Fundoonotes\src\services\/user.service.js:10:30)
    at _callee3$ (C:\Users\Arpan suji\FundooNotes\Fundoonotes\src\controllers\/user.controller.js:50:36)
    at tryCatch (C:\Users\Arpan suji\FundooNotes\Fundoonotes\node_modules\@babel\runtime\helpers\regeneratorRuntime.js:86:17)
    at Generator._invoke (C:\Users\Arpan suji\FundooNotes\Fundoonotes\node_modules\@babel\runtime\helpers\regeneratorRuntime.js:66:24)
    at Generator.next (C:\Users\Arpan suji\FundooNotes\Fundoonotes\node_modules\@babel\runtime\helpers\regeneratorRuntime.js:117:21)
    at asyncGeneratorStep (C:\Users\Arpan suji\FundooNotes\Fundoonotes\node_modules\@babel\runtime\helpers\asyncToGenerator.js:3:24)
    at _next (C:\Users\Arpan suji\FundooNotes\Fundoonotes\node_modules\@babel\runtime\helpers\asyncToGenerator.js:25:9) 
    url - /api/v1/users/signUp 
    method - POST 
    IP - ::1
   {"timestamp":"2022-06-25T16:42:11.764Z"}
info: Server started at http://localhost:3000/api/v1/ {"timestamp":"2022-06-25T16:54:55.287Z"}
info: Connected to the database. {"timestamp":"2022-06-25T16:54:55.310Z"}
info: Server started at http://localhost:3000/api/v1/ {"timestamp":"2022-06-25T17:51:03.411Z"}
info: Connected to the database. {"timestamp":"2022-06-25T17:51:03.447Z"}
error: 
    status - 500 
    message - ValidationError: "firstName" is required 
    url - /api/v1/users/signUp 
    method - POST 
    IP - ::1
   {"timestamp":"2022-06-25T17:51:37.636Z"}
error: 
    status - 500 
    message - ReferenceError: email is not defined
    at _callee5$ (C:\Users\Arpan suji\FundooNotes\Fundoonotes\src\services\/user.service.js:42:32)
    at tryCatch (C:\Users\Arpan suji\FundooNotes\Fundoonotes\node_modules\@babel\runtime\helpers\regeneratorRuntime.js:86:17)
    at Generator._invoke (C:\Users\Arpan suji\FundooNotes\Fundoonotes\node_modules\@babel\runtime\helpers\regeneratorRuntime.js:66:24)
    at Generator.next (C:\Users\Arpan suji\FundooNotes\Fundoonotes\node_modules\@babel\runtime\helpers\regeneratorRuntime.js:117:21)
    at asyncGeneratorStep (C:\Users\Arpan suji\FundooNotes\Fundoonotes\node_modules\@babel\runtime\helpers\asyncToGenerator.js:3:24)
    at _next (C:\Users\Arpan suji\FundooNotes\Fundoonotes\node_modules\@babel\runtime\helpers\asyncToGenerator.js:25:9)
    at C:\Users\Arpan suji\FundooNotes\Fundoonotes\node_modules\@babel\runtime\helpers\asyncToGenerator.js:32:7
    at new Promise (<anonymous>)
    at Object.<anonymous> (C:\Users\Arpan suji\FundooNotes\Fundoonotes\node_modules\@babel\runtime\helpers\asyncToGenerator.js:21:12)
    at Object.userLogin (C:\Users\Arpan suji\FundooNotes\Fundoonotes\src\services\/user.service.js:41:23)
    at _callee2$ (C:\Users\Arpan suji\FundooNotes\Fundoonotes\src\controllers\/user.controller.js:31:36)
    at tryCatch (C:\Users\Arpan suji\FundooNotes\Fundoonotes\node_modules\@babel\runtime\helpers\regeneratorRuntime.js:86:17)
    at Generator._invoke (C:\Users\Arpan suji\FundooNotes\Fundoonotes\node_modules\@babel\runtime\helpers\regeneratorRuntime.js:66:24)
    at Generator.next (C:\Users\Arpan suji\FundooNotes\Fundoonotes\node_modules\@babel\runtime\helpers\regeneratorRuntime.js:117:21)
    at asyncGeneratorStep (C:\Users\Arpan suji\FundooNotes\Fundoonotes\node_modules\@babel\runtime\helpers\asyncToGenerator.js:3:24)
    at _next (C:\Users\Arpan suji\FundooNotes\Fundoonotes\node_modules\@babel\runtime\helpers\asyncToGenerator.js:25:9) 
    url - /api/v1/users/login 
    method - POST 
    IP - ::1
   {"timestamp":"2022-06-25T17:51:51.335Z"}
error: 
    status - 500 
    message - ReferenceError: email is not defined
    at _callee5$ (C:\Users\Arpan suji\FundooNotes\Fundoonotes\src\services\/user.service.js:42:32)
    at tryCatch (C:\Users\Arpan suji\FundooNotes\Fundoonotes\node_modules\@babel\runtime\helpers\regeneratorRuntime.js:86:17)
    at Generator._invoke (C:\Users\Arpan suji\FundooNotes\Fundoonotes\node_modules\@babel\runtime\helpers\regeneratorRuntime.js:66:24)
    at Generator.next (C:\Users\Arpan suji\FundooNotes\Fundoonotes\node_modules\@babel\runtime\helpers\regeneratorRuntime.js:117:21)
    at asyncGeneratorStep (C:\Users\Arpan suji\FundooNotes\Fundoonotes\node_modules\@babel\runtime\helpers\asyncToGenerator.js:3:24)
    at _next (C:\Users\Arpan suji\FundooNotes\Fundoonotes\node_modules\@babel\runtime\helpers\asyncToGenerator.js:25:9)
    at C:\Users\Arpan suji\FundooNotes\Fundoonotes\node_modules\@babel\runtime\helpers\asyncToGenerator.js:32:7
    at new Promise (<anonymous>)
    at Object.<anonymous> (C:\Users\Arpan suji\FundooNotes\Fundoonotes\node_modules\@babel\runtime\helpers\asyncToGenerator.js:21:12)
    at Object.userLogin (C:\Users\Arpan suji\FundooNotes\Fundoonotes\src\services\/user.service.js:41:23)
    at _callee2$ (C:\Users\Arpan suji\FundooNotes\Fundoonotes\src\controllers\/user.controller.js:31:36)
    at tryCatch (C:\Users\Arpan suji\FundooNotes\Fundoonotes\node_modules\@babel\runtime\helpers\regeneratorRuntime.js:86:17)
    at Generator._invoke (C:\Users\Arpan suji\FundooNotes\Fundoonotes\node_modules\@babel\runtime\helpers\regeneratorRuntime.js:66:24)
    at Generator.next (C:\Users\Arpan suji\FundooNotes\Fundoonotes\node_modules\@babel\runtime\helpers\regeneratorRuntime.js:117:21)
    at asyncGeneratorStep (C:\Users\Arpan suji\FundooNotes\Fundoonotes\node_modules\@babel\runtime\helpers\asyncToGenerator.js:3:24)
    at _next (C:\Users\Arpan suji\FundooNotes\Fundoonotes\node_modules\@babel\runtime\helpers\asyncToGenerator.js:25:9) 
    url - /api/v1/users/login 
    method - POST 
    IP - ::1
   {"timestamp":"2022-06-25T17:52:09.554Z"}
info: Server started at http://localhost:3000/api/v1/ {"timestamp":"2022-06-25T17:53:18.465Z"}
info: Connected to the database. {"timestamp":"2022-06-25T17:53:18.488Z"}
error: 
    status - 500 
    message - ReferenceError: email is not defined
    at _callee5$ (C:\Users\Arpan suji\FundooNotes\Fundoonotes\src\services\/user.service.js:42:32)
    at tryCatch (C:\Users\Arpan suji\FundooNotes\Fundoonotes\node_modules\@babel\runtime\helpers\regeneratorRuntime.js:86:17)
    at Generator._invoke (C:\Users\Arpan suji\FundooNotes\Fundoonotes\node_modules\@babel\runtime\helpers\regeneratorRuntime.js:66:24)
    at Generator.next (C:\Users\Arpan suji\FundooNotes\Fundoonotes\node_modules\@babel\runtime\helpers\regeneratorRuntime.js:117:21)
    at asyncGeneratorStep (C:\Users\Arpan suji\FundooNotes\Fundoonotes\node_modules\@babel\runtime\helpers\asyncToGenerator.js:3:24)
    at _next (C:\Users\Arpan suji\FundooNotes\Fundoonotes\node_modules\@babel\runtime\helpers\asyncToGenerator.js:25:9)
    at C:\Users\Arpan suji\FundooNotes\Fundoonotes\node_modules\@babel\runtime\helpers\asyncToGenerator.js:32:7
    at new Promise (<anonymous>)
    at Object.<anonymous> (C:\Users\Arpan suji\FundooNotes\Fundoonotes\node_modules\@babel\runtime\helpers\asyncToGenerator.js:21:12)
    at Object.userLogin (C:\Users\Arpan suji\FundooNotes\Fundoonotes\src\services\/user.service.js:41:23)
    at _callee2$ (C:\Users\Arpan suji\FundooNotes\Fundoonotes\src\controllers\/user.controller.js:31:36)
    at tryCatch (C:\Users\Arpan suji\FundooNotes\Fundoonotes\node_modules\@babel\runtime\helpers\regeneratorRuntime.js:86:17)
    at Generator._invoke (C:\Users\Arpan suji\FundooNotes\Fundoonotes\node_modules\@babel\runtime\helpers\regeneratorRuntime.js:66:24)
    at Generator.next (C:\Users\Arpan suji\FundooNotes\Fundoonotes\node_modules\@babel\runtime\helpers\regeneratorRuntime.js:117:21)
    at asyncGeneratorStep (C:\Users\Arpan suji\FundooNotes\Fundoonotes\node_modules\@babel\runtime\helpers\asyncToGenerator.js:3:24)
    at _next (C:\Users\Arpan suji\FundooNotes\Fundoonotes\node_modules\@babel\runtime\helpers\asyncToGenerator.js:25:9) 
    url - /api/v1/users/login 
    method - POST 
    IP - ::1
   {"timestamp":"2022-06-25T17:53:22.638Z"}
info: Server started at http://localhost:3000/api/v1/ {"timestamp":"2022-06-25T18:00:02.992Z"}
info: Connected to the database. {"timestamp":"2022-06-25T18:00:03.013Z"}
error: uncaughtException: Cannot read properties of null (reading 'email')
TypeError: Cannot read properties of null (reading 'email')
    at C:\Users\Arpan suji\FundooNotes\Fundoonotes\src\services\/user.service.js:42:45
    at C:\Users\Arpan suji\FundooNotes\Fundoonotes\node_modules\mongoose\lib\model.js:5074:18
    at processTicksAndRejections (node:internal/process/task_queues:78:11) {"date":"Sat Jun 25 2022 23:30:08 GMT+0530 (India Standard Time)","error":{},"exception":true,"os":{"loadavg":[0,0,0],"uptime":515994},"process":{"argv":["node","C:\\Users\\Arpan suji\\FundooNotes\\Fundoonotes\\src\\index.js"],"cwd":"C:\\Users\\Arpan suji\\FundooNotes\\Fundoonotes","execPath":"C:\\Program Files\\nodejs\\node.exe","gid":null,"memoryUsage":{"arrayBuffers":18602597,"external":24403312,"heapTotal":81129472,"heapUsed":49015944,"rss":115003392},"pid":19156,"uid":null,"version":"v16.15.1"},"stack":"TypeError: Cannot read properties of null (reading 'email')\n    at C:\\Users\\Arpan suji\\FundooNotes\\Fundoonotes\\src\\services\\/user.service.js:42:45\n    at C:\\Users\\Arpan suji\\FundooNotes\\Fundoonotes\\node_modules\\mongoose\\lib\\model.js:5074:18\n    at processTicksAndRejections (node:internal/process/task_queues:78:11)","timestamp":"2022-06-25T18:00:09.005Z","trace":[{"column":45,"file":"C:\\Users\\Arpan suji\\FundooNotes\\Fundoonotes\\src\\services\\/user.service.js","function":null,"line":42,"method":null,"native":false},{"column":18,"file":"C:\\Users\\Arpan suji\\FundooNotes\\Fundoonotes\\node_modules\\mongoose\\lib\\model.js","function":null,"line":5074,"method":null,"native":false},{"column":11,"file":"node:internal/process/task_queues","function":"processTicksAndRejections","line":78,"method":null,"native":false}]}
info: Server started at http://localhost:3000/api/v1/ {"timestamp":"2022-06-25T18:10:54.321Z"}
info: Connected to the database. {"timestamp":"2022-06-25T18:10:54.346Z"}
error: uncaughtException: Cannot read properties of null (reading 'email')
TypeError: Cannot read properties of null (reading 'email')
    at C:\Users\Arpan suji\FundooNotes\Fundoonotes\src\services\/user.service.js:42:45
    at C:\Users\Arpan suji\FundooNotes\Fundoonotes\node_modules\mongoose\lib\model.js:5074:18
    at processTicksAndRejections (node:internal/process/task_queues:78:11) {"date":"Sat Jun 25 2022 23:41:07 GMT+0530 (India Standard Time)","error":{},"exception":true,"os":{"loadavg":[0,0,0],"uptime":516652},"process":{"argv":["node","C:\\Users\\Arpan suji\\FundooNotes\\Fundoonotes\\src\\index.js"],"cwd":"C:\\Users\\Arpan suji\\FundooNotes\\Fundoonotes","execPath":"C:\\Program Files\\nodejs\\node.exe","gid":null,"memoryUsage":{"arrayBuffers":18702135,"external":22725955,"heapTotal":81391616,"heapUsed":48570912,"rss":114266112},"pid":11356,"uid":null,"version":"v16.15.1"},"stack":"TypeError: Cannot read properties of null (reading 'email')\n    at C:\\Users\\Arpan suji\\FundooNotes\\Fundoonotes\\src\\services\\/user.service.js:42:45\n    at C:\\Users\\Arpan suji\\FundooNotes\\Fundoonotes\\node_modules\\mongoose\\lib\\model.js:5074:18\n    at processTicksAndRejections (node:internal/process/task_queues:78:11)","timestamp":"2022-06-25T18:11:07.048Z","trace":[{"column":45,"file":"C:\\Users\\Arpan suji\\FundooNotes\\Fundoonotes\\src\\services\\/user.service.js","function":null,"line":42,"method":null,"native":false},{"column":18,"file":"C:\\Users\\Arpan suji\\FundooNotes\\Fundoonotes\\node_modules\\mongoose\\lib\\model.js","function":null,"line":5074,"method":null,"native":false},{"column":11,"file":"node:internal/process/task_queues","function":"processTicksAndRejections","line":78,"method":null,"native":false}]}
info: Server started at http://localhost:3000/api/v1/ {"timestamp":"2022-06-25T18:13:31.309Z"}
info: Connected to the database. {"timestamp":"2022-06-25T18:13:31.338Z"}
error: 
    status - 500 
    message - ReferenceError: email is not defined
    at _callee5$ (C:\Users\Arpan suji\FundooNotes\Fundoonotes\src\services\/user.service.js:42:35)
    at tryCatch (C:\Users\Arpan suji\FundooNotes\Fundoonotes\node_modules\@babel\runtime\helpers\regeneratorRuntime.js:86:17)
    at Generator._invoke (C:\Users\Arpan suji\FundooNotes\Fundoonotes\node_modules\@babel\runtime\helpers\regeneratorRuntime.js:66:24)
    at Generator.next (C:\Users\Arpan suji\FundooNotes\Fundoonotes\node_modules\@babel\runtime\helpers\regeneratorRuntime.js:117:21)
    at asyncGeneratorStep (C:\Users\Arpan suji\FundooNotes\Fundoonotes\node_modules\@babel\runtime\helpers\asyncToGenerator.js:3:24)
    at _next (C:\Users\Arpan suji\FundooNotes\Fundoonotes\node_modules\@babel\runtime\helpers\asyncToGenerator.js:25:9)
    at C:\Users\Arpan suji\FundooNotes\Fundoonotes\node_modules\@babel\runtime\helpers\asyncToGenerator.js:32:7
    at new Promise (<anonymous>)
    at Object.<anonymous> (C:\Users\Arpan suji\FundooNotes\Fundoonotes\node_modules\@babel\runtime\helpers\asyncToGenerator.js:21:12)
    at Object.userLogin (C:\Users\Arpan suji\FundooNotes\Fundoonotes\src\services\/user.service.js:41:23)
    at _callee2$ (C:\Users\Arpan suji\FundooNotes\Fundoonotes\src\controllers\/user.controller.js:31:36)
    at tryCatch (C:\Users\Arpan suji\FundooNotes\Fundoonotes\node_modules\@babel\runtime\helpers\regeneratorRuntime.js:86:17)
    at Generator._invoke (C:\Users\Arpan suji\FundooNotes\Fundoonotes\node_modules\@babel\runtime\helpers\regeneratorRuntime.js:66:24)
    at Generator.next (C:\Users\Arpan suji\FundooNotes\Fundoonotes\node_modules\@babel\runtime\helpers\regeneratorRuntime.js:117:21)
    at asyncGeneratorStep (C:\Users\Arpan suji\FundooNotes\Fundoonotes\node_modules\@babel\runtime\helpers\asyncToGenerator.js:3:24)
    at _next (C:\Users\Arpan suji\FundooNotes\Fundoonotes\node_modules\@babel\runtime\helpers\asyncToGenerator.js:25:9) 
    url - /api/v1/users/login 
    method - POST 
    IP - ::1
   {"timestamp":"2022-06-25T18:13:35.264Z"}
info: Server started at http://localhost:3000/api/v1/ {"timestamp":"2022-06-25T18:16:13.420Z"}
info: Connected to the database. {"timestamp":"2022-06-25T18:16:13.450Z"}
error: uncaughtException: data and hash arguments required
Error: data and hash arguments required
    at Object.compare (C:\Users\Arpan suji\FundooNotes\Fundoonotes\node_modules\bcrypt\bcrypt.js:208:17)
    at C:\Users\Arpan suji\FundooNotes\Fundoonotes\node_modules\bcrypt\promises.js:29:12
    at new Promise (<anonymous>)
    at Object.module.exports.promise (C:\Users\Arpan suji\FundooNotes\Fundoonotes\node_modules\bcrypt\promises.js:20:12)
    at Object.compare (C:\Users\Arpan suji\FundooNotes\Fundoonotes\node_modules\bcrypt\bcrypt.js:204:25)
    at _callee5$ (C:\Users\Arpan suji\FundooNotes\Fundoonotes\src\services\/user.service.js:43:36)
    at tryCatch (C:\Users\Arpan suji\FundooNotes\Fundoonotes\node_modules\@babel\runtime\helpers\regeneratorRuntime.js:86:17)
    at Generator._invoke (C:\Users\Arpan suji\FundooNotes\Fundoonotes\node_modules\@babel\runtime\helpers\regeneratorRuntime.js:66:24)
    at Generator.next (C:\Users\Arpan suji\FundooNotes\Fundoonotes\node_modules\@babel\runtime\helpers\regeneratorRuntime.js:117:21)
    at asyncGeneratorStep (C:\Users\Arpan suji\FundooNotes\Fundoonotes\node_modules\@babel\runtime\helpers\asyncToGenerator.js:3:24)
    at _next (C:\Users\Arpan suji\FundooNotes\Fundoonotes\node_modules\@babel\runtime\helpers\asyncToGenerator.js:25:9)
    at C:\Users\Arpan suji\FundooNotes\Fundoonotes\node_modules\@babel\runtime\helpers\asyncToGenerator.js:32:7
    at new Promise (<anonymous>)
    at Object.<anonymous> (C:\Users\Arpan suji\FundooNotes\Fundoonotes\node_modules\@babel\runtime\helpers\asyncToGenerator.js:21:12)
    at Object.userLogin (C:\Users\Arpan suji\FundooNotes\Fundoonotes\src\services\/user.service.js:40:23)
    at _callee2$ (C:\Users\Arpan suji\FundooNotes\Fundoonotes\src\controllers\/user.controller.js:31:36) {"date":"Sat Jun 25 2022 23:46:20 GMT+0530 (India Standard Time)","error":{},"exception":true,"os":{"loadavg":[0,0,0],"uptime":516965},"process":{"argv":["node","C:\\Users\\Arpan suji\\FundooNotes\\Fundoonotes\\src\\index.js"],"cwd":"C:\\Users\\Arpan suji\\FundooNotes\\Fundoonotes","execPath":"C:\\Program Files\\nodejs\\node.exe","gid":null,"memoryUsage":{"arrayBuffers":18433310,"external":24213253,"heapTotal":80498688,"heapUsed":48871712,"rss":113692672},"pid":10260,"uid":null,"version":"v16.15.1"},"stack":"Error: data and hash arguments required\n    at Object.compare (C:\\Users\\Arpan suji\\FundooNotes\\Fundoonotes\\node_modules\\bcrypt\\bcrypt.js:208:17)\n    at C:\\Users\\Arpan suji\\FundooNotes\\Fundoonotes\\node_modules\\bcrypt\\promises.js:29:12\n    at new Promise (<anonymous>)\n    at Object.module.exports.promise (C:\\Users\\Arpan suji\\FundooNotes\\Fundoonotes\\node_modules\\bcrypt\\promises.js:20:12)\n    at Object.compare (C:\\Users\\Arpan suji\\FundooNotes\\Fundoonotes\\node_modules\\bcrypt\\bcrypt.js:204:25)\n    at _callee5$ (C:\\Users\\Arpan suji\\FundooNotes\\Fundoonotes\\src\\services\\/user.service.js:43:36)\n    at tryCatch (C:\\Users\\Arpan suji\\FundooNotes\\Fundoonotes\\node_modules\\@babel\\runtime\\helpers\\regeneratorRuntime.js:86:17)\n    at Generator._invoke (C:\\Users\\Arpan suji\\FundooNotes\\Fundoonotes\\node_modules\\@babel\\runtime\\helpers\\regeneratorRuntime.js:66:24)\n    at Generator.next (C:\\Users\\Arpan suji\\FundooNotes\\Fundoonotes\\node_modules\\@babel\\runtime\\helpers\\regeneratorRuntime.js:117:21)\n    at asyncGeneratorStep (C:\\Users\\Arpan suji\\FundooNotes\\Fundoonotes\\node_modules\\@babel\\runtime\\helpers\\asyncToGenerator.js:3:24)\n    at _next (C:\\Users\\Arpan suji\\FundooNotes\\Fundoonotes\\node_modules\\@babel\\runtime\\helpers\\asyncToGenerator.js:25:9)\n    at C:\\Users\\Arpan suji\\FundooNotes\\Fundoonotes\\node_modules\\@babel\\runtime\\helpers\\asyncToGenerator.js:32:7\n    at new Promise (<anonymous>)\n    at Object.<anonymous> (C:\\Users\\Arpan suji\\FundooNotes\\Fundoonotes\\node_modules\\@babel\\runtime\\helpers\\asyncToGenerator.js:21:12)\n    at Object.userLogin (C:\\Users\\Arpan suji\\FundooNotes\\Fundoonotes\\src\\services\\/user.service.js:40:23)\n    at _callee2$ (C:\\Users\\Arpan suji\\FundooNotes\\Fundoonotes\\src\\controllers\\/user.controller.js:31:36)","timestamp":"2022-06-25T18:16:20.627Z","trace":[{"column":17,"file":"C:\\Users\\Arpan suji\\FundooNotes\\Fundoonotes\\node_modules\\bcrypt\\bcrypt.js","function":"Object.compare","line":208,"method":"compare","native":false},{"column":12,"file":"C:\\Users\\Arpan suji\\FundooNotes\\Fundoonotes\\node_modules\\bcrypt\\promises.js","function":null,"line":29,"method":null,"native":false},{"column":null,"file":null,"function":"new Promise","line":null,"method":null,"native":false},{"column":12,"file":"C:\\Users\\Arpan suji\\FundooNotes\\Fundoonotes\\node_modules\\bcrypt\\promises.js","function":"Object.module.exports.promise","line":20,"method":"promise","native":false},{"column":25,"file":"C:\\Users\\Arpan suji\\FundooNotes\\Fundoonotes\\node_modules\\bcrypt\\bcrypt.js","function":"Object.compare","line":204,"method":"compare","native":false},{"column":36,"file":"C:\\Users\\Arpan suji\\FundooNotes\\Fundoonotes\\src\\services\\/user.service.js","function":"_callee5$","line":43,"method":null,"native":false},{"column":17,"file":"C:\\Users\\Arpan suji\\FundooNotes\\Fundoonotes\\node_modules\\@babel\\runtime\\helpers\\regeneratorRuntime.js","function":"tryCatch","line":86,"method":null,"native":false},{"column":24,"file":"C:\\Users\\Arpan suji\\FundooNotes\\Fundoonotes\\node_modules\\@babel\\runtime\\helpers\\regeneratorRuntime.js","function":"Generator._invoke","line":66,"method":"_invoke","native":false},{"column":21,"file":"C:\\Users\\Arpan suji\\FundooNotes\\Fundoonotes\\node_modules\\@babel\\runtime\\helpers\\regeneratorRuntime.js","function":"Generator.next","line":117,"method":"next","native":false},{"column":24,"file":"C:\\Users\\Arpan suji\\FundooNotes\\Fundoonotes\\node_modules\\@babel\\runtime\\helpers\\asyncToGenerator.js","function":"asyncGeneratorStep","line":3,"method":null,"native":false},{"column":9,"file":"C:\\Users\\Arpan suji\\FundooNotes\\Fundoonotes\\node_modules\\@babel\\runtime\\helpers\\asyncToGenerator.js","function":"_next","line":25,"method":null,"native":false},{"column":7,"file":"C:\\Users\\Arpan suji\\FundooNotes\\Fundoonotes\\node_modules\\@babel\\runtime\\helpers\\asyncToGenerator.js","function":null,"line":32,"method":null,"native":false},{"column":null,"file":null,"function":"new Promise","line":null,"method":null,"native":false},{"column":12,"file":"C:\\Users\\Arpan suji\\FundooNotes\\Fundoonotes\\node_modules\\@babel\\runtime\\helpers\\asyncToGenerator.js","function":null,"line":21,"method":null,"native":false},{"column":23,"file":"C:\\Users\\Arpan suji\\FundooNotes\\Fundoonotes\\src\\services\\/user.service.js","function":"Object.userLogin","line":40,"method":"userLogin","native":false},{"column":36,"file":"C:\\Users\\Arpan suji\\FundooNotes\\Fundoonotes\\src\\controllers\\/user.controller.js","function":"_callee2$","line":31,"method":null,"native":false}]}
error: 
    status - 500 
    message - ObjectParameterError: Parameter "filter" to findOne() must be an object, got avi@gmail.com
    at model.Query.Query.findOne (C:\Users\Arpan suji\FundooNotes\Fundoonotes\node_modules\mongoose\lib\query.js:2321:16)
    at Function.findOne (C:\Users\Arpan suji\FundooNotes\Fundoonotes\node_modules\mongoose\lib\model.js:2267:13)
    at _callee5$ (C:\Users\Arpan suji\FundooNotes\Fundoonotes\src\services\/user.service.js:41:21)
    at tryCatch (C:\Users\Arpan suji\FundooNotes\Fundoonotes\node_modules\@babel\runtime\helpers\regeneratorRuntime.js:86:17)
    at Generator._invoke (C:\Users\Arpan suji\FundooNotes\Fundoonotes\node_modules\@babel\runtime\helpers\regeneratorRuntime.js:66:24)
    at Generator.next (C:\Users\Arpan suji\FundooNotes\Fundoonotes\node_modules\@babel\runtime\helpers\regeneratorRuntime.js:117:21)
    at asyncGeneratorStep (C:\Users\Arpan suji\FundooNotes\Fundoonotes\node_modules\@babel\runtime\helpers\asyncToGenerator.js:3:24)
    at _next (C:\Users\Arpan suji\FundooNotes\Fundoonotes\node_modules\@babel\runtime\helpers\asyncToGenerator.js:25:9)
    at C:\Users\Arpan suji\FundooNotes\Fundoonotes\node_modules\@babel\runtime\helpers\asyncToGenerator.js:32:7
    at new Promise (<anonymous>)
    at Object.<anonymous> (C:\Users\Arpan suji\FundooNotes\Fundoonotes\node_modules\@babel\runtime\helpers\asyncToGenerator.js:21:12)
    at Object.userLogin (C:\Users\Arpan suji\FundooNotes\Fundoonotes\src\services\/user.service.js:40:23)
    at _callee2$ (C:\Users\Arpan suji\FundooNotes\Fundoonotes\src\controllers\/user.controller.js:31:36)
    at tryCatch (C:\Users\Arpan suji\FundooNotes\Fundoonotes\node_modules\@babel\runtime\helpers\regeneratorRuntime.js:86:17)
    at Generator._invoke (C:\Users\Arpan suji\FundooNotes\Fundoonotes\node_modules\@babel\runtime\helpers\regeneratorRuntime.js:66:24)
    at Generator.next (C:\Users\Arpan suji\FundooNotes\Fundoonotes\node_modules\@babel\runtime\helpers\regeneratorRuntime.js:117:21) 
    url - /api/v1/users/login 
    method - POST 
    IP - ::1
   {"timestamp":"2022-06-25T18:16:20.656Z"}
info: Server started at http://localhost:3000/api/v1/ {"timestamp":"2022-06-25T18:17:08.485Z"}
info: Connected to the database. {"timestamp":"2022-06-25T18:17:08.511Z"}
error: uncaughtException: data and hash arguments required
Error: data and hash arguments required
    at Object.compare (C:\Users\Arpan suji\FundooNotes\Fundoonotes\node_modules\bcrypt\bcrypt.js:208:17)
    at C:\Users\Arpan suji\FundooNotes\Fundoonotes\node_modules\bcrypt\promises.js:29:12
    at new Promise (<anonymous>)
    at Object.module.exports.promise (C:\Users\Arpan suji\FundooNotes\Fundoonotes\node_modules\bcrypt\promises.js:20:12)
    at Object.compare (C:\Users\Arpan suji\FundooNotes\Fundoonotes\node_modules\bcrypt\bcrypt.js:204:25)
    at _callee5$ (C:\Users\Arpan suji\FundooNotes\Fundoonotes\src\services\/user.service.js:43:36)
    at tryCatch (C:\Users\Arpan suji\FundooNotes\Fundoonotes\node_modules\@babel\runtime\helpers\regeneratorRuntime.js:86:17)
    at Generator._invoke (C:\Users\Arpan suji\FundooNotes\Fundoonotes\node_modules\@babel\runtime\helpers\regeneratorRuntime.js:66:24)
    at Generator.next (C:\Users\Arpan suji\FundooNotes\Fundoonotes\node_modules\@babel\runtime\helpers\regeneratorRuntime.js:117:21)
    at asyncGeneratorStep (C:\Users\Arpan suji\FundooNotes\Fundoonotes\node_modules\@babel\runtime\helpers\asyncToGenerator.js:3:24)
    at _next (C:\Users\Arpan suji\FundooNotes\Fundoonotes\node_modules\@babel\runtime\helpers\asyncToGenerator.js:25:9)
    at C:\Users\Arpan suji\FundooNotes\Fundoonotes\node_modules\@babel\runtime\helpers\asyncToGenerator.js:32:7
    at new Promise (<anonymous>)
    at Object.<anonymous> (C:\Users\Arpan suji\FundooNotes\Fundoonotes\node_modules\@babel\runtime\helpers\asyncToGenerator.js:21:12)
    at Object.userLogin (C:\Users\Arpan suji\FundooNotes\Fundoonotes\src\services\/user.service.js:40:23)
    at _callee2$ (C:\Users\Arpan suji\FundooNotes\Fundoonotes\src\controllers\/user.controller.js:31:36) {"date":"Sat Jun 25 2022 23:47:13 GMT+0530 (India Standard Time)","error":{},"exception":true,"os":{"loadavg":[0,0,0],"uptime":517018},"process":{"argv":["node","C:\\Users\\Arpan suji\\FundooNotes\\Fundoonotes\\src\\index.js"],"cwd":"C:\\Users\\Arpan suji\\FundooNotes\\Fundoonotes","execPath":"C:\\Program Files\\nodejs\\node.exe","gid":null,"memoryUsage":{"arrayBuffers":18689152,"external":24250242,"heapTotal":81014784,"heapUsed":49512768,"rss":114278400},"pid":11012,"uid":null,"version":"v16.15.1"},"stack":"Error: data and hash arguments required\n    at Object.compare (C:\\Users\\Arpan suji\\FundooNotes\\Fundoonotes\\node_modules\\bcrypt\\bcrypt.js:208:17)\n    at C:\\Users\\Arpan suji\\FundooNotes\\Fundoonotes\\node_modules\\bcrypt\\promises.js:29:12\n    at new Promise (<anonymous>)\n    at Object.module.exports.promise (C:\\Users\\Arpan suji\\FundooNotes\\Fundoonotes\\node_modules\\bcrypt\\promises.js:20:12)\n    at Object.compare (C:\\Users\\Arpan suji\\FundooNotes\\Fundoonotes\\node_modules\\bcrypt\\bcrypt.js:204:25)\n    at _callee5$ (C:\\Users\\Arpan suji\\FundooNotes\\Fundoonotes\\src\\services\\/user.service.js:43:36)\n    at tryCatch (C:\\Users\\Arpan suji\\FundooNotes\\Fundoonotes\\node_modules\\@babel\\runtime\\helpers\\regeneratorRuntime.js:86:17)\n    at Generator._invoke (C:\\Users\\Arpan suji\\FundooNotes\\Fundoonotes\\node_modules\\@babel\\runtime\\helpers\\regeneratorRuntime.js:66:24)\n    at Generator.next (C:\\Users\\Arpan suji\\FundooNotes\\Fundoonotes\\node_modules\\@babel\\runtime\\helpers\\regeneratorRuntime.js:117:21)\n    at asyncGeneratorStep (C:\\Users\\Arpan suji\\FundooNotes\\Fundoonotes\\node_modules\\@babel\\runtime\\helpers\\asyncToGenerator.js:3:24)\n    at _next (C:\\Users\\Arpan suji\\FundooNotes\\Fundoonotes\\node_modules\\@babel\\runtime\\helpers\\asyncToGenerator.js:25:9)\n    at C:\\Users\\Arpan suji\\FundooNotes\\Fundoonotes\\node_modules\\@babel\\runtime\\helpers\\asyncToGenerator.js:32:7\n    at new Promise (<anonymous>)\n    at Object.<anonymous> (C:\\Users\\Arpan suji\\FundooNotes\\Fundoonotes\\node_modules\\@babel\\runtime\\helpers\\asyncToGenerator.js:21:12)\n    at Object.userLogin (C:\\Users\\Arpan suji\\FundooNotes\\Fundoonotes\\src\\services\\/user.service.js:40:23)\n    at _callee2$ (C:\\Users\\Arpan suji\\FundooNotes\\Fundoonotes\\src\\controllers\\/user.controller.js:31:36)","timestamp":"2022-06-25T18:17:13.337Z","trace":[{"column":17,"file":"C:\\Users\\Arpan suji\\FundooNotes\\Fundoonotes\\node_modules\\bcrypt\\bcrypt.js","function":"Object.compare","line":208,"method":"compare","native":false},{"column":12,"file":"C:\\Users\\Arpan suji\\FundooNotes\\Fundoonotes\\node_modules\\bcrypt\\promises.js","function":null,"line":29,"method":null,"native":false},{"column":null,"file":null,"function":"new Promise","line":null,"method":null,"native":false},{"column":12,"file":"C:\\Users\\Arpan suji\\FundooNotes\\Fundoonotes\\node_modules\\bcrypt\\promises.js","function":"Object.module.exports.promise","line":20,"method":"promise","native":false},{"column":25,"file":"C:\\Users\\Arpan suji\\FundooNotes\\Fundoonotes\\node_modules\\bcrypt\\bcrypt.js","function":"Object.compare","line":204,"method":"compare","native":false},{"column":36,"file":"C:\\Users\\Arpan suji\\FundooNotes\\Fundoonotes\\src\\services\\/user.service.js","function":"_callee5$","line":43,"method":null,"native":false},{"column":17,"file":"C:\\Users\\Arpan suji\\FundooNotes\\Fundoonotes\\node_modules\\@babel\\runtime\\helpers\\regeneratorRuntime.js","function":"tryCatch","line":86,"method":null,"native":false},{"column":24,"file":"C:\\Users\\Arpan suji\\FundooNotes\\Fundoonotes\\node_modules\\@babel\\runtime\\helpers\\regeneratorRuntime.js","function":"Generator._invoke","line":66,"method":"_invoke","native":false},{"column":21,"file":"C:\\Users\\Arpan suji\\FundooNotes\\Fundoonotes\\node_modules\\@babel\\runtime\\helpers\\regeneratorRuntime.js","function":"Generator.next","line":117,"method":"next","native":false},{"column":24,"file":"C:\\Users\\Arpan suji\\FundooNotes\\Fundoonotes\\node_modules\\@babel\\runtime\\helpers\\asyncToGenerator.js","function":"asyncGeneratorStep","line":3,"method":null,"native":false},{"column":9,"file":"C:\\Users\\Arpan suji\\FundooNotes\\Fundoonotes\\node_modules\\@babel\\runtime\\helpers\\asyncToGenerator.js","function":"_next","line":25,"method":null,"native":false},{"column":7,"file":"C:\\Users\\Arpan suji\\FundooNotes\\Fundoonotes\\node_modules\\@babel\\runtime\\helpers\\asyncToGenerator.js","function":null,"line":32,"method":null,"native":false},{"column":null,"file":null,"function":"new Promise","line":null,"method":null,"native":false},{"column":12,"file":"C:\\Users\\Arpan suji\\FundooNotes\\Fundoonotes\\node_modules\\@babel\\runtime\\helpers\\asyncToGenerator.js","function":null,"line":21,"method":null,"native":false},{"column":23,"file":"C:\\Users\\Arpan suji\\FundooNotes\\Fundoonotes\\src\\services\\/user.service.js","function":"Object.userLogin","line":40,"method":"userLogin","native":false},{"column":36,"file":"C:\\Users\\Arpan suji\\FundooNotes\\Fundoonotes\\src\\controllers\\/user.controller.js","function":"_callee2$","line":31,"method":null,"native":false}]}
info: Server started at http://localhost:3000/api/v1/ {"timestamp":"2022-06-25T18:18:34.653Z"}
info: Connected to the database. {"timestamp":"2022-06-25T18:18:34.680Z"}
error: uncaughtException: data and hash arguments required
Error: data and hash arguments required
    at Object.compare (C:\Users\Arpan suji\FundooNotes\Fundoonotes\node_modules\bcrypt\bcrypt.js:208:17)
    at C:\Users\Arpan suji\FundooNotes\Fundoonotes\node_modules\bcrypt\promises.js:29:12
    at new Promise (<anonymous>)
    at Object.module.exports.promise (C:\Users\Arpan suji\FundooNotes\Fundoonotes\node_modules\bcrypt\promises.js:20:12)
    at Object.compare (C:\Users\Arpan suji\FundooNotes\Fundoonotes\node_modules\bcrypt\bcrypt.js:204:25)
    at _callee5$ (C:\Users\Arpan suji\FundooNotes\Fundoonotes\src\services\/user.service.js:43:36)
    at tryCatch (C:\Users\Arpan suji\FundooNotes\Fundoonotes\node_modules\@babel\runtime\helpers\regeneratorRuntime.js:86:17)
    at Generator._invoke (C:\Users\Arpan suji\FundooNotes\Fundoonotes\node_modules\@babel\runtime\helpers\regeneratorRuntime.js:66:24)
    at Generator.next (C:\Users\Arpan suji\FundooNotes\Fundoonotes\node_modules\@babel\runtime\helpers\regeneratorRuntime.js:117:21)
    at asyncGeneratorStep (C:\Users\Arpan suji\FundooNotes\Fundoonotes\node_modules\@babel\runtime\helpers\asyncToGenerator.js:3:24)
    at _next (C:\Users\Arpan suji\FundooNotes\Fundoonotes\node_modules\@babel\runtime\helpers\asyncToGenerator.js:25:9)
    at C:\Users\Arpan suji\FundooNotes\Fundoonotes\node_modules\@babel\runtime\helpers\asyncToGenerator.js:32:7
    at new Promise (<anonymous>)
    at Object.<anonymous> (C:\Users\Arpan suji\FundooNotes\Fundoonotes\node_modules\@babel\runtime\helpers\asyncToGenerator.js:21:12)
    at Object.userLogin (C:\Users\Arpan suji\FundooNotes\Fundoonotes\src\services\/user.service.js:40:23)
    at _callee2$ (C:\Users\Arpan suji\FundooNotes\Fundoonotes\src\controllers\/user.controller.js:31:36) {"date":"Sat Jun 25 2022 23:48:39 GMT+0530 (India Standard Time)","error":{},"exception":true,"os":{"loadavg":[0,0,0],"uptime":517104},"process":{"argv":["node","C:\\Users\\Arpan suji\\FundooNotes\\Fundoonotes\\src\\index.js"],"cwd":"C:\\Users\\Arpan suji\\FundooNotes\\Fundoonotes","execPath":"C:\\Program Files\\nodejs\\node.exe","gid":null,"memoryUsage":{"arrayBuffers":19246502,"external":28633821,"heapTotal":77352960,"heapUsed":55926848,"rss":111116288},"pid":19032,"uid":null,"version":"v16.15.1"},"stack":"Error: data and hash arguments required\n    at Object.compare (C:\\Users\\Arpan suji\\FundooNotes\\Fundoonotes\\node_modules\\bcrypt\\bcrypt.js:208:17)\n    at C:\\Users\\Arpan suji\\FundooNotes\\Fundoonotes\\node_modules\\bcrypt\\promises.js:29:12\n    at new Promise (<anonymous>)\n    at Object.module.exports.promise (C:\\Users\\Arpan suji\\FundooNotes\\Fundoonotes\\node_modules\\bcrypt\\promises.js:20:12)\n    at Object.compare (C:\\Users\\Arpan suji\\FundooNotes\\Fundoonotes\\node_modules\\bcrypt\\bcrypt.js:204:25)\n    at _callee5$ (C:\\Users\\Arpan suji\\FundooNotes\\Fundoonotes\\src\\services\\/user.service.js:43:36)\n    at tryCatch (C:\\Users\\Arpan suji\\FundooNotes\\Fundoonotes\\node_modules\\@babel\\runtime\\helpers\\regeneratorRuntime.js:86:17)\n    at Generator._invoke (C:\\Users\\Arpan suji\\FundooNotes\\Fundoonotes\\node_modules\\@babel\\runtime\\helpers\\regeneratorRuntime.js:66:24)\n    at Generator.next (C:\\Users\\Arpan suji\\FundooNotes\\Fundoonotes\\node_modules\\@babel\\runtime\\helpers\\regeneratorRuntime.js:117:21)\n    at asyncGeneratorStep (C:\\Users\\Arpan suji\\FundooNotes\\Fundoonotes\\node_modules\\@babel\\runtime\\helpers\\asyncToGenerator.js:3:24)\n    at _next (C:\\Users\\Arpan suji\\FundooNotes\\Fundoonotes\\node_modules\\@babel\\runtime\\helpers\\asyncToGenerator.js:25:9)\n    at C:\\Users\\Arpan suji\\FundooNotes\\Fundoonotes\\node_modules\\@babel\\runtime\\helpers\\asyncToGenerator.js:32:7\n    at new Promise (<anonymous>)\n    at Object.<anonymous> (C:\\Users\\Arpan suji\\FundooNotes\\Fundoonotes\\node_modules\\@babel\\runtime\\helpers\\asyncToGenerator.js:21:12)\n    at Object.userLogin (C:\\Users\\Arpan suji\\FundooNotes\\Fundoonotes\\src\\services\\/user.service.js:40:23)\n    at _callee2$ (C:\\Users\\Arpan suji\\FundooNotes\\Fundoonotes\\src\\controllers\\/user.controller.js:31:36)","timestamp":"2022-06-25T18:18:39.356Z","trace":[{"column":17,"file":"C:\\Users\\Arpan suji\\FundooNotes\\Fundoonotes\\node_modules\\bcrypt\\bcrypt.js","function":"Object.compare","line":208,"method":"compare","native":false},{"column":12,"file":"C:\\Users\\Arpan suji\\FundooNotes\\Fundoonotes\\node_modules\\bcrypt\\promises.js","function":null,"line":29,"method":null,"native":false},{"column":null,"file":null,"function":"new Promise","line":null,"method":null,"native":false},{"column":12,"file":"C:\\Users\\Arpan suji\\FundooNotes\\Fundoonotes\\node_modules\\bcrypt\\promises.js","function":"Object.module.exports.promise","line":20,"method":"promise","native":false},{"column":25,"file":"C:\\Users\\Arpan suji\\FundooNotes\\Fundoonotes\\node_modules\\bcrypt\\bcrypt.js","function":"Object.compare","line":204,"method":"compare","native":false},{"column":36,"file":"C:\\Users\\Arpan suji\\FundooNotes\\Fundoonotes\\src\\services\\/user.service.js","function":"_callee5$","line":43,"method":null,"native":false},{"column":17,"file":"C:\\Users\\Arpan suji\\FundooNotes\\Fundoonotes\\node_modules\\@babel\\runtime\\helpers\\regeneratorRuntime.js","function":"tryCatch","line":86,"method":null,"native":false},{"column":24,"file":"C:\\Users\\Arpan suji\\FundooNotes\\Fundoonotes\\node_modules\\@babel\\runtime\\helpers\\regeneratorRuntime.js","function":"Generator._invoke","line":66,"method":"_invoke","native":false},{"column":21,"file":"C:\\Users\\Arpan suji\\FundooNotes\\Fundoonotes\\node_modules\\@babel\\runtime\\helpers\\regeneratorRuntime.js","function":"Generator.next","line":117,"method":"next","native":false},{"column":24,"file":"C:\\Users\\Arpan suji\\FundooNotes\\Fundoonotes\\node_modules\\@babel\\runtime\\helpers\\asyncToGenerator.js","function":"asyncGeneratorStep","line":3,"method":null,"native":false},{"column":9,"file":"C:\\Users\\Arpan suji\\FundooNotes\\Fundoonotes\\node_modules\\@babel\\runtime\\helpers\\asyncToGenerator.js","function":"_next","line":25,"method":null,"native":false},{"column":7,"file":"C:\\Users\\Arpan suji\\FundooNotes\\Fundoonotes\\node_modules\\@babel\\runtime\\helpers\\asyncToGenerator.js","function":null,"line":32,"method":null,"native":false},{"column":null,"file":null,"function":"new Promise","line":null,"method":null,"native":false},{"column":12,"file":"C:\\Users\\Arpan suji\\FundooNotes\\Fundoonotes\\node_modules\\@babel\\runtime\\helpers\\asyncToGenerator.js","function":null,"line":21,"method":null,"native":false},{"column":23,"file":"C:\\Users\\Arpan suji\\FundooNotes\\Fundoonotes\\src\\services\\/user.service.js","function":"Object.userLogin","line":40,"method":"userLogin","native":false},{"column":36,"file":"C:\\Users\\Arpan suji\\FundooNotes\\Fundoonotes\\src\\controllers\\/user.controller.js","function":"_callee2$","line":31,"method":null,"native":false}]}
info: Server started at http://localhost:3000/api/v1/ {"timestamp":"2022-06-25T18:19:28.312Z"}
info: Connected to the database. {"timestamp":"2022-06-25T18:19:28.342Z"}
info: Server started at http://localhost:3000/api/v1/ {"timestamp":"2022-06-25T18:24:23.370Z"}
info: Connected to the database. {"timestamp":"2022-06-25T18:24:23.393Z"}
info: Server started at http://localhost:3000/api/v1/ {"timestamp":"2022-06-26T17:53:57.121Z"}
info: Connected to the database. {"timestamp":"2022-06-26T17:53:57.359Z"}
info: Server started at http://localhost:3000/api/v1/ {"timestamp":"2022-06-27T16:45:44.780Z"}
info: Connected to the database. {"timestamp":"2022-06-27T16:45:44.993Z"}
info: Server started at http://localhost:3000/api/v1/ {"timestamp":"2022-06-27T16:47:31.836Z"}
info: Connected to the database. {"timestamp":"2022-06-27T16:47:31.862Z"}
info: Server started at http://localhost:3000/api/v1/ {"timestamp":"2022-06-27T18:14:43.315Z"}
info: Connected to the database. {"timestamp":"2022-06-27T18:14:43.354Z"}
info: Server started at http://localhost:3000/api/v1/ {"timestamp":"2022-06-27T18:21:42.196Z"}
info: Connected to the database. {"timestamp":"2022-06-27T18:21:42.244Z"}
info: Server started at http://localhost:3000/api/v1/ {"timestamp":"2022-06-27T18:22:21.364Z"}
info: Connected to the database. {"timestamp":"2022-06-27T18:22:21.389Z"}
info: Server started at http://localhost:3000/api/v1/ {"timestamp":"2022-06-27T18:25:20.941Z"}
info: Connected to the database. {"timestamp":"2022-06-27T18:25:20.966Z"}
